<?xml version="1.0" encoding="UTF-8"?>
<coverage generated="1773708656022" clover="3.2.0">
  <project timestamp="1773708656022" name="All files">
    <metrics statements="211" coveredstatements="204" conditionals="145" coveredconditionals="136" methods="27" coveredmethods="27" elements="383" coveredelements="367" complexity="0" loc="211" ncloc="211" packages="3" files="8" classes="8"/>
    <package name="controllers">
      <metrics statements="30" coveredstatements="30" conditionals="22" coveredconditionals="22" methods="3" coveredmethods="3"/>
      <file name="bank.controller.js" path="D:\cours\hivers2026\projetIntegrateur\systeme-bancaire\projetfinal\backend\src\controllers\bank.controller.js">
        <metrics statements="30" coveredstatements="30" conditionals="22" coveredconditionals="22" methods="3" coveredmethods="3"/>
        <line num="14" count="1" type="stmt"/>
        <line num="48" count="5" type="stmt"/>
        <line num="50" count="5" type="stmt"/>
        <line num="51" count="5" type="cond" truecount="2" falsecount="0"/>
        <line num="52" count="1" type="stmt"/>
        <line num="55" count="4" type="cond" truecount="4" falsecount="0"/>
        <line num="56" count="1" type="stmt"/>
        <line num="60" count="3" type="stmt"/>
        <line num="63" count="2" type="stmt"/>
        <line num="66" count="1" type="stmt"/>
        <line num="121" count="7" type="stmt"/>
        <line num="123" count="7" type="stmt"/>
        <line num="124" count="7" type="stmt"/>
        <line num="125" count="7" type="cond" truecount="2" falsecount="0"/>
        <line num="128" count="7" type="cond" truecount="4" falsecount="0"/>
        <line num="129" count="2" type="stmt"/>
        <line num="132" count="5" type="cond" truecount="4" falsecount="0"/>
        <line num="133" count="1" type="stmt"/>
        <line num="137" count="4" type="stmt"/>
        <line num="145" count="3" type="stmt"/>
        <line num="149" count="1" type="stmt"/>
        <line num="154" count="5" type="stmt"/>
        <line num="155" count="5" type="stmt"/>
        <line num="157" count="5" type="cond" truecount="2" falsecount="0"/>
        <line num="158" count="1" type="stmt"/>
        <line num="161" count="4" type="cond" truecount="4" falsecount="0"/>
        <line num="162" count="1" type="stmt"/>
        <line num="165" count="3" type="stmt"/>
        <line num="166" count="2" type="stmt"/>
        <line num="168" count="1" type="stmt"/>
      </file>
    </package>
    <package name="models">
      <metrics statements="10" coveredstatements="10" conditionals="4" coveredconditionals="4" methods="7" coveredmethods="7"/>
      <file name="beneficiary.model.js" path="D:\cours\hivers2026\projetIntegrateur\systeme-bancaire\projetfinal\backend\src\models\beneficiary.model.js">
        <metrics statements="4" coveredstatements="4" conditionals="2" coveredconditionals="2" methods="3" coveredmethods="3"/>
        <line num="18" count="1" type="stmt"/>
        <line num="44" count="1" type="stmt"/>
        <line num="75" count="1" type="stmt"/>
        <line num="110" count="1" type="stmt"/>
      </file>
      <file name="transaction.model.js" path="D:\cours\hivers2026\projetIntegrateur\systeme-bancaire\projetfinal\backend\src\models\transaction.model.js">
        <metrics statements="6" coveredstatements="6" conditionals="2" coveredconditionals="2" methods="4" coveredmethods="4"/>
        <line num="18" count="1" type="stmt"/>
        <line num="45" count="3" type="stmt"/>
        <line num="72" count="3" type="stmt"/>
        <line num="112" count="3" type="stmt"/>
        <line num="121" count="2" type="stmt"/>
        <line num="125" count="3" type="stmt"/>
      </file>
    </package>
    <package name="services">
      <metrics statements="171" coveredstatements="164" conditionals="119" coveredconditionals="110" methods="17" coveredmethods="17"/>
      <file name="auth.service.js" path="D:\cours\hivers2026\projetIntegrateur\systeme-bancaire\projetfinal\backend\src\services\auth.service.js">
        <metrics statements="26" coveredstatements="26" conditionals="14" coveredconditionals="14" methods="3" coveredmethods="3"/>
        <line num="19" count="1" type="stmt"/>
        <line num="75" count="16" type="stmt"/>
        <line num="81" count="16" type="stmt"/>
        <line num="82" count="115" type="cond" truecount="2" falsecount="0"/>
        <line num="83" count="10" type="stmt"/>
        <line num="88" count="6" type="stmt"/>
        <line num="89" count="6" type="cond" truecount="2" falsecount="0"/>
        <line num="90" count="1" type="stmt"/>
        <line num="94" count="5" type="stmt"/>
        <line num="97" count="4" type="stmt"/>
        <line num="104" count="3" type="stmt"/>
        <line num="159" count="12" type="cond" truecount="4" falsecount="0"/>
        <line num="160" count="3" type="stmt"/>
        <line num="164" count="9" type="stmt"/>
        <line num="165" count="8" type="cond" truecount="2" falsecount="0"/>
        <line num="167" count="1" type="stmt"/>
        <line num="171" count="7" type="stmt"/>
        <line num="172" count="6" type="cond" truecount="2" falsecount="0"/>
        <line num="174" count="1" type="stmt"/>
        <line num="178" count="5" type="stmt"/>
        <line num="185" count="4" type="stmt"/>
        <line num="232" count="6" type="stmt"/>
        <line num="233" count="5" type="cond" truecount="2" falsecount="0"/>
        <line num="234" count="1" type="stmt"/>
        <line num="238" count="4" type="stmt"/>
        <line num="240" count="4" type="stmt"/>
      </file>
      <file name="bank.service.js" path="D:\cours\hivers2026\projetIntegrateur\systeme-bancaire\projetfinal\backend\src\services\bank.service.js">
        <metrics statements="14" coveredstatements="14" conditionals="4" coveredconditionals="4" methods="3" coveredmethods="3"/>
        <line num="16" count="1" type="stmt"/>
        <line num="56" count="6" type="stmt"/>
        <line num="59" count="5" type="stmt"/>
        <line num="61" count="4" type="stmt"/>
        <line num="144" count="12" type="stmt"/>
        <line num="145" count="11" type="cond" truecount="2" falsecount="0"/>
        <line num="146" count="2" type="stmt"/>
        <line num="147" count="2" type="stmt"/>
        <line num="148" count="2" type="stmt"/>
        <line num="153" count="9" type="stmt"/>
        <line num="156" count="9" type="stmt"/>
        <line num="163" count="8" type="stmt"/>
        <line num="166" count="7" type="stmt"/>
        <line num="179" count="3" type="stmt"/>
      </file>
      <file name="beneficiary.service.js" path="D:\cours\hivers2026\projetIntegrateur\systeme-bancaire\projetfinal\backend\src\services\beneficiary.service.js">
        <metrics statements="3" coveredstatements="3" conditionals="0" coveredconditionals="0" methods="1" coveredmethods="1"/>
        <line num="3" count="1" type="stmt"/>
        <line num="5" count="2" type="stmt"/>
        <line num="6" count="1" type="stmt"/>
      </file>
      <file name="client.service.js" path="D:\cours\hivers2026\projetIntegrateur\systeme-bancaire\projetfinal\backend\src\services\client.service.js">
        <metrics statements="48" coveredstatements="48" conditionals="39" coveredconditionals="38" methods="7" coveredmethods="7"/>
        <line num="26" count="13" type="stmt"/>
        <line num="27" count="13" type="stmt"/>
        <line num="36" count="1" type="stmt"/>
        <line num="110" count="10" type="cond" truecount="5" falsecount="0"/>
        <line num="111" count="3" type="stmt"/>
        <line num="115" count="7" type="stmt"/>
        <line num="116" count="7" type="cond" truecount="2" falsecount="0"/>
        <line num="117" count="1" type="stmt"/>
        <line num="122" count="6" type="cond" truecount="4" falsecount="0"/>
        <line num="127" count="6" type="stmt"/>
        <line num="130" count="6" type="stmt"/>
        <line num="145" count="6" type="stmt"/>
        <line num="146" count="6" type="stmt"/>
        <line num="149" count="6" type="stmt"/>
        <line num="150" count="5" type="stmt"/>
        <line num="153" count="5" type="stmt"/>
        <line num="159" count="5" type="stmt"/>
        <line num="160" count="13" type="stmt"/>
        <line num="169" count="4" type="stmt"/>
        <line num="171" count="4" type="stmt"/>
        <line num="178" count="2" type="stmt"/>
        <line num="179" count="2" type="stmt"/>
        <line num="180" count="2" type="stmt"/>
        <line num="208" count="3" type="cond" truecount="2" falsecount="0"/>
        <line num="209" count="3" type="cond" truecount="2" falsecount="0"/>
        <line num="210" count="3" type="stmt"/>
        <line num="211" count="3" type="stmt"/>
        <line num="237" count="2" type="stmt"/>
        <line num="238" count="2" type="cond" truecount="2" falsecount="0"/>
        <line num="239" count="1" type="stmt"/>
        <line num="283" count="4" type="stmt"/>
        <line num="284" count="4" type="cond" truecount="2" falsecount="0"/>
        <line num="287" count="3" type="cond" truecount="4" falsecount="0"/>
        <line num="288" count="1" type="stmt"/>
        <line num="289" count="1" type="cond" truecount="1" falsecount="1"/>
        <line num="293" count="2" type="stmt"/>
        <line num="296" count="2" type="stmt"/>
        <line num="297" count="2" type="stmt"/>
        <line num="325" count="2" type="stmt"/>
        <line num="326" count="2" type="cond" truecount="2" falsecount="0"/>
        <line num="328" count="1" type="stmt"/>
        <line num="329" count="1" type="stmt"/>
        <line num="357" count="3" type="stmt"/>
        <line num="358" count="3" type="cond" truecount="2" falsecount="0"/>
        <line num="359" count="2" type="stmt"/>
        <line num="360" count="2" type="stmt"/>
        <line num="361" count="2" type="stmt"/>
        <line num="363" count="1" type="stmt"/>
      </file>
      <file name="transfer.service.js" path="D:\cours\hivers2026\projetIntegrateur\systeme-bancaire\projetfinal\backend\src\services\transfer.service.js">
        <metrics statements="80" coveredstatements="73" conditionals="62" coveredconditionals="54" methods="3" coveredmethods="3"/>
        <line num="31" count="1" type="stmt"/>
        <line num="67" count="8" type="stmt"/>
        <line num="70" count="8" type="cond" truecount="4" falsecount="0"/>
        <line num="71" count="1" type="stmt"/>
        <line num="75" count="7" type="cond" truecount="4" falsecount="0"/>
        <line num="76" count="1" type="stmt"/>
        <line num="80" count="6" type="cond" truecount="2" falsecount="0"/>
        <line num="81" count="1" type="stmt"/>
        <line num="85" count="5" type="stmt"/>
        <line num="86" count="5" type="stmt"/>
        <line num="88" count="5" type="cond" truecount="2" falsecount="0"/>
        <line num="89" count="4" type="cond" truecount="2" falsecount="0"/>
        <line num="92" count="3" type="cond" truecount="2" falsecount="0"/>
        <line num="93" count="1" type="stmt"/>
        <line num="96" count="2" type="stmt"/>
        <line num="99" count="2" type="stmt"/>
        <line num="101" count="2" type="stmt"/>
        <line num="102" count="2" type="stmt"/>
        <line num="104" count="2" type="stmt"/>
        <line num="105" count="1" type="stmt"/>
        <line num="108" count="1" type="stmt"/>
        <line num="115" count="1" type="stmt"/>
        <line num="116" count="1" type="cond" truecount="1" falsecount="1"/>
        <line num="117" count="1" type="cond" truecount="1" falsecount="1"/>
        <line num="120" count="1" type="stmt"/>
        <line num="128" count="1" type="stmt"/>
        <line num="135" count="1" type="stmt"/>
        <line num="137" count="1" type="stmt"/>
        <line num="153" count="1" type="stmt"/>
        <line num="155" count="1" type="stmt"/>
        <line num="174" count="9" type="stmt"/>
        <line num="176" count="9" type="cond" truecount="2" falsecount="0"/>
        <line num="178" count="8" type="cond" truecount="4" falsecount="0"/>
        <line num="179" count="1" type="stmt"/>
        <line num="182" count="7" type="cond" truecount="4" falsecount="0"/>
        <line num="183" count="1" type="stmt"/>
        <line num="186" count="6" type="stmt"/>
        <line num="187" count="6" type="cond" truecount="2" falsecount="0"/>
        <line num="189" count="5" type="stmt"/>
        <line num="190" count="5" type="cond" truecount="2" falsecount="0"/>
        <line num="192" count="4" type="cond" truecount="2" falsecount="0"/>
        <line num="193" count="1" type="stmt"/>
        <line num="196" count="3" type="cond" truecount="2" falsecount="0"/>
        <line num="197" count="1" type="stmt"/>
        <line num="200" count="2" type="stmt"/>
        <line num="202" count="2" type="stmt"/>
        <line num="204" count="2" type="stmt"/>
        <line num="206" count="2" type="stmt"/>
        <line num="207" count="2" type="stmt"/>
        <line num="209" count="2" type="stmt"/>
        <line num="210" count="0" type="stmt"/>
        <line num="212" count="0" type="stmt"/>
        <line num="218" count="0" type="cond" truecount="0" falsecount="2"/>
        <line num="220" count="0" type="stmt"/>
        <line num="227" count="0" type="stmt"/>
        <line num="234" count="0" type="stmt"/>
        <line num="236" count="0" type="stmt"/>
        <line num="250" count="2" type="stmt"/>
        <line num="251" count="2" type="stmt"/>
        <line num="254" count="2" type="stmt"/>
        <line num="287" count="7" type="stmt"/>
        <line num="289" count="7" type="cond" truecount="4" falsecount="0"/>
        <line num="290" count="1" type="stmt"/>
        <line num="293" count="6" type="cond" truecount="4" falsecount="0"/>
        <line num="294" count="1" type="stmt"/>
        <line num="297" count="5" type="stmt"/>
        <line num="298" count="5" type="cond" truecount="2" falsecount="0"/>
        <line num="300" count="4" type="stmt"/>
        <line num="301" count="4" type="cond" truecount="2" falsecount="0"/>
        <line num="303" count="3" type="cond" truecount="2" falsecount="0"/>
        <line num="304" count="1" type="stmt"/>
        <line num="307" count="2" type="stmt"/>
        <line num="309" count="2" type="stmt"/>
        <line num="311" count="2" type="stmt"/>
        <line num="312" count="2" type="stmt"/>
        <line num="314" count="1" type="stmt"/>
        <line num="321" count="1" type="stmt"/>
        <line num="323" count="1" type="stmt"/>
        <line num="335" count="1" type="stmt"/>
        <line num="337" count="1" type="stmt"/>
      </file>
    </package>
  </project>
</coverage>
