{"D:\\cours\\hivers2026\\projetIntegrateur\\systeme-bancaire\\projetfinal\\backend\\src\\controllers\\bank.controller.js": {"path":"D:\\cours\\hivers2026\\projetIntegrateur\\systeme-bancaire\\projetfinal\\backend\\src\\controllers\\bank.controller.js","statementMap":{"0":{"start":{"line":14,"column":30},"end":{"line":191,"column":1}},"1":{"start":{"line":48,"column":4},"end":{"line":67,"column":5}},"2":{"start":{"line":50,"column":23},"end":{"line":50,"column":50}},"3":{"start":{"line":51,"column":6},"end":{"line":53,"column":7}},"4":{"start":{"line":52,"column":8},"end":{"line":52,"column":67}},"5":{"start":{"line":55,"column":6},"end":{"line":57,"column":7}},"6":{"start":{"line":56,"column":6},"end":{"line":56,"column":58}},"7":{"start":{"line":60,"column":21},"end":{"line":60,"column":66}},"8":{"start":{"line":63,"column":6},"end":{"line":63,"column":23}},"9":{"start":{"line":66,"column":6},"end":{"line":66,"column":16}},"10":{"start":{"line":121,"column":4},"end":{"line":150,"column":5}},"11":{"start":{"line":123,"column":23},"end":{"line":123,"column":50}},"12":{"start":{"line":124,"column":24},"end":{"line":124,"column":52}},"13":{"start":{"line":125,"column":19},"end":{"line":125,"column":46}},"14":{"start":{"line":128,"column":6},"end":{"line":130,"column":7}},"15":{"start":{"line":129,"column":8},"end":{"line":129,"column":69}},"16":{"start":{"line":132,"column":6},"end":{"line":134,"column":7}},"17":{"start":{"line":133,"column":6},"end":{"line":133,"column":58}},"18":{"start":{"line":137,"column":21},"end":{"line":142,"column":8}},"19":{"start":{"line":145,"column":6},"end":{"line":145,"column":23}},"20":{"start":{"line":149,"column":6},"end":{"line":149,"column":16}},"21":{"start":{"line":154,"column":2},"end":{"line":169,"column":3}},"22":{"start":{"line":155,"column":21},"end":{"line":155,"column":48}},"23":{"start":{"line":157,"column":4},"end":{"line":159,"column":5}},"24":{"start":{"line":158,"column":6},"end":{"line":158,"column":65}},"25":{"start":{"line":161,"column":4},"end":{"line":163,"column":5}},"26":{"start":{"line":162,"column":6},"end":{"line":162,"column":58}},"27":{"start":{"line":165,"column":19},"end":{"line":165,"column":74}},"28":{"start":{"line":166,"column":4},"end":{"line":166,"column":31}},"29":{"start":{"line":168,"column":4},"end":{"line":168,"column":14}},"30":{"start":{"line":173,"column":2},"end":{"line":189,"column":3}},"31":{"start":{"line":174,"column":21},"end":{"line":174,"column":48}},"32":{"start":{"line":175,"column":22},"end":{"line":175,"column":50}},"33":{"start":{"line":177,"column":4},"end":{"line":179,"column":5}},"34":{"start":{"line":178,"column":6},"end":{"line":178,"column":67}},"35":{"start":{"line":181,"column":19},"end":{"line":184,"column":6}},"36":{"start":{"line":186,"column":4},"end":{"line":186,"column":33}},"37":{"start":{"line":188,"column":4},"end":{"line":188,"column":14}}},"fnMap":{"0":{"name":"(anonymous_0)","decl":{"start":{"line":47,"column":2},"end":{"line":47,"column":3}},"loc":{"start":{"line":47,"column":42},"end":{"line":68,"column":3}},"line":47},"1":{"name":"(anonymous_1)","decl":{"start":{"line":120,"column":2},"end":{"line":120,"column":3}},"loc":{"start":{"line":120,"column":41},"end":{"line":151,"column":3}},"line":120},"2":{"name":"(anonymous_2)","decl":{"start":{"line":153,"column":2},"end":{"line":153,"column":3}},"loc":{"start":{"line":153,"column":52},"end":{"line":170,"column":1}},"line":153},"3":{"name":"(anonymous_3)","decl":{"start":{"line":172,"column":0},"end":{"line":172,"column":1}},"loc":{"start":{"line":172,"column":41},"end":{"line":190,"column":1}},"line":172}},"branchMap":{"0":{"loc":{"start":{"line":51,"column":6},"end":{"line":53,"column":7}},"type":"if","locations":[{"start":{"line":51,"column":6},"end":{"line":53,"column":7}},{"start":{},"end":{}}],"line":51},"1":{"loc":{"start":{"line":55,"column":6},"end":{"line":57,"column":7}},"type":"if","locations":[{"start":{"line":55,"column":6},"end":{"line":57,"column":7}},{"start":{},"end":{}}],"line":55},"2":{"loc":{"start":{"line":55,"column":10},"end":{"line":55,"column":65}},"type":"binary-expr","locations":[{"start":{"line":55,"column":10},"end":{"line":55,"column":37}},{"start":{"line":55,"column":41},"end":{"line":55,"column":65}}],"line":55},"3":{"loc":{"start":{"line":125,"column":19},"end":{"line":125,"column":46}},"type":"binary-expr","locations":[{"start":{"line":125,"column":19},"end":{"line":125,"column":41}},{"start":{"line":125,"column":45},"end":{"line":125,"column":46}}],"line":125},"4":{"loc":{"start":{"line":128,"column":6},"end":{"line":130,"column":7}},"type":"if","locations":[{"start":{"line":128,"column":6},"end":{"line":130,"column":7}},{"start":{},"end":{}}],"line":128},"5":{"loc":{"start":{"line":128,"column":10},"end":{"line":128,"column":45}},"type":"binary-expr","locations":[{"start":{"line":128,"column":10},"end":{"line":128,"column":25}},{"start":{"line":128,"column":29},"end":{"line":128,"column":45}}],"line":128},"6":{"loc":{"start":{"line":132,"column":6},"end":{"line":134,"column":7}},"type":"if","locations":[{"start":{"line":132,"column":6},"end":{"line":134,"column":7}},{"start":{},"end":{}}],"line":132},"7":{"loc":{"start":{"line":132,"column":10},"end":{"line":132,"column":65}},"type":"binary-expr","locations":[{"start":{"line":132,"column":10},"end":{"line":132,"column":37}},{"start":{"line":132,"column":41},"end":{"line":132,"column":65}}],"line":132},"8":{"loc":{"start":{"line":157,"column":4},"end":{"line":159,"column":5}},"type":"if","locations":[{"start":{"line":157,"column":4},"end":{"line":159,"column":5}},{"start":{},"end":{}}],"line":157},"9":{"loc":{"start":{"line":161,"column":4},"end":{"line":163,"column":5}},"type":"if","locations":[{"start":{"line":161,"column":4},"end":{"line":163,"column":5}},{"start":{},"end":{}}],"line":161},"10":{"loc":{"start":{"line":161,"column":8},"end":{"line":161,"column":63}},"type":"binary-expr","locations":[{"start":{"line":161,"column":8},"end":{"line":161,"column":35}},{"start":{"line":161,"column":39},"end":{"line":161,"column":63}}],"line":161},"11":{"loc":{"start":{"line":177,"column":4},"end":{"line":179,"column":5}},"type":"if","locations":[{"start":{"line":177,"column":4},"end":{"line":179,"column":5}},{"start":{},"end":{}}],"line":177},"12":{"loc":{"start":{"line":177,"column":8},"end":{"line":177,"column":43}},"type":"binary-expr","locations":[{"start":{"line":177,"column":8},"end":{"line":177,"column":23}},{"start":{"line":177,"column":27},"end":{"line":177,"column":43}}],"line":177}},"s":{"0":1,"1":5,"2":5,"3":5,"4":1,"5":4,"6":1,"7":3,"8":2,"9":1,"10":5,"11":5,"12":5,"13":5,"14":5,"15":1,"16":4,"17":1,"18":3,"19":2,"20":1,"21":4,"22":4,"23":4,"24":1,"25":3,"26":1,"27":2,"28":1,"29":1,"30":3,"31":3,"32":3,"33":3,"34":1,"35":2,"36":1,"37":1},"f":{"0":5,"1":5,"2":4,"3":3},"b":{"0":[1,4],"1":[1,3],"2":[4,3],"3":[5,4],"4":[1,4],"5":[5,5],"6":[1,3],"7":[4,4],"8":[1,3],"9":[1,2],"10":[3,3],"11":[1,2],"12":[3,3]},"inputSourceMap":null,"_coverageSchema":"1a1c01bbd47fc00a2c39e90264f33305004495a9","hash":"326f4a24a689f72385a00e8be572c8a4a8beae55"}
,"D:\\cours\\hivers2026\\projetIntegrateur\\systeme-bancaire\\projetfinal\\backend\\src\\models\\bank.model.js": {"path":"D:\\cours\\hivers2026\\projetIntegrateur\\systeme-bancaire\\projetfinal\\backend\\src\\models\\bank.model.js","statementMap":{"0":{"start":{"line":14,"column":26},"end":{"line":224,"column":1}},"1":{"start":{"line":39,"column":4},"end":{"line":47,"column":6}},"2":{"start":{"line":72,"column":4},"end":{"line":88,"column":5}},"3":{"start":{"line":106,"column":4},"end":{"line":114,"column":6}},"4":{"start":{"line":142,"column":4},"end":{"line":159,"column":6}},"5":{"start":{"line":163,"column":2},"end":{"line":179,"column":4}},"6":{"start":{"line":183,"column":2},"end":{"line":192,"column":4}},"7":{"start":{"line":196,"column":4},"end":{"line":200,"column":6}},"8":{"start":{"line":204,"column":2},"end":{"line":222,"column":4}}},"fnMap":{"0":{"name":"(anonymous_0)","decl":{"start":{"line":38,"column":2},"end":{"line":38,"column":3}},"loc":{"start":{"line":38,"column":12},"end":{"line":48,"column":3}},"line":38},"1":{"name":"(anonymous_1)","decl":{"start":{"line":71,"column":2},"end":{"line":71,"column":3}},"loc":{"start":{"line":71,"column":27},"end":{"line":89,"column":3}},"line":71},"2":{"name":"(anonymous_2)","decl":{"start":{"line":105,"column":2},"end":{"line":105,"column":3}},"loc":{"start":{"line":105,"column":30},"end":{"line":115,"column":3}},"line":105},"3":{"name":"(anonymous_3)","decl":{"start":{"line":141,"column":2},"end":{"line":141,"column":3}},"loc":{"start":{"line":141,"column":43},"end":{"line":160,"column":3}},"line":141},"4":{"name":"(anonymous_4)","decl":{"start":{"line":162,"column":2},"end":{"line":162,"column":3}},"loc":{"start":{"line":162,"column":46},"end":{"line":180,"column":1}},"line":162},"5":{"name":"(anonymous_5)","decl":{"start":{"line":182,"column":0},"end":{"line":182,"column":1}},"loc":{"start":{"line":182,"column":34},"end":{"line":193,"column":1}},"line":182},"6":{"name":"(anonymous_6)","decl":{"start":{"line":195,"column":2},"end":{"line":195,"column":3}},"loc":{"start":{"line":195,"column":39},"end":{"line":201,"column":3}},"line":195},"7":{"name":"(anonymous_7)","decl":{"start":{"line":203,"column":2},"end":{"line":203,"column":3}},"loc":{"start":{"line":203,"column":35},"end":{"line":223,"column":1}},"line":203}},"branchMap":{"0":{"loc":{"start":{"line":45,"column":6},"end":{"line":45,"column":20}},"type":"binary-expr","locations":[{"start":{"line":45,"column":6},"end":{"line":45,"column":15}},{"start":{"line":45,"column":19},"end":{"line":45,"column":20}}],"line":45},"1":{"loc":{"start":{"line":46,"column":6},"end":{"line":46,"column":25}},"type":"binary-expr","locations":[{"start":{"line":46,"column":6},"end":{"line":46,"column":16}},{"start":{"line":46,"column":20},"end":{"line":46,"column":25}}],"line":46}},"s":{"0":1,"1":3,"2":3,"3":3,"4":3,"5":2,"6":3,"7":2,"8":3},"f":{"0":3,"1":3,"2":3,"3":3,"4":2,"5":3,"6":2,"7":3},"b":{"0":[3,2],"1":[3,2]},"inputSourceMap":null,"_coverageSchema":"1a1c01bbd47fc00a2c39e90264f33305004495a9","hash":"f96f1900599d2417453844f9b825f157e523f710"}
,"D:\\cours\\hivers2026\\projetIntegrateur\\systeme-bancaire\\projetfinal\\backend\\src\\models\\beneficiary.model.js": {"path":"D:\\cours\\hivers2026\\projetIntegrateur\\systeme-bancaire\\projetfinal\\backend\\src\\models\\beneficiary.model.js","statementMap":{"0":{"start":{"line":18,"column":30},"end":{"line":138,"column":1}},"1":{"start":{"line":44,"column":4},"end":{"line":50,"column":6}},"2":{"start":{"line":75,"column":4},"end":{"line":81,"column":6}},"3":{"start":{"line":93,"column":4},"end":{"line":99,"column":6}},"4":{"start":{"line":129,"column":4},"end":{"line":136,"column":6}}},"fnMap":{"0":{"name":"(anonymous_0)","decl":{"start":{"line":43,"column":2},"end":{"line":43,"column":3}},"loc":{"start":{"line":43,"column":23},"end":{"line":51,"column":3}},"line":43},"1":{"name":"(anonymous_1)","decl":{"start":{"line":74,"column":2},"end":{"line":74,"column":3}},"loc":{"start":{"line":74,"column":32},"end":{"line":82,"column":3}},"line":74},"2":{"name":"(anonymous_2)","decl":{"start":{"line":92,"column":2},"end":{"line":92,"column":3}},"loc":{"start":{"line":92,"column":54},"end":{"line":100,"column":3}},"line":92},"3":{"name":"(anonymous_3)","decl":{"start":{"line":128,"column":2},"end":{"line":128,"column":3}},"loc":{"start":{"line":128,"column":52},"end":{"line":137,"column":3}},"line":128}},"branchMap":{"0":{"loc":{"start":{"line":135,"column":6},"end":{"line":135,"column":22}},"type":"binary-expr","locations":[{"start":{"line":135,"column":6},"end":{"line":135,"column":14}},{"start":{"line":135,"column":18},"end":{"line":135,"column":22}}],"line":135}},"s":{"0":1,"1":3,"2":3,"3":3,"4":3},"f":{"0":3,"1":3,"2":3,"3":3},"b":{"0":[3,2]},"inputSourceMap":null,"_coverageSchema":"1a1c01bbd47fc00a2c39e90264f33305004495a9","hash":"0610f4b8c55b1f9877fa5604a29d8f12df7ef36b"}
,"D:\\cours\\hivers2026\\projetIntegrateur\\systeme-bancaire\\projetfinal\\backend\\src\\models\\check-deposit.model.js": {"path":"D:\\cours\\hivers2026\\projetIntegrateur\\systeme-bancaire\\projetfinal\\backend\\src\\models\\check-deposit.model.js","statementMap":{"0":{"start":{"line":7,"column":31},"end":{"line":79,"column":1}},"1":{"start":{"line":18,"column":4},"end":{"line":37,"column":6}},"2":{"start":{"line":41,"column":4},"end":{"line":56,"column":6}},"3":{"start":{"line":64,"column":4},"end":{"line":77,"column":6}}},"fnMap":{"0":{"name":"(anonymous_0)","decl":{"start":{"line":8,"column":2},"end":{"line":8,"column":3}},"loc":{"start":{"line":17,"column":5},"end":{"line":38,"column":3}},"line":17},"1":{"name":"(anonymous_1)","decl":{"start":{"line":40,"column":2},"end":{"line":40,"column":3}},"loc":{"start":{"line":40,"column":15},"end":{"line":57,"column":3}},"line":40},"2":{"name":"(anonymous_2)","decl":{"start":{"line":63,"column":2},"end":{"line":63,"column":3}},"loc":{"start":{"line":63,"column":23},"end":{"line":78,"column":3}},"line":63}},"branchMap":{"0":{"loc":{"start":{"line":16,"column":4},"end":{"line":16,"column":24}},"type":"default-arg","locations":[{"start":{"line":16,"column":13},"end":{"line":16,"column":24}}],"line":16}},"s":{"0":1,"1":3,"2":3,"3":3},"f":{"0":3,"1":3,"2":3},"b":{"0":[2]},"inputSourceMap":null,"_coverageSchema":"1a1c01bbd47fc00a2c39e90264f33305004495a9","hash":"520c00c8c8facf5bb0faf273e47b6ce6fb179ae8"}
,"D:\\cours\\hivers2026\\projetIntegrateur\\systeme-bancaire\\projetfinal\\backend\\src\\models\\transaction.model.js": {"path":"D:\\cours\\hivers2026\\projetIntegrateur\\systeme-bancaire\\projetfinal\\backend\\src\\models\\transaction.model.js","statementMap":{"0":{"start":{"line":18,"column":30},"end":{"line":149,"column":1}},"1":{"start":{"line":45,"column":4},"end":{"line":54,"column":6}},"2":{"start":{"line":72,"column":4},"end":{"line":77,"column":6}},"3":{"start":{"line":111,"column":16},"end":{"line":111,"column":26}},"4":{"start":{"line":113,"column":6},"end":{"line":114,"column":250}},"5":{"start":{"line":117,"column":14},"end":{"line":124,"column":5}},"6":{"start":{"line":127,"column":4},"end":{"line":127,"column":71}},"7":{"start":{"line":131,"column":2},"end":{"line":146,"column":4}}},"fnMap":{"0":{"name":"(anonymous_0)","decl":{"start":{"line":44,"column":2},"end":{"line":44,"column":3}},"loc":{"start":{"line":44,"column":53},"end":{"line":55,"column":3}},"line":44},"1":{"name":"(anonymous_1)","decl":{"start":{"line":71,"column":2},"end":{"line":71,"column":3}},"loc":{"start":{"line":71,"column":30},"end":{"line":78,"column":3}},"line":71},"2":{"name":"(anonymous_2)","decl":{"start":{"line":109,"column":2},"end":{"line":109,"column":3}},"loc":{"start":{"line":109,"column":68},"end":{"line":128,"column":3}},"line":109},"3":{"name":"(anonymous_3)","decl":{"start":{"line":130,"column":2},"end":{"line":130,"column":3}},"loc":{"start":{"line":130,"column":34},"end":{"line":147,"column":1}},"line":130}},"branchMap":{"0":{"loc":{"start":{"line":113,"column":6},"end":{"line":114,"column":250}},"type":"binary-expr","locations":[{"start":{"line":113,"column":6},"end":{"line":113,"column":15}},{"start":{"line":114,"column":6},"end":{"line":114,"column":250}}],"line":113},"1":{"loc":{"start":{"line":122,"column":6},"end":{"line":122,"column":25}},"type":"binary-expr","locations":[{"start":{"line":122,"column":6},"end":{"line":122,"column":17}},{"start":{"line":122,"column":21},"end":{"line":122,"column":25}}],"line":122}},"s":{"0":1,"1":3,"2":2,"3":5,"4":5,"5":5,"6":4,"7":2},"f":{"0":3,"1":2,"2":5,"3":2},"b":{"0":[5,4],"1":[5,3]},"inputSourceMap":null,"_coverageSchema":"1a1c01bbd47fc00a2c39e90264f33305004495a9","hash":"df72621e6617681cdcfd2db7dc010ee5b0ef319a"}
,"D:\\cours\\hivers2026\\projetIntegrateur\\systeme-bancaire\\projetfinal\\backend\\src\\models\\user.model.js": {"path":"D:\\cours\\hivers2026\\projetIntegrateur\\systeme-bancaire\\projetfinal\\backend\\src\\models\\user.model.js","statementMap":{"0":{"start":{"line":15,"column":23},"end":{"line":184,"column":1}},"1":{"start":{"line":54,"column":4},"end":{"line":57,"column":6}},"2":{"start":{"line":97,"column":4},"end":{"line":100,"column":6}},"3":{"start":{"line":165,"column":4},"end":{"line":181,"column":6}}},"fnMap":{"0":{"name":"(anonymous_0)","decl":{"start":{"line":53,"column":2},"end":{"line":53,"column":3}},"loc":{"start":{"line":53,"column":21},"end":{"line":58,"column":3}},"line":53},"1":{"name":"(anonymous_1)","decl":{"start":{"line":96,"column":2},"end":{"line":96,"column":3}},"loc":{"start":{"line":96,"column":15},"end":{"line":101,"column":3}},"line":96},"2":{"name":"(anonymous_2)","decl":{"start":{"line":164,"column":2},"end":{"line":164,"column":3}},"loc":{"start":{"line":164,"column":15},"end":{"line":182,"column":3}},"line":164}},"branchMap":{},"s":{"0":1,"1":3,"2":3,"3":2},"f":{"0":3,"1":3,"2":2},"b":{},"inputSourceMap":null,"_coverageSchema":"1a1c01bbd47fc00a2c39e90264f33305004495a9","hash":"38be76e1e28f6147f6c00ab4509522c01804599d"}
,"D:\\cours\\hivers2026\\projetIntegrateur\\systeme-bancaire\\projetfinal\\backend\\src\\services\\auth.service.js": {"path":"D:\\cours\\hivers2026\\projetIntegrateur\\systeme-bancaire\\projetfinal\\backend\\src\\services\\auth.service.js","statementMap":{"0":{"start":{"line":19,"column":27},"end":{"line":246,"column":1}},"1":{"start":{"line":75,"column":21},"end":{"line":78,"column":5}},"2":{"start":{"line":81,"column":4},"end":{"line":85,"column":5}},"3":{"start":{"line":82,"column":6},"end":{"line":84,"column":7}},"4":{"start":{"line":83,"column":8},"end":{"line":83,"column":73}},"5":{"start":{"line":88,"column":19},"end":{"line":88,"column":56}},"6":{"start":{"line":89,"column":4},"end":{"line":91,"column":5}},"7":{"start":{"line":90,"column":6},"end":{"line":90,"column":71}},"8":{"start":{"line":94,"column":27},"end":{"line":94,"column":63}},"9":{"start":{"line":97,"column":19},"end":{"line":101,"column":6}},"10":{"start":{"line":104,"column":4},"end":{"line":108,"column":6}},"11":{"start":{"line":159,"column":4},"end":{"line":161,"column":5}},"12":{"start":{"line":160,"column":6},"end":{"line":160,"column":78}},"13":{"start":{"line":164,"column":17},"end":{"line":164,"column":49}},"14":{"start":{"line":165,"column":4},"end":{"line":168,"column":5}},"15":{"start":{"line":167,"column":6},"end":{"line":167,"column":70}},"16":{"start":{"line":171,"column":18},"end":{"line":171,"column":63}},"17":{"start":{"line":172,"column":4},"end":{"line":175,"column":5}},"18":{"start":{"line":174,"column":6},"end":{"line":174,"column":70}},"19":{"start":{"line":178,"column":18},"end":{"line":182,"column":5}},"20":{"start":{"line":185,"column":4},"end":{"line":196,"column":6}},"21":{"start":{"line":232,"column":17},"end":{"line":232,"column":47}},"22":{"start":{"line":233,"column":4},"end":{"line":235,"column":5}},"23":{"start":{"line":234,"column":6},"end":{"line":234,"column":65}},"24":{"start":{"line":238,"column":34},"end":{"line":238,"column":38}},"25":{"start":{"line":240,"column":4},"end":{"line":244,"column":6}}},"fnMap":{"0":{"name":"(anonymous_0)","decl":{"start":{"line":73,"column":2},"end":{"line":73,"column":3}},"loc":{"start":{"line":73,"column":23},"end":{"line":109,"column":3}},"line":73},"1":{"name":"(anonymous_1)","decl":{"start":{"line":157,"column":2},"end":{"line":157,"column":3}},"loc":{"start":{"line":157,"column":35},"end":{"line":197,"column":3}},"line":157},"2":{"name":"(anonymous_2)","decl":{"start":{"line":230,"column":2},"end":{"line":230,"column":3}},"loc":{"start":{"line":230,"column":31},"end":{"line":245,"column":3}},"line":230}},"branchMap":{"0":{"loc":{"start":{"line":82,"column":6},"end":{"line":84,"column":7}},"type":"if","locations":[{"start":{"line":82,"column":6},"end":{"line":84,"column":7}},{"start":{},"end":{}}],"line":82},"1":{"loc":{"start":{"line":89,"column":4},"end":{"line":91,"column":5}},"type":"if","locations":[{"start":{"line":89,"column":4},"end":{"line":91,"column":5}},{"start":{},"end":{}}],"line":89},"2":{"loc":{"start":{"line":159,"column":4},"end":{"line":161,"column":5}},"type":"if","locations":[{"start":{"line":159,"column":4},"end":{"line":161,"column":5}},{"start":{},"end":{}}],"line":159},"3":{"loc":{"start":{"line":159,"column":8},"end":{"line":159,"column":27}},"type":"binary-expr","locations":[{"start":{"line":159,"column":8},"end":{"line":159,"column":14}},{"start":{"line":159,"column":18},"end":{"line":159,"column":27}}],"line":159},"4":{"loc":{"start":{"line":165,"column":4},"end":{"line":168,"column":5}},"type":"if","locations":[{"start":{"line":165,"column":4},"end":{"line":168,"column":5}},{"start":{},"end":{}}],"line":165},"5":{"loc":{"start":{"line":172,"column":4},"end":{"line":175,"column":5}},"type":"if","locations":[{"start":{"line":172,"column":4},"end":{"line":175,"column":5}},{"start":{},"end":{}}],"line":172},"6":{"loc":{"start":{"line":233,"column":4},"end":{"line":235,"column":5}},"type":"if","locations":[{"start":{"line":233,"column":4},"end":{"line":235,"column":5}},{"start":{},"end":{}}],"line":233}},"s":{"0":1,"1":14,"2":14,"3":95,"4":10,"5":4,"6":4,"7":1,"8":3,"9":2,"10":1,"11":7,"12":1,"13":6,"14":6,"15":2,"16":4,"17":3,"18":1,"19":2,"20":1,"21":4,"22":3,"23":1,"24":2,"25":2},"f":{"0":14,"1":7,"2":4},"b":{"0":[10,85],"1":[1,3],"2":[1,6],"3":[7,6],"4":[2,4],"5":[1,2],"6":[1,2]},"inputSourceMap":null,"_coverageSchema":"1a1c01bbd47fc00a2c39e90264f33305004495a9","hash":"d734cafa5ad250a38498bbafe097a2276a4210a5"}
,"D:\\cours\\hivers2026\\projetIntegrateur\\systeme-bancaire\\projetfinal\\backend\\src\\services\\bank.service.js": {"path":"D:\\cours\\hivers2026\\projetIntegrateur\\systeme-bancaire\\projetfinal\\backend\\src\\services\\bank.service.js","statementMap":{"0":{"start":{"line":17,"column":27},"end":{"line":236,"column":1}},"1":{"start":{"line":57,"column":21},"end":{"line":57,"column":62}},"2":{"start":{"line":60,"column":20},"end":{"line":60,"column":64}},"3":{"start":{"line":62,"column":4},"end":{"line":66,"column":6}},"4":{"start":{"line":145,"column":20},"end":{"line":145,"column":77}},"5":{"start":{"line":146,"column":4},"end":{"line":150,"column":5}},"6":{"start":{"line":147,"column":18},"end":{"line":147,"column":64}},"7":{"start":{"line":148,"column":6},"end":{"line":148,"column":23}},"8":{"start":{"line":149,"column":6},"end":{"line":149,"column":16}},"9":{"start":{"line":154,"column":19},"end":{"line":154,"column":40}},"10":{"start":{"line":157,"column":25},"end":{"line":161,"column":5}},"11":{"start":{"line":164,"column":21},"end":{"line":164,"column":69}},"12":{"start":{"line":167,"column":4},"end":{"line":176,"column":6}},"13":{"start":{"line":180,"column":2},"end":{"line":180,"column":56}},"14":{"start":{"line":185,"column":18},"end":{"line":185,"column":78}},"15":{"start":{"line":187,"column":2},"end":{"line":191,"column":3}},"16":{"start":{"line":188,"column":16},"end":{"line":188,"column":62}},"17":{"start":{"line":189,"column":4},"end":{"line":189,"column":21}},"18":{"start":{"line":190,"column":4},"end":{"line":190,"column":14}},"19":{"start":{"line":193,"column":2},"end":{"line":197,"column":3}},"20":{"start":{"line":194,"column":16},"end":{"line":194,"column":59}},"21":{"start":{"line":195,"column":4},"end":{"line":195,"column":21}},"22":{"start":{"line":196,"column":4},"end":{"line":196,"column":14}},"23":{"start":{"line":199,"column":18},"end":{"line":199,"column":46}},"24":{"start":{"line":201,"column":2},"end":{"line":207,"column":3}},"25":{"start":{"line":202,"column":16},"end":{"line":204,"column":5}},"26":{"start":{"line":205,"column":4},"end":{"line":205,"column":21}},"27":{"start":{"line":206,"column":4},"end":{"line":206,"column":14}},"28":{"start":{"line":210,"column":4},"end":{"line":210,"column":77}},"29":{"start":{"line":212,"column":2},"end":{"line":218,"column":3}},"30":{"start":{"line":213,"column":16},"end":{"line":215,"column":5}},"31":{"start":{"line":216,"column":4},"end":{"line":216,"column":21}},"32":{"start":{"line":217,"column":4},"end":{"line":217,"column":14}},"33":{"start":{"line":220,"column":17},"end":{"line":220,"column":67}},"34":{"start":{"line":222,"column":2},"end":{"line":226,"column":3}},"35":{"start":{"line":223,"column":16},"end":{"line":223,"column":52}},"36":{"start":{"line":224,"column":4},"end":{"line":224,"column":21}},"37":{"start":{"line":225,"column":4},"end":{"line":225,"column":14}},"38":{"start":{"line":228,"column":2},"end":{"line":234,"column":4}}},"fnMap":{"0":{"name":"(anonymous_0)","decl":{"start":{"line":55,"column":2},"end":{"line":55,"column":3}},"loc":{"start":{"line":55,"column":36},"end":{"line":67,"column":3}},"line":55},"1":{"name":"(anonymous_1)","decl":{"start":{"line":143,"column":2},"end":{"line":143,"column":3}},"loc":{"start":{"line":143,"column":75},"end":{"line":177,"column":3}},"line":143},"2":{"name":"(anonymous_2)","decl":{"start":{"line":179,"column":2},"end":{"line":179,"column":3}},"loc":{"start":{"line":179,"column":46},"end":{"line":181,"column":1}},"line":179},"3":{"name":"(anonymous_3)","decl":{"start":{"line":184,"column":0},"end":{"line":184,"column":1}},"loc":{"start":{"line":184,"column":50},"end":{"line":235,"column":1}},"line":184}},"branchMap":{"0":{"loc":{"start":{"line":143,"column":48},"end":{"line":143,"column":56}},"type":"default-arg","locations":[{"start":{"line":143,"column":55},"end":{"line":143,"column":56}}],"line":143},"1":{"loc":{"start":{"line":143,"column":58},"end":{"line":143,"column":71}},"type":"default-arg","locations":[{"start":{"line":143,"column":69},"end":{"line":143,"column":71}}],"line":143},"2":{"loc":{"start":{"line":146,"column":4},"end":{"line":150,"column":5}},"type":"if","locations":[{"start":{"line":146,"column":4},"end":{"line":150,"column":5}},{"start":{},"end":{}}],"line":146},"3":{"loc":{"start":{"line":187,"column":2},"end":{"line":191,"column":3}},"type":"if","locations":[{"start":{"line":187,"column":2},"end":{"line":191,"column":3}},{"start":{},"end":{}}],"line":187},"4":{"loc":{"start":{"line":193,"column":2},"end":{"line":197,"column":3}},"type":"if","locations":[{"start":{"line":193,"column":2},"end":{"line":197,"column":3}},{"start":{},"end":{}}],"line":193},"5":{"loc":{"start":{"line":199,"column":25},"end":{"line":199,"column":45}},"type":"binary-expr","locations":[{"start":{"line":199,"column":25},"end":{"line":199,"column":40}},{"start":{"line":199,"column":44},"end":{"line":199,"column":45}}],"line":199},"6":{"loc":{"start":{"line":201,"column":2},"end":{"line":207,"column":3}},"type":"if","locations":[{"start":{"line":201,"column":2},"end":{"line":207,"column":3}},{"start":{},"end":{}}],"line":201},"7":{"loc":{"start":{"line":212,"column":2},"end":{"line":218,"column":3}},"type":"if","locations":[{"start":{"line":212,"column":2},"end":{"line":218,"column":3}},{"start":{},"end":{}}],"line":212},"8":{"loc":{"start":{"line":212,"column":13},"end":{"line":212,"column":39}},"type":"binary-expr","locations":[{"start":{"line":212,"column":13},"end":{"line":212,"column":34}},{"start":{"line":212,"column":38},"end":{"line":212,"column":39}}],"line":212},"9":{"loc":{"start":{"line":222,"column":2},"end":{"line":226,"column":3}},"type":"if","locations":[{"start":{"line":222,"column":2},"end":{"line":226,"column":3}},{"start":{},"end":{}}],"line":222}},"s":{"0":1,"1":2,"2":1,"3":1,"4":2,"5":2,"6":1,"7":1,"8":1,"9":1,"10":1,"11":1,"12":1,"13":2,"14":6,"15":6,"16":1,"17":1,"18":1,"19":5,"20":1,"21":1,"22":1,"23":4,"24":4,"25":1,"26":1,"27":1,"28":3,"29":3,"30":1,"31":1,"32":1,"33":2,"34":2,"35":1,"36":1,"37":1,"38":1},"f":{"0":2,"1":2,"2":2,"3":6},"b":{"0":[1],"1":[1],"2":[1,1],"3":[1,5],"4":[1,4],"5":[4,3],"6":[1,3],"7":[1,2],"8":[3,2],"9":[1,1]},"inputSourceMap":null,"_coverageSchema":"1a1c01bbd47fc00a2c39e90264f33305004495a9","hash":"cd27e6a35cbf723d9816e305400cff38681d0489"}
,"D:\\cours\\hivers2026\\projetIntegrateur\\systeme-bancaire\\projetfinal\\backend\\src\\services\\beneficiary.service.js": {"path":"D:\\cours\\hivers2026\\projetIntegrateur\\systeme-bancaire\\projetfinal\\backend\\src\\services\\beneficiary.service.js","statementMap":{"0":{"start":{"line":3,"column":34},"end":{"line":56,"column":1}},"1":{"start":{"line":5,"column":17},"end":{"line":5,"column":58}},"2":{"start":{"line":6,"column":4},"end":{"line":6,"column":49}},"3":{"start":{"line":10,"column":54},"end":{"line":10,"column":61}},"4":{"start":{"line":12,"column":22},"end":{"line":12,"column":47}},"5":{"start":{"line":13,"column":31},"end":{"line":13,"column":65}},"6":{"start":{"line":14,"column":26},"end":{"line":14,"column":55}},"7":{"start":{"line":16,"column":4},"end":{"line":18,"column":5}},"8":{"start":{"line":17,"column":6},"end":{"line":17,"column":78}},"9":{"start":{"line":20,"column":4},"end":{"line":22,"column":5}},"10":{"start":{"line":21,"column":6},"end":{"line":21,"column":89}},"11":{"start":{"line":24,"column":4},"end":{"line":26,"column":5}},"12":{"start":{"line":25,"column":6},"end":{"line":25,"column":86}},"13":{"start":{"line":28,"column":21},"end":{"line":31,"column":5}},"14":{"start":{"line":33,"column":4},"end":{"line":39,"column":5}},"15":{"start":{"line":34,"column":6},"end":{"line":38,"column":8}},"16":{"start":{"line":41,"column":20},"end":{"line":46,"column":6}},"17":{"start":{"line":48,"column":24},"end":{"line":48,"column":86}},"18":{"start":{"line":50,"column":4},"end":{"line":54,"column":6}}},"fnMap":{"0":{"name":"(anonymous_0)","decl":{"start":{"line":4,"column":2},"end":{"line":4,"column":3}},"loc":{"start":{"line":4,"column":21},"end":{"line":7,"column":3}},"line":4},"1":{"name":"(anonymous_1)","decl":{"start":{"line":9,"column":2},"end":{"line":9,"column":3}},"loc":{"start":{"line":9,"column":24},"end":{"line":55,"column":3}},"line":9}},"branchMap":{"0":{"loc":{"start":{"line":12,"column":29},"end":{"line":12,"column":39}},"type":"binary-expr","locations":[{"start":{"line":12,"column":29},"end":{"line":12,"column":33}},{"start":{"line":12,"column":37},"end":{"line":12,"column":39}}],"line":12},"1":{"loc":{"start":{"line":13,"column":38},"end":{"line":13,"column":57}},"type":"binary-expr","locations":[{"start":{"line":13,"column":38},"end":{"line":13,"column":51}},{"start":{"line":13,"column":55},"end":{"line":13,"column":57}}],"line":13},"2":{"loc":{"start":{"line":14,"column":33},"end":{"line":14,"column":47}},"type":"binary-expr","locations":[{"start":{"line":14,"column":33},"end":{"line":14,"column":41}},{"start":{"line":14,"column":45},"end":{"line":14,"column":47}}],"line":14},"3":{"loc":{"start":{"line":16,"column":4},"end":{"line":18,"column":5}},"type":"if","locations":[{"start":{"line":16,"column":4},"end":{"line":18,"column":5}},{"start":{},"end":{}}],"line":16},"4":{"loc":{"start":{"line":20,"column":4},"end":{"line":22,"column":5}},"type":"if","locations":[{"start":{"line":20,"column":4},"end":{"line":22,"column":5}},{"start":{},"end":{}}],"line":20},"5":{"loc":{"start":{"line":24,"column":4},"end":{"line":26,"column":5}},"type":"if","locations":[{"start":{"line":24,"column":4},"end":{"line":26,"column":5}},{"start":{},"end":{}}],"line":24},"6":{"loc":{"start":{"line":33,"column":4},"end":{"line":39,"column":5}},"type":"if","locations":[{"start":{"line":33,"column":4},"end":{"line":39,"column":5}},{"start":{},"end":{}}],"line":33},"7":{"loc":{"start":{"line":45,"column":16},"end":{"line":45,"column":37}},"type":"binary-expr","locations":[{"start":{"line":45,"column":16},"end":{"line":45,"column":29}},{"start":{"line":45,"column":33},"end":{"line":45,"column":37}}],"line":45}},"s":{"0":1,"1":2,"2":1,"3":7,"4":7,"5":7,"6":7,"7":7,"8":1,"9":6,"10":1,"11":5,"12":1,"13":4,"14":4,"15":1,"16":3,"17":2,"18":1},"f":{"0":2,"1":7},"b":{"0":[7,0],"1":[7,0],"2":[7,6],"3":[1,6],"4":[1,5],"5":[1,4],"6":[1,3],"7":[3,3]},"inputSourceMap":null,"_coverageSchema":"1a1c01bbd47fc00a2c39e90264f33305004495a9","hash":"9f49852456dc29978ff73e7f5f5ba440e6ab36aa"}
,"D:\\cours\\hivers2026\\projetIntegrateur\\systeme-bancaire\\projetfinal\\backend\\src\\services\\check-deposit.service.js": {"path":"D:\\cours\\hivers2026\\projetIntegrateur\\systeme-bancaire\\projetfinal\\backend\\src\\services\\check-deposit.service.js","statementMap":{"0":{"start":{"line":6,"column":28},"end":{"line":11,"column":1}},"1":{"start":{"line":13,"column":23},"end":{"line":13,"column":38}},"2":{"start":{"line":23,"column":16},"end":{"line":23,"column":73}},"3":{"start":{"line":25,"column":2},"end":{"line":25,"column":26}},"4":{"start":{"line":25,"column":14},"end":{"line":25,"column":26}},"5":{"start":{"line":27,"column":16},"end":{"line":27,"column":32}},"6":{"start":{"line":28,"column":2},"end":{"line":28,"column":47}},"7":{"start":{"line":31,"column":35},"end":{"line":171,"column":1}},"8":{"start":{"line":40,"column":26},"end":{"line":40,"column":56}},"9":{"start":{"line":41,"column":26},"end":{"line":41,"column":70}},"10":{"start":{"line":42,"column":23},"end":{"line":42,"column":50}},"11":{"start":{"line":43,"column":29},"end":{"line":43,"column":46}},"12":{"start":{"line":44,"column":26},"end":{"line":44,"column":40}},"13":{"start":{"line":46,"column":4},"end":{"line":52,"column":5}},"14":{"start":{"line":47,"column":6},"end":{"line":51,"column":8}},"15":{"start":{"line":54,"column":4},"end":{"line":60,"column":5}},"16":{"start":{"line":55,"column":6},"end":{"line":59,"column":8}},"17":{"start":{"line":62,"column":4},"end":{"line":68,"column":5}},"18":{"start":{"line":63,"column":6},"end":{"line":67,"column":8}},"19":{"start":{"line":70,"column":4},"end":{"line":76,"column":5}},"20":{"start":{"line":71,"column":6},"end":{"line":75,"column":8}},"21":{"start":{"line":78,"column":4},"end":{"line":84,"column":5}},"22":{"start":{"line":79,"column":6},"end":{"line":83,"column":8}},"23":{"start":{"line":87,"column":21},"end":{"line":87,"column":56}},"24":{"start":{"line":89,"column":4},"end":{"line":95,"column":5}},"25":{"start":{"line":90,"column":6},"end":{"line":94,"column":8}},"26":{"start":{"line":97,"column":4},"end":{"line":103,"column":5}},"27":{"start":{"line":98,"column":6},"end":{"line":102,"column":8}},"28":{"start":{"line":106,"column":4},"end":{"line":112,"column":5}},"29":{"start":{"line":107,"column":6},"end":{"line":111,"column":8}},"30":{"start":{"line":114,"column":28},"end":{"line":114,"column":77}},"31":{"start":{"line":116,"column":4},"end":{"line":122,"column":5}},"32":{"start":{"line":117,"column":6},"end":{"line":121,"column":8}},"33":{"start":{"line":124,"column":4},"end":{"line":124,"column":27}},"34":{"start":{"line":126,"column":4},"end":{"line":169,"column":5}},"35":{"start":{"line":127,"column":29},"end":{"line":136,"column":8}},"36":{"start":{"line":138,"column":25},"end":{"line":138,"column":72}},"37":{"start":{"line":140,"column":6},"end":{"line":140,"column":69}},"38":{"start":{"line":142,"column":26},"end":{"line":147,"column":8}},"39":{"start":{"line":149,"column":6},"end":{"line":149,"column":30}},"40":{"start":{"line":151,"column":22},"end":{"line":151,"column":75}},"41":{"start":{"line":153,"column":6},"end":{"line":165,"column":8}},"42":{"start":{"line":167,"column":6},"end":{"line":167,"column":32}},"43":{"start":{"line":168,"column":6},"end":{"line":168,"column":18}}},"fnMap":{"0":{"name":"extractAmountFromQrCode","decl":{"start":{"line":22,"column":9},"end":{"line":22,"column":32}},"loc":{"start":{"line":22,"column":41},"end":{"line":29,"column":1}},"line":22},"1":{"name":"(anonymous_1)","decl":{"start":{"line":32,"column":2},"end":{"line":32,"column":3}},"loc":{"start":{"line":39,"column":5},"end":{"line":170,"column":3}},"line":39}},"branchMap":{"0":{"loc":{"start":{"line":25,"column":2},"end":{"line":25,"column":26}},"type":"if","locations":[{"start":{"line":25,"column":2},"end":{"line":25,"column":26}},{"start":{},"end":{}}],"line":25},"1":{"loc":{"start":{"line":28,"column":9},"end":{"line":28,"column":46}},"type":"cond-expr","locations":[{"start":{"line":28,"column":34},"end":{"line":28,"column":39}},{"start":{"line":28,"column":42},"end":{"line":28,"column":46}}],"line":28},"2":{"loc":{"start":{"line":40,"column":33},"end":{"line":40,"column":48}},"type":"binary-expr","locations":[{"start":{"line":40,"column":33},"end":{"line":40,"column":42}},{"start":{"line":40,"column":46},"end":{"line":40,"column":48}}],"line":40},"3":{"loc":{"start":{"line":41,"column":33},"end":{"line":41,"column":48}},"type":"binary-expr","locations":[{"start":{"line":41,"column":33},"end":{"line":41,"column":42}},{"start":{"line":41,"column":46},"end":{"line":41,"column":48}}],"line":41},"4":{"loc":{"start":{"line":42,"column":30},"end":{"line":42,"column":42}},"type":"binary-expr","locations":[{"start":{"line":42,"column":30},"end":{"line":42,"column":36}},{"start":{"line":42,"column":40},"end":{"line":42,"column":42}}],"line":42},"5":{"loc":{"start":{"line":46,"column":4},"end":{"line":52,"column":5}},"type":"if","locations":[{"start":{"line":46,"column":4},"end":{"line":52,"column":5}},{"start":{},"end":{}}],"line":46},"6":{"loc":{"start":{"line":46,"column":8},"end":{"line":46,"column":40}},"type":"binary-expr","locations":[{"start":{"line":46,"column":8},"end":{"line":46,"column":22}},{"start":{"line":46,"column":26},"end":{"line":46,"column":40}}],"line":46},"7":{"loc":{"start":{"line":54,"column":4},"end":{"line":60,"column":5}},"type":"if","locations":[{"start":{"line":54,"column":4},"end":{"line":60,"column":5}},{"start":{},"end":{}}],"line":54},"8":{"loc":{"start":{"line":62,"column":4},"end":{"line":68,"column":5}},"type":"if","locations":[{"start":{"line":62,"column":4},"end":{"line":68,"column":5}},{"start":{},"end":{}}],"line":62},"9":{"loc":{"start":{"line":62,"column":8},"end":{"line":62,"column":67}},"type":"binary-expr","locations":[{"start":{"line":62,"column":8},"end":{"line":62,"column":42}},{"start":{"line":62,"column":46},"end":{"line":62,"column":67}}],"line":62},"10":{"loc":{"start":{"line":70,"column":4},"end":{"line":76,"column":5}},"type":"if","locations":[{"start":{"line":70,"column":4},"end":{"line":76,"column":5}},{"start":{},"end":{}}],"line":70},"11":{"loc":{"start":{"line":78,"column":4},"end":{"line":84,"column":5}},"type":"if","locations":[{"start":{"line":78,"column":4},"end":{"line":84,"column":5}},{"start":{},"end":{}}],"line":78},"12":{"loc":{"start":{"line":89,"column":4},"end":{"line":95,"column":5}},"type":"if","locations":[{"start":{"line":89,"column":4},"end":{"line":95,"column":5}},{"start":{},"end":{}}],"line":89},"13":{"loc":{"start":{"line":97,"column":4},"end":{"line":103,"column":5}},"type":"if","locations":[{"start":{"line":97,"column":4},"end":{"line":103,"column":5}},{"start":{},"end":{}}],"line":97},"14":{"loc":{"start":{"line":97,"column":8},"end":{"line":97,"column":61}},"type":"binary-expr","locations":[{"start":{"line":97,"column":8},"end":{"line":97,"column":39}},{"start":{"line":97,"column":43},"end":{"line":97,"column":61}}],"line":97},"15":{"loc":{"start":{"line":106,"column":4},"end":{"line":112,"column":5}},"type":"if","locations":[{"start":{"line":106,"column":4},"end":{"line":112,"column":5}},{"start":{},"end":{}}],"line":106},"16":{"loc":{"start":{"line":116,"column":4},"end":{"line":122,"column":5}},"type":"if","locations":[{"start":{"line":116,"column":4},"end":{"line":122,"column":5}},{"start":{},"end":{}}],"line":116}},"s":{"0":1,"1":1,"2":6,"3":6,"4":1,"5":5,"6":5,"7":1,"8":11,"9":11,"10":11,"11":11,"12":11,"13":11,"14":1,"15":10,"16":1,"17":9,"18":1,"19":8,"20":1,"21":7,"22":1,"23":6,"24":6,"25":1,"26":5,"27":1,"28":4,"29":1,"30":3,"31":3,"32":1,"33":2,"34":2,"35":2,"36":1,"37":1,"38":1,"39":1,"40":1,"41":1,"42":1,"43":1},"f":{"0":6,"1":11},"b":{"0":[1,5],"1":[5,0],"2":[11,1],"3":[11,0],"4":[11,2],"5":[1,10],"6":[11,10],"7":[1,9],"8":[1,8],"9":[9,9],"10":[1,7],"11":[1,6],"12":[1,5],"13":[1,4],"14":[5,5],"15":[1,3],"16":[1,2]},"inputSourceMap":null,"_coverageSchema":"1a1c01bbd47fc00a2c39e90264f33305004495a9","hash":"e15ff229afee812b0ebfe45087c3a048f92336d6"}
,"D:\\cours\\hivers2026\\projetIntegrateur\\systeme-bancaire\\projetfinal\\backend\\src\\services\\client.service.js": {"path":"D:\\cours\\hivers2026\\projetIntegrateur\\systeme-bancaire\\projetfinal\\backend\\src\\services\\client.service.js","statementMap":{"0":{"start":{"line":26,"column":15},"end":{"line":26,"column":58}},"1":{"start":{"line":27,"column":2},"end":{"line":27,"column":55}},"2":{"start":{"line":36,"column":29},"end":{"line":365,"column":1}},"3":{"start":{"line":110,"column":4},"end":{"line":112,"column":5}},"4":{"start":{"line":111,"column":6},"end":{"line":111,"column":92}},"5":{"start":{"line":115,"column":21},"end":{"line":115,"column":58}},"6":{"start":{"line":116,"column":4},"end":{"line":118,"column":5}},"7":{"start":{"line":117,"column":6},"end":{"line":117,"column":71}},"8":{"start":{"line":122,"column":6},"end":{"line":124,"column":57}},"9":{"start":{"line":127,"column":19},"end":{"line":127,"column":55}},"10":{"start":{"line":130,"column":20},"end":{"line":142,"column":5}},"11":{"start":{"line":145,"column":4},"end":{"line":181,"column":5}},"12":{"start":{"line":146,"column":6},"end":{"line":146,"column":29}},"13":{"start":{"line":149,"column":16},"end":{"line":149,"column":47}},"14":{"start":{"line":150,"column":21},"end":{"line":150,"column":29}},"15":{"start":{"line":153,"column":31},"end":{"line":157,"column":7}},"16":{"start":{"line":159,"column":6},"end":{"line":167,"column":7}},"17":{"start":{"line":160,"column":8},"end":{"line":166,"column":11}},"18":{"start":{"line":169,"column":6},"end":{"line":169,"column":30}},"19":{"start":{"line":171,"column":6},"end":{"line":175,"column":8}},"20":{"start":{"line":178,"column":6},"end":{"line":178,"column":32}},"21":{"start":{"line":179,"column":6},"end":{"line":179,"column":65}},"22":{"start":{"line":180,"column":6},"end":{"line":180,"column":72}},"23":{"start":{"line":208,"column":18},"end":{"line":208,"column":59}},"24":{"start":{"line":209,"column":19},"end":{"line":209,"column":45}},"25":{"start":{"line":210,"column":17},"end":{"line":210,"column":55}},"26":{"start":{"line":211,"column":4},"end":{"line":211,"column":49}},"27":{"start":{"line":237,"column":16},"end":{"line":237,"column":44}},"28":{"start":{"line":238,"column":4},"end":{"line":238,"column":75}},"29":{"start":{"line":238,"column":14},"end":{"line":238,"column":75}},"30":{"start":{"line":239,"column":4},"end":{"line":239,"column":48}},"31":{"start":{"line":283,"column":21},"end":{"line":283,"column":49}},"32":{"start":{"line":284,"column":4},"end":{"line":284,"column":80}},"33":{"start":{"line":284,"column":19},"end":{"line":284,"column":80}},"34":{"start":{"line":287,"column":4},"end":{"line":290,"column":5}},"35":{"start":{"line":288,"column":21},"end":{"line":288,"column":59}},"36":{"start":{"line":289,"column":6},"end":{"line":289,"column":81}},"37":{"start":{"line":289,"column":18},"end":{"line":289,"column":81}},"38":{"start":{"line":293,"column":20},"end":{"line":293,"column":45}},"39":{"start":{"line":296,"column":4},"end":{"line":296,"column":40}},"40":{"start":{"line":297,"column":4},"end":{"line":297,"column":67}},"41":{"start":{"line":325,"column":21},"end":{"line":325,"column":49}},"42":{"start":{"line":326,"column":4},"end":{"line":326,"column":80}},"43":{"start":{"line":326,"column":19},"end":{"line":326,"column":80}},"44":{"start":{"line":328,"column":4},"end":{"line":328,"column":31}},"45":{"start":{"line":329,"column":4},"end":{"line":329,"column":67}},"46":{"start":{"line":357,"column":19},"end":{"line":357,"column":53}},"47":{"start":{"line":358,"column":4},"end":{"line":362,"column":5}},"48":{"start":{"line":359,"column":18},"end":{"line":359,"column":47}},"49":{"start":{"line":360,"column":6},"end":{"line":360,"column":23}},"50":{"start":{"line":361,"column":6},"end":{"line":361,"column":16}},"51":{"start":{"line":363,"column":4},"end":{"line":363,"column":18}}},"fnMap":{"0":{"name":"generateAccountNumber","decl":{"start":{"line":25,"column":9},"end":{"line":25,"column":30}},"loc":{"start":{"line":25,"column":37},"end":{"line":28,"column":1}},"line":25},"1":{"name":"(anonymous_1)","decl":{"start":{"line":108,"column":2},"end":{"line":108,"column":3}},"loc":{"start":{"line":108,"column":46},"end":{"line":182,"column":3}},"line":108},"2":{"name":"(anonymous_2)","decl":{"start":{"line":207,"column":2},"end":{"line":207,"column":3}},"loc":{"start":{"line":207,"column":20},"end":{"line":212,"column":3}},"line":207},"3":{"name":"(anonymous_3)","decl":{"start":{"line":236,"column":2},"end":{"line":236,"column":3}},"loc":{"start":{"line":236,"column":16},"end":{"line":240,"column":3}},"line":236},"4":{"name":"(anonymous_4)","decl":{"start":{"line":282,"column":2},"end":{"line":282,"column":3}},"loc":{"start":{"line":282,"column":26},"end":{"line":298,"column":3}},"line":282},"5":{"name":"(anonymous_5)","decl":{"start":{"line":324,"column":2},"end":{"line":324,"column":3}},"loc":{"start":{"line":324,"column":19},"end":{"line":330,"column":3}},"line":324},"6":{"name":"(anonymous_6)","decl":{"start":{"line":356,"column":2},"end":{"line":356,"column":3}},"loc":{"start":{"line":356,"column":35},"end":{"line":364,"column":3}},"line":356}},"branchMap":{"0":{"loc":{"start":{"line":110,"column":4},"end":{"line":112,"column":5}},"type":"if","locations":[{"start":{"line":110,"column":4},"end":{"line":112,"column":5}},{"start":{},"end":{}}],"line":110},"1":{"loc":{"start":{"line":110,"column":8},"end":{"line":110,"column":61}},"type":"binary-expr","locations":[{"start":{"line":110,"column":8},"end":{"line":110,"column":25}},{"start":{"line":110,"column":29},"end":{"line":110,"column":45}},{"start":{"line":110,"column":49},"end":{"line":110,"column":61}}],"line":110},"2":{"loc":{"start":{"line":116,"column":4},"end":{"line":118,"column":5}},"type":"if","locations":[{"start":{"line":116,"column":4},"end":{"line":118,"column":5}},{"start":{},"end":{}}],"line":116},"3":{"loc":{"start":{"line":122,"column":6},"end":{"line":124,"column":57}},"type":"cond-expr","locations":[{"start":{"line":123,"column":10},"end":{"line":123,"column":31}},{"start":{"line":124,"column":10},"end":{"line":124,"column":57}}],"line":122},"4":{"loc":{"start":{"line":122,"column":6},"end":{"line":122,"column":62}},"type":"binary-expr","locations":[{"start":{"line":122,"column":6},"end":{"line":122,"column":19}},{"start":{"line":122,"column":23},"end":{"line":122,"column":62}}],"line":122},"5":{"loc":{"start":{"line":136,"column":15},"end":{"line":136,"column":33}},"type":"binary-expr","locations":[{"start":{"line":136,"column":15},"end":{"line":136,"column":27}},{"start":{"line":136,"column":31},"end":{"line":136,"column":33}}],"line":136},"6":{"loc":{"start":{"line":137,"column":12},"end":{"line":137,"column":27}},"type":"binary-expr","locations":[{"start":{"line":137,"column":12},"end":{"line":137,"column":21}},{"start":{"line":137,"column":25},"end":{"line":137,"column":27}}],"line":137},"7":{"loc":{"start":{"line":138,"column":13},"end":{"line":138,"column":29}},"type":"binary-expr","locations":[{"start":{"line":138,"column":13},"end":{"line":138,"column":23}},{"start":{"line":138,"column":27},"end":{"line":138,"column":29}}],"line":138},"8":{"loc":{"start":{"line":139,"column":19},"end":{"line":139,"column":41}},"type":"binary-expr","locations":[{"start":{"line":139,"column":19},"end":{"line":139,"column":35}},{"start":{"line":139,"column":39},"end":{"line":139,"column":41}}],"line":139},"9":{"loc":{"start":{"line":140,"column":21},"end":{"line":140,"column":45}},"type":"binary-expr","locations":[{"start":{"line":140,"column":21},"end":{"line":140,"column":39}},{"start":{"line":140,"column":43},"end":{"line":140,"column":45}}],"line":140},"10":{"loc":{"start":{"line":208,"column":34},"end":{"line":208,"column":52}},"type":"binary-expr","locations":[{"start":{"line":208,"column":34},"end":{"line":208,"column":46}},{"start":{"line":208,"column":50},"end":{"line":208,"column":52}}],"line":208},"11":{"loc":{"start":{"line":209,"column":26},"end":{"line":209,"column":44}},"type":"binary-expr","locations":[{"start":{"line":209,"column":26},"end":{"line":209,"column":39}},{"start":{"line":209,"column":43},"end":{"line":209,"column":44}}],"line":209},"12":{"loc":{"start":{"line":238,"column":4},"end":{"line":238,"column":75}},"type":"if","locations":[{"start":{"line":238,"column":4},"end":{"line":238,"column":75}},{"start":{},"end":{}}],"line":238},"13":{"loc":{"start":{"line":284,"column":4},"end":{"line":284,"column":80}},"type":"if","locations":[{"start":{"line":284,"column":4},"end":{"line":284,"column":80}},{"start":{},"end":{}}],"line":284},"14":{"loc":{"start":{"line":287,"column":4},"end":{"line":290,"column":5}},"type":"if","locations":[{"start":{"line":287,"column":4},"end":{"line":290,"column":5}},{"start":{},"end":{}}],"line":287},"15":{"loc":{"start":{"line":287,"column":8},"end":{"line":287,"column":54}},"type":"binary-expr","locations":[{"start":{"line":287,"column":8},"end":{"line":287,"column":20}},{"start":{"line":287,"column":24},"end":{"line":287,"column":54}}],"line":287},"16":{"loc":{"start":{"line":289,"column":6},"end":{"line":289,"column":81}},"type":"if","locations":[{"start":{"line":289,"column":6},"end":{"line":289,"column":81}},{"start":{},"end":{}}],"line":289},"17":{"loc":{"start":{"line":326,"column":4},"end":{"line":326,"column":80}},"type":"if","locations":[{"start":{"line":326,"column":4},"end":{"line":326,"column":80}},{"start":{},"end":{}}],"line":326},"18":{"loc":{"start":{"line":358,"column":4},"end":{"line":362,"column":5}},"type":"if","locations":[{"start":{"line":358,"column":4},"end":{"line":362,"column":5}},{"start":{},"end":{}}],"line":358}},"s":{"0":7,"1":7,"2":1,"3":5,"4":1,"5":4,"6":4,"7":1,"8":3,"9":3,"10":3,"11":3,"12":3,"13":3,"14":3,"15":3,"16":3,"17":7,"18":2,"19":2,"20":1,"21":1,"22":1,"23":2,"24":2,"25":2,"26":2,"27":2,"28":2,"29":1,"30":1,"31":3,"32":3,"33":1,"34":2,"35":1,"36":1,"37":1,"38":1,"39":1,"40":1,"41":2,"42":2,"43":1,"44":1,"45":1,"46":2,"47":2,"48":1,"49":1,"50":1,"51":1},"f":{"0":7,"1":5,"2":2,"3":2,"4":3,"5":2,"6":2},"b":{"0":[1,4],"1":[5,4,4],"2":[1,3],"3":[2,1],"4":[3,2],"5":[3,0],"6":[3,0],"7":[3,0],"8":[3,0],"9":[3,0],"10":[2,1],"11":[2,2],"12":[1,1],"13":[1,2],"14":[1,1],"15":[2,1],"16":[1,0],"17":[1,1],"18":[1,1]},"inputSourceMap":null,"_coverageSchema":"1a1c01bbd47fc00a2c39e90264f33305004495a9","hash":"3afce12d09bd52a76976469b520d562020e052cf"}
,"D:\\cours\\hivers2026\\projetIntegrateur\\systeme-bancaire\\projetfinal\\backend\\src\\services\\transfer.service.js": {"path":"D:\\cours\\hivers2026\\projetIntegrateur\\systeme-bancaire\\projetfinal\\backend\\src\\services\\transfer.service.js","statementMap":{"0":{"start":{"line":39,"column":14},"end":{"line":39,"column":24}},"1":{"start":{"line":41,"column":13},"end":{"line":41,"column":52}},"2":{"start":{"line":42,"column":13},"end":{"line":42,"column":54}},"3":{"start":{"line":43,"column":13},"end":{"line":43,"column":54}},"4":{"start":{"line":45,"column":2},"end":{"line":47,"column":3}},"5":{"start":{"line":46,"column":4},"end":{"line":46,"column":46}},"6":{"start":{"line":49,"column":15},"end":{"line":49,"column":32}},"7":{"start":{"line":50,"column":16},"end":{"line":50,"column":59}},"8":{"start":{"line":51,"column":14},"end":{"line":51,"column":52}},"9":{"start":{"line":53,"column":2},"end":{"line":53,"column":53}},"10":{"start":{"line":69,"column":30},"end":{"line":69,"column":78}},"11":{"start":{"line":71,"column":2},"end":{"line":73,"column":3}},"12":{"start":{"line":72,"column":4},"end":{"line":72,"column":31}},"13":{"start":{"line":75,"column":2},"end":{"line":75,"column":16}},"14":{"start":{"line":90,"column":15},"end":{"line":90,"column":50}},"15":{"start":{"line":92,"column":2},"end":{"line":96,"column":3}},"16":{"start":{"line":93,"column":4},"end":{"line":93,"column":37}},"17":{"start":{"line":94,"column":9},"end":{"line":96,"column":3}},"18":{"start":{"line":95,"column":4},"end":{"line":95,"column":39}},"19":{"start":{"line":98,"column":15},"end":{"line":98,"column":33}},"20":{"start":{"line":99,"column":16},"end":{"line":99,"column":60}},"21":{"start":{"line":100,"column":14},"end":{"line":100,"column":53}},"22":{"start":{"line":101,"column":13},"end":{"line":101,"column":53}},"23":{"start":{"line":102,"column":13},"end":{"line":102,"column":55}},"24":{"start":{"line":103,"column":13},"end":{"line":103,"column":55}},"25":{"start":{"line":105,"column":2},"end":{"line":105,"column":53}},"26":{"start":{"line":119,"column":20},"end":{"line":119,"column":65}},"27":{"start":{"line":120,"column":2},"end":{"line":120,"column":60}},"28":{"start":{"line":123,"column":31},"end":{"line":1126,"column":1}},"29":{"start":{"line":155,"column":8},"end":{"line":155,"column":15}},"30":{"start":{"line":158,"column":22},"end":{"line":158,"column":44}},"31":{"start":{"line":161,"column":32},"end":{"line":161,"column":61}},"32":{"start":{"line":164,"column":4},"end":{"line":166,"column":5}},"33":{"start":{"line":165,"column":6},"end":{"line":165,"column":67}},"34":{"start":{"line":169,"column":4},"end":{"line":171,"column":5}},"35":{"start":{"line":170,"column":6},"end":{"line":170,"column":68}},"36":{"start":{"line":174,"column":4},"end":{"line":176,"column":5}},"37":{"start":{"line":175,"column":6},"end":{"line":175,"column":69}},"38":{"start":{"line":179,"column":17},"end":{"line":179,"column":76}},"39":{"start":{"line":180,"column":15},"end":{"line":180,"column":72}},"40":{"start":{"line":182,"column":4},"end":{"line":184,"column":5}},"41":{"start":{"line":183,"column":6},"end":{"line":183,"column":76}},"42":{"start":{"line":186,"column":4},"end":{"line":188,"column":5}},"43":{"start":{"line":187,"column":6},"end":{"line":187,"column":81}},"44":{"start":{"line":191,"column":4},"end":{"line":193,"column":5}},"45":{"start":{"line":192,"column":6},"end":{"line":192,"column":68}},"46":{"start":{"line":195,"column":4},"end":{"line":288,"column":5}},"47":{"start":{"line":197,"column":6},"end":{"line":197,"column":29}},"48":{"start":{"line":199,"column":29},"end":{"line":199,"column":58}},"49":{"start":{"line":200,"column":27},"end":{"line":200,"column":54}},"50":{"start":{"line":202,"column":6},"end":{"line":202,"column":62}},"51":{"start":{"line":203,"column":6},"end":{"line":203,"column":58}},"52":{"start":{"line":206,"column":23},"end":{"line":211,"column":8}},"53":{"start":{"line":214,"column":25},"end":{"line":214,"column":27}},"54":{"start":{"line":215,"column":6},"end":{"line":215,"column":78}},"55":{"start":{"line":215,"column":31},"end":{"line":215,"column":78}},"56":{"start":{"line":216,"column":22},"end":{"line":216,"column":76}},"57":{"start":{"line":219,"column":20},"end":{"line":225,"column":8}},"58":{"start":{"line":228,"column":21},"end":{"line":234,"column":8}},"59":{"start":{"line":236,"column":33},"end":{"line":236,"column":37}},"60":{"start":{"line":243,"column":6},"end":{"line":257,"column":7}},"61":{"start":{"line":244,"column":28},"end":{"line":244,"column":80}},"62":{"start":{"line":246,"column":8},"end":{"line":256,"column":11}},"63":{"start":{"line":259,"column":6},"end":{"line":259,"column":30}},"64":{"start":{"line":261,"column":6},"end":{"line":279,"column":8}},"65":{"start":{"line":281,"column":6},"end":{"line":281,"column":32}},"66":{"start":{"line":283,"column":6},"end":{"line":287,"column":8}},"67":{"start":{"line":322,"column":8},"end":{"line":322,"column":15}},"68":{"start":{"line":324,"column":22},"end":{"line":324,"column":44}},"69":{"start":{"line":325,"column":32},"end":{"line":325,"column":61}},"70":{"start":{"line":327,"column":23},"end":{"line":327,"column":72}},"71":{"start":{"line":328,"column":27},"end":{"line":328,"column":66}},"72":{"start":{"line":329,"column":26},"end":{"line":329,"column":64}},"73":{"start":{"line":331,"column":4},"end":{"line":333,"column":5}},"74":{"start":{"line":332,"column":6},"end":{"line":332,"column":66}},"75":{"start":{"line":335,"column":4},"end":{"line":337,"column":5}},"76":{"start":{"line":336,"column":6},"end":{"line":336,"column":67}},"77":{"start":{"line":339,"column":4},"end":{"line":345,"column":5}},"78":{"start":{"line":340,"column":6},"end":{"line":344,"column":8}},"79":{"start":{"line":347,"column":23},"end":{"line":347,"column":51}},"80":{"start":{"line":348,"column":4},"end":{"line":354,"column":5}},"81":{"start":{"line":349,"column":6},"end":{"line":353,"column":8}},"82":{"start":{"line":357,"column":4},"end":{"line":373,"column":5}},"83":{"start":{"line":358,"column":6},"end":{"line":364,"column":7}},"84":{"start":{"line":359,"column":8},"end":{"line":363,"column":10}},"85":{"start":{"line":366,"column":6},"end":{"line":372,"column":7}},"86":{"start":{"line":367,"column":8},"end":{"line":371,"column":10}},"87":{"start":{"line":375,"column":17},"end":{"line":375,"column":76}},"88":{"start":{"line":376,"column":4},"end":{"line":378,"column":5}},"89":{"start":{"line":377,"column":6},"end":{"line":377,"column":76}},"90":{"start":{"line":381,"column":4},"end":{"line":383,"column":5}},"91":{"start":{"line":382,"column":6},"end":{"line":382,"column":68}},"92":{"start":{"line":385,"column":4},"end":{"line":561,"column":5}},"93":{"start":{"line":386,"column":6},"end":{"line":386,"column":29}},"94":{"start":{"line":389,"column":19},"end":{"line":389,"column":23}},"95":{"start":{"line":390,"column":22},"end":{"line":390,"column":26}},"96":{"start":{"line":391,"column":33},"end":{"line":391,"column":37}},"97":{"start":{"line":393,"column":29},"end":{"line":393,"column":58}},"98":{"start":{"line":394,"column":6},"end":{"line":394,"column":62}},"99":{"start":{"line":401,"column":6},"end":{"line":488,"column":7}},"100":{"start":{"line":402,"column":8},"end":{"line":407,"column":11}},"101":{"start":{"line":409,"column":8},"end":{"line":414,"column":10}},"102":{"start":{"line":420,"column":30},"end":{"line":420,"column":67}},"103":{"start":{"line":422,"column":8},"end":{"line":429,"column":9}},"104":{"start":{"line":423,"column":10},"end":{"line":423,"column":36}},"105":{"start":{"line":424,"column":10},"end":{"line":428,"column":12}},"106":{"start":{"line":431,"column":8},"end":{"line":438,"column":9}},"107":{"start":{"line":432,"column":10},"end":{"line":432,"column":36}},"108":{"start":{"line":433,"column":10},"end":{"line":437,"column":12}},"109":{"start":{"line":440,"column":8},"end":{"line":447,"column":9}},"110":{"start":{"line":441,"column":10},"end":{"line":441,"column":36}},"111":{"start":{"line":442,"column":10},"end":{"line":446,"column":12}},"112":{"start":{"line":449,"column":19},"end":{"line":449,"column":76}},"113":{"start":{"line":450,"column":8},"end":{"line":457,"column":9}},"114":{"start":{"line":451,"column":10},"end":{"line":451,"column":36}},"115":{"start":{"line":452,"column":10},"end":{"line":456,"column":12}},"116":{"start":{"line":459,"column":29},"end":{"line":459,"column":56}},"117":{"start":{"line":460,"column":8},"end":{"line":460,"column":60}},"118":{"start":{"line":462,"column":8},"end":{"line":467,"column":11}},"119":{"start":{"line":469,"column":27},"end":{"line":469,"column":57}},"120":{"start":{"line":470,"column":21},"end":{"line":470,"column":73}},"121":{"start":{"line":471,"column":24},"end":{"line":471,"column":83}},"122":{"start":{"line":473,"column":8},"end":{"line":479,"column":11}},"123":{"start":{"line":481,"column":8},"end":{"line":487,"column":10}},"124":{"start":{"line":491,"column":19},"end":{"line":491,"column":71}},"125":{"start":{"line":492,"column":22},"end":{"line":492,"column":81}},"126":{"start":{"line":494,"column":35},"end":{"line":496,"column":79}},"127":{"start":{"line":498,"column":20},"end":{"line":506,"column":8}},"128":{"start":{"line":513,"column":6},"end":{"line":530,"column":7}},"129":{"start":{"line":514,"column":28},"end":{"line":514,"column":80}},"130":{"start":{"line":516,"column":8},"end":{"line":529,"column":11}},"131":{"start":{"line":532,"column":6},"end":{"line":532,"column":30}},"132":{"start":{"line":534,"column":6},"end":{"line":552,"column":8}},"133":{"start":{"line":554,"column":6},"end":{"line":554,"column":32}},"134":{"start":{"line":556,"column":6},"end":{"line":560,"column":8}},"135":{"start":{"line":592,"column":8},"end":{"line":592,"column":15}},"136":{"start":{"line":594,"column":22},"end":{"line":594,"column":44}},"137":{"start":{"line":595,"column":32},"end":{"line":595,"column":61}},"138":{"start":{"line":597,"column":4},"end":{"line":599,"column":5}},"139":{"start":{"line":598,"column":6},"end":{"line":598,"column":67}},"140":{"start":{"line":601,"column":4},"end":{"line":603,"column":5}},"141":{"start":{"line":602,"column":6},"end":{"line":602,"column":67}},"142":{"start":{"line":605,"column":17},"end":{"line":605,"column":76}},"143":{"start":{"line":606,"column":4},"end":{"line":608,"column":5}},"144":{"start":{"line":607,"column":6},"end":{"line":607,"column":76}},"145":{"start":{"line":610,"column":24},"end":{"line":610,"column":85}},"146":{"start":{"line":611,"column":4},"end":{"line":613,"column":5}},"147":{"start":{"line":612,"column":6},"end":{"line":612,"column":75}},"148":{"start":{"line":616,"column":4},"end":{"line":618,"column":5}},"149":{"start":{"line":617,"column":6},"end":{"line":617,"column":68}},"150":{"start":{"line":620,"column":4},"end":{"line":685,"column":5}},"151":{"start":{"line":621,"column":6},"end":{"line":621,"column":29}},"152":{"start":{"line":623,"column":29},"end":{"line":623,"column":58}},"153":{"start":{"line":624,"column":6},"end":{"line":624,"column":62}},"154":{"start":{"line":626,"column":22},"end":{"line":626,"column":81}},"155":{"start":{"line":629,"column":20},"end":{"line":635,"column":8}},"156":{"start":{"line":637,"column":33},"end":{"line":637,"column":37}},"157":{"start":{"line":644,"column":6},"end":{"line":658,"column":7}},"158":{"start":{"line":645,"column":28},"end":{"line":645,"column":80}},"159":{"start":{"line":647,"column":8},"end":{"line":657,"column":11}},"160":{"start":{"line":660,"column":6},"end":{"line":660,"column":30}},"161":{"start":{"line":662,"column":6},"end":{"line":676,"column":8}},"162":{"start":{"line":678,"column":6},"end":{"line":678,"column":32}},"163":{"start":{"line":680,"column":6},"end":{"line":684,"column":8}},"164":{"start":{"line":704,"column":23},"end":{"line":704,"column":41}},"165":{"start":{"line":707,"column":6},"end":{"line":707,"column":61}},"166":{"start":{"line":709,"column":22},"end":{"line":709,"column":24}},"167":{"start":{"line":711,"column":4},"end":{"line":1009,"column":5}},"168":{"start":{"line":712,"column":6},"end":{"line":1008,"column":7}},"169":{"start":{"line":716,"column":8},"end":{"line":793,"column":9}},"170":{"start":{"line":717,"column":23},"end":{"line":720,"column":11}},"171":{"start":{"line":722,"column":21},"end":{"line":725,"column":11}},"172":{"start":{"line":727,"column":10},"end":{"line":734,"column":11}},"173":{"start":{"line":728,"column":12},"end":{"line":732,"column":15}},"174":{"start":{"line":733,"column":12},"end":{"line":733,"column":21}},"175":{"start":{"line":736,"column":10},"end":{"line":743,"column":11}},"176":{"start":{"line":737,"column":12},"end":{"line":741,"column":15}},"177":{"start":{"line":742,"column":12},"end":{"line":742,"column":21}},"178":{"start":{"line":745,"column":10},"end":{"line":745,"column":33}},"179":{"start":{"line":748,"column":12},"end":{"line":748,"column":61}},"180":{"start":{"line":750,"column":12},"end":{"line":750,"column":59}},"181":{"start":{"line":752,"column":10},"end":{"line":752,"column":70}},"182":{"start":{"line":753,"column":10},"end":{"line":753,"column":73}},"183":{"start":{"line":755,"column":10},"end":{"line":760,"column":13}},"184":{"start":{"line":762,"column":10},"end":{"line":770,"column":13}},"185":{"start":{"line":772,"column":10},"end":{"line":780,"column":13}},"186":{"start":{"line":782,"column":32},"end":{"line":785,"column":11}},"187":{"start":{"line":787,"column":10},"end":{"line":787,"column":79}},"188":{"start":{"line":789,"column":10},"end":{"line":789,"column":34}},"189":{"start":{"line":791,"column":10},"end":{"line":791,"column":59}},"190":{"start":{"line":792,"column":10},"end":{"line":792,"column":19}},"191":{"start":{"line":798,"column":8},"end":{"line":934,"column":9}},"192":{"start":{"line":799,"column":23},"end":{"line":802,"column":11}},"193":{"start":{"line":804,"column":10},"end":{"line":811,"column":11}},"194":{"start":{"line":805,"column":12},"end":{"line":809,"column":15}},"195":{"start":{"line":810,"column":12},"end":{"line":810,"column":21}},"196":{"start":{"line":813,"column":10},"end":{"line":820,"column":11}},"197":{"start":{"line":814,"column":12},"end":{"line":818,"column":15}},"198":{"start":{"line":819,"column":12},"end":{"line":819,"column":21}},"199":{"start":{"line":822,"column":10},"end":{"line":822,"column":33}},"200":{"start":{"line":825,"column":12},"end":{"line":825,"column":61}},"201":{"start":{"line":827,"column":10},"end":{"line":827,"column":70}},"202":{"start":{"line":829,"column":10},"end":{"line":921,"column":11}},"203":{"start":{"line":830,"column":12},"end":{"line":835,"column":15}},"204":{"start":{"line":837,"column":36},"end":{"line":839,"column":62}},"205":{"start":{"line":841,"column":12},"end":{"line":853,"column":15}},"206":{"start":{"line":855,"column":33},"end":{"line":857,"column":13}},"207":{"start":{"line":859,"column":12},"end":{"line":867,"column":13}},"208":{"start":{"line":860,"column":14},"end":{"line":860,"column":40}},"209":{"start":{"line":861,"column":14},"end":{"line":865,"column":17}},"210":{"start":{"line":866,"column":14},"end":{"line":866,"column":23}},"211":{"start":{"line":869,"column":38},"end":{"line":871,"column":13}},"212":{"start":{"line":873,"column":12},"end":{"line":881,"column":13}},"213":{"start":{"line":874,"column":14},"end":{"line":874,"column":40}},"214":{"start":{"line":875,"column":14},"end":{"line":879,"column":17}},"215":{"start":{"line":880,"column":14},"end":{"line":880,"column":23}},"216":{"start":{"line":884,"column":14},"end":{"line":884,"column":76}},"217":{"start":{"line":886,"column":12},"end":{"line":889,"column":14}},"218":{"start":{"line":891,"column":12},"end":{"line":896,"column":15}},"219":{"start":{"line":898,"column":31},"end":{"line":898,"column":74}},"220":{"start":{"line":900,"column":12},"end":{"line":910,"column":15}},"221":{"start":{"line":912,"column":12},"end":{"line":920,"column":15}},"222":{"start":{"line":923,"column":32},"end":{"line":926,"column":11}},"223":{"start":{"line":928,"column":10},"end":{"line":928,"column":79}},"224":{"start":{"line":930,"column":10},"end":{"line":930,"column":34}},"225":{"start":{"line":932,"column":10},"end":{"line":932,"column":59}},"226":{"start":{"line":933,"column":10},"end":{"line":933,"column":19}},"227":{"start":{"line":939,"column":8},"end":{"line":995,"column":9}},"228":{"start":{"line":940,"column":23},"end":{"line":943,"column":11}},"229":{"start":{"line":945,"column":30},"end":{"line":948,"column":11}},"230":{"start":{"line":950,"column":10},"end":{"line":957,"column":11}},"231":{"start":{"line":951,"column":12},"end":{"line":955,"column":15}},"232":{"start":{"line":956,"column":12},"end":{"line":956,"column":21}},"233":{"start":{"line":959,"column":10},"end":{"line":966,"column":11}},"234":{"start":{"line":960,"column":12},"end":{"line":964,"column":15}},"235":{"start":{"line":965,"column":12},"end":{"line":965,"column":21}},"236":{"start":{"line":968,"column":10},"end":{"line":968,"column":33}},"237":{"start":{"line":971,"column":12},"end":{"line":971,"column":61}},"238":{"start":{"line":973,"column":10},"end":{"line":973,"column":70}},"239":{"start":{"line":975,"column":10},"end":{"line":983,"column":13}},"240":{"start":{"line":985,"column":32},"end":{"line":988,"column":11}},"241":{"start":{"line":990,"column":10},"end":{"line":990,"column":79}},"242":{"start":{"line":992,"column":10},"end":{"line":992,"column":34}},"243":{"start":{"line":994,"column":10},"end":{"line":994,"column":59}},"244":{"start":{"line":997,"column":8},"end":{"line":1001,"column":9}},"245":{"start":{"line":998,"column":10},"end":{"line":998,"column":36}},"246":{"start":{"line":1003,"column":8},"end":{"line":1007,"column":11}},"247":{"start":{"line":1011,"column":4},"end":{"line":1015,"column":6}},"248":{"start":{"line":1026,"column":4},"end":{"line":1028,"column":5}},"249":{"start":{"line":1027,"column":6},"end":{"line":1027,"column":66}},"250":{"start":{"line":1030,"column":4},"end":{"line":1045,"column":5}},"251":{"start":{"line":1032,"column":8},"end":{"line":1032,"column":58}},"252":{"start":{"line":1034,"column":6},"end":{"line":1038,"column":8}},"253":{"start":{"line":1040,"column":6},"end":{"line":1044,"column":8}},"254":{"start":{"line":1063,"column":4},"end":{"line":1065,"column":5}},"255":{"start":{"line":1064,"column":6},"end":{"line":1064,"column":66}},"256":{"start":{"line":1067,"column":4},"end":{"line":1073,"column":5}},"257":{"start":{"line":1068,"column":6},"end":{"line":1072,"column":8}},"258":{"start":{"line":1075,"column":4},"end":{"line":1124,"column":5}},"259":{"start":{"line":1076,"column":36},"end":{"line":1078,"column":7}},"260":{"start":{"line":1080,"column":6},"end":{"line":1086,"column":7}},"261":{"start":{"line":1081,"column":8},"end":{"line":1085,"column":10}},"262":{"start":{"line":1088,"column":6},"end":{"line":1094,"column":7}},"263":{"start":{"line":1089,"column":8},"end":{"line":1093,"column":10}},"264":{"start":{"line":1096,"column":6},"end":{"line":1104,"column":7}},"265":{"start":{"line":1097,"column":8},"end":{"line":1103,"column":10}},"266":{"start":{"line":1106,"column":6},"end":{"line":1109,"column":8}},"267":{"start":{"line":1111,"column":6},"end":{"line":1117,"column":8}},"268":{"start":{"line":1119,"column":6},"end":{"line":1123,"column":8}}},"fnMap":{"0":{"name":"normalizeSqlDate","decl":{"start":{"line":38,"column":9},"end":{"line":38,"column":25}},"loc":{"start":{"line":38,"column":32},"end":{"line":54,"column":1}},"line":38},"1":{"name":"normalizeFrequency","decl":{"start":{"line":68,"column":9},"end":{"line":68,"column":27}},"loc":{"start":{"line":68,"column":39},"end":{"line":76,"column":1}},"line":68},"2":{"name":"addIntervalToSqlDate","decl":{"start":{"line":89,"column":9},"end":{"line":89,"column":29}},"loc":{"start":{"line":89,"column":50},"end":{"line":106,"column":1}},"line":89},"3":{"name":"creerTransactionProgrammee","decl":{"start":{"line":118,"column":15},"end":{"line":118,"column":41}},"loc":{"start":{"line":118,"column":51},"end":{"line":121,"column":1}},"line":118},"4":{"name":"(anonymous_4)","decl":{"start":{"line":146,"column":2},"end":{"line":146,"column":3}},"loc":{"start":{"line":146,"column":40},"end":{"line":289,"column":3}},"line":146},"5":{"name":"(anonymous_5)","decl":{"start":{"line":310,"column":2},"end":{"line":310,"column":3}},"loc":{"start":{"line":310,"column":39},"end":{"line":562,"column":3}},"line":310},"6":{"name":"(anonymous_6)","decl":{"start":{"line":583,"column":2},"end":{"line":583,"column":3}},"loc":{"start":{"line":583,"column":25},"end":{"line":686,"column":3}},"line":583},"7":{"name":"(anonymous_7)","decl":{"start":{"line":703,"column":2},"end":{"line":703,"column":3}},"loc":{"start":{"line":703,"column":42},"end":{"line":1016,"column":3}},"line":703},"8":{"name":"(anonymous_8)","decl":{"start":{"line":1025,"column":2},"end":{"line":1025,"column":3}},"loc":{"start":{"line":1025,"column":41},"end":{"line":1046,"column":3}},"line":1025},"9":{"name":"(anonymous_9)","decl":{"start":{"line":1062,"column":2},"end":{"line":1062,"column":3}},"loc":{"start":{"line":1062,"column":67},"end":{"line":1125,"column":3}},"line":1062}},"branchMap":{"0":{"loc":{"start":{"line":45,"column":2},"end":{"line":47,"column":3}},"type":"if","locations":[{"start":{"line":45,"column":2},"end":{"line":47,"column":3}},{"start":{},"end":{}}],"line":45},"1":{"loc":{"start":{"line":45,"column":6},"end":{"line":45,"column":73}},"type":"binary-expr","locations":[{"start":{"line":45,"column":6},"end":{"line":45,"column":30}},{"start":{"line":45,"column":34},"end":{"line":45,"column":73}}],"line":45},"2":{"loc":{"start":{"line":69,"column":37},"end":{"line":69,"column":56}},"type":"binary-expr","locations":[{"start":{"line":69,"column":37},"end":{"line":69,"column":46}},{"start":{"line":69,"column":50},"end":{"line":69,"column":56}}],"line":69},"3":{"loc":{"start":{"line":71,"column":2},"end":{"line":73,"column":3}},"type":"if","locations":[{"start":{"line":71,"column":2},"end":{"line":73,"column":3}},{"start":{},"end":{}}],"line":71},"4":{"loc":{"start":{"line":71,"column":6},"end":{"line":71,"column":75}},"type":"binary-expr","locations":[{"start":{"line":71,"column":6},"end":{"line":71,"column":38}},{"start":{"line":71,"column":42},"end":{"line":71,"column":75}}],"line":71},"5":{"loc":{"start":{"line":92,"column":2},"end":{"line":96,"column":3}},"type":"if","locations":[{"start":{"line":92,"column":2},"end":{"line":96,"column":3}},{"start":{"line":94,"column":9},"end":{"line":96,"column":3}}],"line":92},"6":{"loc":{"start":{"line":94,"column":9},"end":{"line":96,"column":3}},"type":"if","locations":[{"start":{"line":94,"column":9},"end":{"line":96,"column":3}},{"start":{},"end":{}}],"line":94},"7":{"loc":{"start":{"line":164,"column":4},"end":{"line":166,"column":5}},"type":"if","locations":[{"start":{"line":164,"column":4},"end":{"line":166,"column":5}},{"start":{},"end":{}}],"line":164},"8":{"loc":{"start":{"line":164,"column":8},"end":{"line":164,"column":47}},"type":"binary-expr","locations":[{"start":{"line":164,"column":8},"end":{"line":164,"column":32}},{"start":{"line":164,"column":36},"end":{"line":164,"column":47}}],"line":164},"9":{"loc":{"start":{"line":169,"column":4},"end":{"line":171,"column":5}},"type":"if","locations":[{"start":{"line":169,"column":4},"end":{"line":171,"column":5}},{"start":{},"end":{}}],"line":169},"10":{"loc":{"start":{"line":169,"column":8},"end":{"line":169,"column":38}},"type":"binary-expr","locations":[{"start":{"line":169,"column":8},"end":{"line":169,"column":22}},{"start":{"line":169,"column":26},"end":{"line":169,"column":38}}],"line":169},"11":{"loc":{"start":{"line":174,"column":4},"end":{"line":176,"column":5}},"type":"if","locations":[{"start":{"line":174,"column":4},"end":{"line":176,"column":5}},{"start":{},"end":{}}],"line":174},"12":{"loc":{"start":{"line":182,"column":4},"end":{"line":184,"column":5}},"type":"if","locations":[{"start":{"line":182,"column":4},"end":{"line":184,"column":5}},{"start":{},"end":{}}],"line":182},"13":{"loc":{"start":{"line":186,"column":4},"end":{"line":188,"column":5}},"type":"if","locations":[{"start":{"line":186,"column":4},"end":{"line":188,"column":5}},{"start":{},"end":{}}],"line":186},"14":{"loc":{"start":{"line":191,"column":4},"end":{"line":193,"column":5}},"type":"if","locations":[{"start":{"line":191,"column":4},"end":{"line":193,"column":5}},{"start":{},"end":{}}],"line":191},"15":{"loc":{"start":{"line":215,"column":6},"end":{"line":215,"column":78}},"type":"if","locations":[{"start":{"line":215,"column":6},"end":{"line":215,"column":78}},{"start":{},"end":{}}],"line":215},"16":{"loc":{"start":{"line":216,"column":22},"end":{"line":216,"column":76}},"type":"cond-expr","locations":[{"start":{"line":216,"column":42},"end":{"line":216,"column":71}},{"start":{"line":216,"column":74},"end":{"line":216,"column":76}}],"line":216},"17":{"loc":{"start":{"line":223,"column":48},"end":{"line":223,"column":85}},"type":"cond-expr","locations":[{"start":{"line":223,"column":62},"end":{"line":223,"column":80}},{"start":{"line":223,"column":83},"end":{"line":223,"column":85}}],"line":223},"18":{"loc":{"start":{"line":232,"column":48},"end":{"line":232,"column":85}},"type":"cond-expr","locations":[{"start":{"line":232,"column":62},"end":{"line":232,"column":80}},{"start":{"line":232,"column":83},"end":{"line":232,"column":85}}],"line":232},"19":{"loc":{"start":{"line":243,"column":6},"end":{"line":257,"column":7}},"type":"if","locations":[{"start":{"line":243,"column":6},"end":{"line":257,"column":7}},{"start":{},"end":{}}],"line":243},"20":{"loc":{"start":{"line":254,"column":23},"end":{"line":254,"column":42}},"type":"binary-expr","locations":[{"start":{"line":254,"column":23},"end":{"line":254,"column":34}},{"start":{"line":254,"column":38},"end":{"line":254,"column":42}}],"line":254},"21":{"loc":{"start":{"line":265,"column":16},"end":{"line":265,"column":88}},"type":"cond-expr","locations":[{"start":{"line":265,"column":49},"end":{"line":265,"column":60}},{"start":{"line":265,"column":63},"end":{"line":265,"column":88}}],"line":265},"22":{"loc":{"start":{"line":267,"column":12},"end":{"line":269,"column":99}},"type":"cond-expr","locations":[{"start":{"line":268,"column":16},"end":{"line":268,"column":56}},{"start":{"line":269,"column":16},"end":{"line":269,"column":99}}],"line":267},"23":{"loc":{"start":{"line":327,"column":30},"end":{"line":327,"column":50}},"type":"binary-expr","locations":[{"start":{"line":327,"column":30},"end":{"line":327,"column":44}},{"start":{"line":327,"column":48},"end":{"line":327,"column":50}}],"line":327},"24":{"loc":{"start":{"line":328,"column":34},"end":{"line":328,"column":58}},"type":"binary-expr","locations":[{"start":{"line":328,"column":34},"end":{"line":328,"column":52}},{"start":{"line":328,"column":56},"end":{"line":328,"column":58}}],"line":328},"25":{"loc":{"start":{"line":329,"column":33},"end":{"line":329,"column":56}},"type":"binary-expr","locations":[{"start":{"line":329,"column":33},"end":{"line":329,"column":50}},{"start":{"line":329,"column":54},"end":{"line":329,"column":56}}],"line":329},"26":{"loc":{"start":{"line":331,"column":4},"end":{"line":333,"column":5}},"type":"if","locations":[{"start":{"line":331,"column":4},"end":{"line":333,"column":5}},{"start":{},"end":{}}],"line":331},"27":{"loc":{"start":{"line":335,"column":4},"end":{"line":337,"column":5}},"type":"if","locations":[{"start":{"line":335,"column":4},"end":{"line":337,"column":5}},{"start":{},"end":{}}],"line":335},"28":{"loc":{"start":{"line":335,"column":8},"end":{"line":335,"column":47}},"type":"binary-expr","locations":[{"start":{"line":335,"column":8},"end":{"line":335,"column":32}},{"start":{"line":335,"column":36},"end":{"line":335,"column":47}}],"line":335},"29":{"loc":{"start":{"line":339,"column":4},"end":{"line":345,"column":5}},"type":"if","locations":[{"start":{"line":339,"column":4},"end":{"line":345,"column":5}},{"start":{},"end":{}}],"line":339},"30":{"loc":{"start":{"line":339,"column":8},"end":{"line":339,"column":37}},"type":"binary-expr","locations":[{"start":{"line":339,"column":8},"end":{"line":339,"column":22}},{"start":{"line":339,"column":26},"end":{"line":339,"column":37}}],"line":339},"31":{"loc":{"start":{"line":348,"column":4},"end":{"line":354,"column":5}},"type":"if","locations":[{"start":{"line":348,"column":4},"end":{"line":354,"column":5}},{"start":{},"end":{}}],"line":348},"32":{"loc":{"start":{"line":357,"column":4},"end":{"line":373,"column":5}},"type":"if","locations":[{"start":{"line":357,"column":4},"end":{"line":373,"column":5}},{"start":{},"end":{}}],"line":357},"33":{"loc":{"start":{"line":358,"column":6},"end":{"line":364,"column":7}},"type":"if","locations":[{"start":{"line":358,"column":6},"end":{"line":364,"column":7}},{"start":{},"end":{}}],"line":358},"34":{"loc":{"start":{"line":366,"column":6},"end":{"line":372,"column":7}},"type":"if","locations":[{"start":{"line":366,"column":6},"end":{"line":372,"column":7}},{"start":{},"end":{}}],"line":366},"35":{"loc":{"start":{"line":376,"column":4},"end":{"line":378,"column":5}},"type":"if","locations":[{"start":{"line":376,"column":4},"end":{"line":378,"column":5}},{"start":{},"end":{}}],"line":376},"36":{"loc":{"start":{"line":381,"column":4},"end":{"line":383,"column":5}},"type":"if","locations":[{"start":{"line":381,"column":4},"end":{"line":383,"column":5}},{"start":{},"end":{}}],"line":381},"37":{"loc":{"start":{"line":401,"column":6},"end":{"line":488,"column":7}},"type":"if","locations":[{"start":{"line":401,"column":6},"end":{"line":488,"column":7}},{"start":{"line":415,"column":13},"end":{"line":488,"column":7}}],"line":401},"38":{"loc":{"start":{"line":422,"column":8},"end":{"line":429,"column":9}},"type":"if","locations":[{"start":{"line":422,"column":8},"end":{"line":429,"column":9}},{"start":{},"end":{}}],"line":422},"39":{"loc":{"start":{"line":431,"column":8},"end":{"line":438,"column":9}},"type":"if","locations":[{"start":{"line":431,"column":8},"end":{"line":438,"column":9}},{"start":{},"end":{}}],"line":431},"40":{"loc":{"start":{"line":440,"column":8},"end":{"line":447,"column":9}},"type":"if","locations":[{"start":{"line":440,"column":8},"end":{"line":447,"column":9}},{"start":{},"end":{}}],"line":440},"41":{"loc":{"start":{"line":450,"column":8},"end":{"line":457,"column":9}},"type":"if","locations":[{"start":{"line":450,"column":8},"end":{"line":457,"column":9}},{"start":{},"end":{}}],"line":450},"42":{"loc":{"start":{"line":470,"column":21},"end":{"line":470,"column":73}},"type":"cond-expr","locations":[{"start":{"line":470,"column":35},"end":{"line":470,"column":68}},{"start":{"line":470,"column":71},"end":{"line":470,"column":73}}],"line":470},"43":{"loc":{"start":{"line":471,"column":24},"end":{"line":471,"column":83}},"type":"cond-expr","locations":[{"start":{"line":471,"column":46},"end":{"line":471,"column":78}},{"start":{"line":471,"column":81},"end":{"line":471,"column":83}}],"line":471},"44":{"loc":{"start":{"line":491,"column":19},"end":{"line":491,"column":71}},"type":"cond-expr","locations":[{"start":{"line":491,"column":33},"end":{"line":491,"column":66}},{"start":{"line":491,"column":69},"end":{"line":491,"column":71}}],"line":491},"45":{"loc":{"start":{"line":492,"column":22},"end":{"line":492,"column":81}},"type":"cond-expr","locations":[{"start":{"line":492,"column":44},"end":{"line":492,"column":76}},{"start":{"line":492,"column":79},"end":{"line":492,"column":81}}],"line":492},"46":{"loc":{"start":{"line":494,"column":35},"end":{"line":496,"column":79}},"type":"cond-expr","locations":[{"start":{"line":495,"column":10},"end":{"line":495,"column":53}},{"start":{"line":496,"column":10},"end":{"line":496,"column":79}}],"line":494},"47":{"loc":{"start":{"line":496,"column":13},"end":{"line":496,"column":40}},"type":"binary-expr","locations":[{"start":{"line":496,"column":13},"end":{"line":496,"column":34}},{"start":{"line":496,"column":38},"end":{"line":496,"column":40}}],"line":496},"48":{"loc":{"start":{"line":496,"column":44},"end":{"line":496,"column":70}},"type":"binary-expr","locations":[{"start":{"line":496,"column":44},"end":{"line":496,"column":64}},{"start":{"line":496,"column":68},"end":{"line":496,"column":70}}],"line":496},"49":{"loc":{"start":{"line":502,"column":21},"end":{"line":504,"column":45}},"type":"cond-expr","locations":[{"start":{"line":503,"column":12},"end":{"line":503,"column":71}},{"start":{"line":504,"column":12},"end":{"line":504,"column":45}}],"line":502},"50":{"loc":{"start":{"line":513,"column":6},"end":{"line":530,"column":7}},"type":"if","locations":[{"start":{"line":513,"column":6},"end":{"line":530,"column":7}},{"start":{},"end":{}}],"line":513},"51":{"loc":{"start":{"line":521,"column":30},"end":{"line":521,"column":52}},"type":"binary-expr","locations":[{"start":{"line":521,"column":30},"end":{"line":521,"column":44}},{"start":{"line":521,"column":48},"end":{"line":521,"column":52}}],"line":521},"52":{"loc":{"start":{"line":522,"column":29},"end":{"line":522,"column":50}},"type":"binary-expr","locations":[{"start":{"line":522,"column":29},"end":{"line":522,"column":42}},{"start":{"line":522,"column":46},"end":{"line":522,"column":50}}],"line":522},"53":{"loc":{"start":{"line":527,"column":23},"end":{"line":527,"column":42}},"type":"binary-expr","locations":[{"start":{"line":527,"column":23},"end":{"line":527,"column":34}},{"start":{"line":527,"column":38},"end":{"line":527,"column":42}}],"line":527},"54":{"loc":{"start":{"line":538,"column":16},"end":{"line":538,"column":88}},"type":"cond-expr","locations":[{"start":{"line":538,"column":49},"end":{"line":538,"column":60}},{"start":{"line":538,"column":63},"end":{"line":538,"column":88}}],"line":538},"55":{"loc":{"start":{"line":540,"column":12},"end":{"line":542,"column":107}},"type":"cond-expr","locations":[{"start":{"line":541,"column":16},"end":{"line":541,"column":56}},{"start":{"line":542,"column":16},"end":{"line":542,"column":107}}],"line":540},"56":{"loc":{"start":{"line":597,"column":4},"end":{"line":599,"column":5}},"type":"if","locations":[{"start":{"line":597,"column":4},"end":{"line":599,"column":5}},{"start":{},"end":{}}],"line":597},"57":{"loc":{"start":{"line":597,"column":8},"end":{"line":597,"column":47}},"type":"binary-expr","locations":[{"start":{"line":597,"column":8},"end":{"line":597,"column":32}},{"start":{"line":597,"column":36},"end":{"line":597,"column":47}}],"line":597},"58":{"loc":{"start":{"line":601,"column":4},"end":{"line":603,"column":5}},"type":"if","locations":[{"start":{"line":601,"column":4},"end":{"line":603,"column":5}},{"start":{},"end":{}}],"line":601},"59":{"loc":{"start":{"line":601,"column":8},"end":{"line":601,"column":40}},"type":"binary-expr","locations":[{"start":{"line":601,"column":8},"end":{"line":601,"column":22}},{"start":{"line":601,"column":26},"end":{"line":601,"column":40}}],"line":601},"60":{"loc":{"start":{"line":606,"column":4},"end":{"line":608,"column":5}},"type":"if","locations":[{"start":{"line":606,"column":4},"end":{"line":608,"column":5}},{"start":{},"end":{}}],"line":606},"61":{"loc":{"start":{"line":611,"column":4},"end":{"line":613,"column":5}},"type":"if","locations":[{"start":{"line":611,"column":4},"end":{"line":613,"column":5}},{"start":{},"end":{}}],"line":611},"62":{"loc":{"start":{"line":616,"column":4},"end":{"line":618,"column":5}},"type":"if","locations":[{"start":{"line":616,"column":4},"end":{"line":618,"column":5}},{"start":{},"end":{}}],"line":616},"63":{"loc":{"start":{"line":626,"column":22},"end":{"line":626,"column":81}},"type":"cond-expr","locations":[{"start":{"line":626,"column":44},"end":{"line":626,"column":76}},{"start":{"line":626,"column":79},"end":{"line":626,"column":81}}],"line":626},"64":{"loc":{"start":{"line":633,"column":62},"end":{"line":633,"column":99}},"type":"cond-expr","locations":[{"start":{"line":633,"column":76},"end":{"line":633,"column":94}},{"start":{"line":633,"column":97},"end":{"line":633,"column":99}}],"line":633},"65":{"loc":{"start":{"line":644,"column":6},"end":{"line":658,"column":7}},"type":"if","locations":[{"start":{"line":644,"column":6},"end":{"line":658,"column":7}},{"start":{},"end":{}}],"line":644},"66":{"loc":{"start":{"line":655,"column":23},"end":{"line":655,"column":42}},"type":"binary-expr","locations":[{"start":{"line":655,"column":23},"end":{"line":655,"column":34}},{"start":{"line":655,"column":38},"end":{"line":655,"column":42}}],"line":655},"67":{"loc":{"start":{"line":666,"column":16},"end":{"line":666,"column":88}},"type":"cond-expr","locations":[{"start":{"line":666,"column":49},"end":{"line":666,"column":60}},{"start":{"line":666,"column":63},"end":{"line":666,"column":88}}],"line":666},"68":{"loc":{"start":{"line":668,"column":12},"end":{"line":670,"column":95}},"type":"cond-expr","locations":[{"start":{"line":669,"column":16},"end":{"line":669,"column":48}},{"start":{"line":670,"column":16},"end":{"line":670,"column":95}}],"line":668},"69":{"loc":{"start":{"line":716,"column":8},"end":{"line":793,"column":9}},"type":"if","locations":[{"start":{"line":716,"column":8},"end":{"line":793,"column":9}},{"start":{},"end":{}}],"line":716},"70":{"loc":{"start":{"line":727,"column":10},"end":{"line":734,"column":11}},"type":"if","locations":[{"start":{"line":727,"column":10},"end":{"line":734,"column":11}},{"start":{},"end":{}}],"line":727},"71":{"loc":{"start":{"line":727,"column":14},"end":{"line":727,"column":26}},"type":"binary-expr","locations":[{"start":{"line":727,"column":14},"end":{"line":727,"column":19}},{"start":{"line":727,"column":23},"end":{"line":727,"column":26}}],"line":727},"72":{"loc":{"start":{"line":736,"column":10},"end":{"line":743,"column":11}},"type":"if","locations":[{"start":{"line":736,"column":10},"end":{"line":743,"column":11}},{"start":{},"end":{}}],"line":736},"73":{"loc":{"start":{"line":767,"column":14},"end":{"line":767,"column":75}},"type":"cond-expr","locations":[{"start":{"line":767,"column":40},"end":{"line":767,"column":70}},{"start":{"line":767,"column":73},"end":{"line":767,"column":75}}],"line":767},"74":{"loc":{"start":{"line":777,"column":14},"end":{"line":777,"column":75}},"type":"cond-expr","locations":[{"start":{"line":777,"column":40},"end":{"line":777,"column":70}},{"start":{"line":777,"column":73},"end":{"line":777,"column":75}}],"line":777},"75":{"loc":{"start":{"line":798,"column":8},"end":{"line":934,"column":9}},"type":"if","locations":[{"start":{"line":798,"column":8},"end":{"line":934,"column":9}},{"start":{},"end":{}}],"line":798},"76":{"loc":{"start":{"line":804,"column":10},"end":{"line":811,"column":11}},"type":"if","locations":[{"start":{"line":804,"column":10},"end":{"line":811,"column":11}},{"start":{},"end":{}}],"line":804},"77":{"loc":{"start":{"line":813,"column":10},"end":{"line":820,"column":11}},"type":"if","locations":[{"start":{"line":813,"column":10},"end":{"line":820,"column":11}},{"start":{},"end":{}}],"line":813},"78":{"loc":{"start":{"line":829,"column":10},"end":{"line":921,"column":11}},"type":"if","locations":[{"start":{"line":829,"column":10},"end":{"line":921,"column":11}},{"start":{"line":854,"column":17},"end":{"line":921,"column":11}}],"line":829},"79":{"loc":{"start":{"line":838,"column":14},"end":{"line":838,"column":52}},"type":"binary-expr","locations":[{"start":{"line":838,"column":14},"end":{"line":838,"column":46}},{"start":{"line":838,"column":50},"end":{"line":838,"column":52}}],"line":838},"80":{"loc":{"start":{"line":839,"column":16},"end":{"line":839,"column":53}},"type":"binary-expr","locations":[{"start":{"line":839,"column":16},"end":{"line":839,"column":47}},{"start":{"line":839,"column":51},"end":{"line":839,"column":53}}],"line":839},"81":{"loc":{"start":{"line":845,"column":27},"end":{"line":851,"column":52}},"type":"cond-expr","locations":[{"start":{"line":846,"column":18},"end":{"line":848,"column":52}},{"start":{"line":849,"column":18},"end":{"line":851,"column":52}}],"line":845},"82":{"loc":{"start":{"line":847,"column":20},"end":{"line":847,"column":81}},"type":"cond-expr","locations":[{"start":{"line":847,"column":46},"end":{"line":847,"column":76}},{"start":{"line":847,"column":79},"end":{"line":847,"column":81}}],"line":847},"83":{"loc":{"start":{"line":850,"column":20},"end":{"line":850,"column":81}},"type":"cond-expr","locations":[{"start":{"line":850,"column":46},"end":{"line":850,"column":76}},{"start":{"line":850,"column":79},"end":{"line":850,"column":81}}],"line":850},"84":{"loc":{"start":{"line":859,"column":12},"end":{"line":867,"column":13}},"type":"if","locations":[{"start":{"line":859,"column":12},"end":{"line":867,"column":13}},{"start":{},"end":{}}],"line":859},"85":{"loc":{"start":{"line":873,"column":12},"end":{"line":881,"column":13}},"type":"if","locations":[{"start":{"line":873,"column":12},"end":{"line":881,"column":13}},{"start":{},"end":{}}],"line":873},"86":{"loc":{"start":{"line":907,"column":16},"end":{"line":907,"column":77}},"type":"cond-expr","locations":[{"start":{"line":907,"column":42},"end":{"line":907,"column":72}},{"start":{"line":907,"column":75},"end":{"line":907,"column":77}}],"line":907},"87":{"loc":{"start":{"line":917,"column":16},"end":{"line":917,"column":77}},"type":"cond-expr","locations":[{"start":{"line":917,"column":42},"end":{"line":917,"column":72}},{"start":{"line":917,"column":75},"end":{"line":917,"column":77}}],"line":917},"88":{"loc":{"start":{"line":939,"column":8},"end":{"line":995,"column":9}},"type":"if","locations":[{"start":{"line":939,"column":8},"end":{"line":995,"column":9}},{"start":{},"end":{}}],"line":939},"89":{"loc":{"start":{"line":950,"column":10},"end":{"line":957,"column":11}},"type":"if","locations":[{"start":{"line":950,"column":10},"end":{"line":957,"column":11}},{"start":{},"end":{}}],"line":950},"90":{"loc":{"start":{"line":950,"column":14},"end":{"line":950,"column":35}},"type":"binary-expr","locations":[{"start":{"line":950,"column":14},"end":{"line":950,"column":19}},{"start":{"line":950,"column":23},"end":{"line":950,"column":35}}],"line":950},"91":{"loc":{"start":{"line":959,"column":10},"end":{"line":966,"column":11}},"type":"if","locations":[{"start":{"line":959,"column":10},"end":{"line":966,"column":11}},{"start":{},"end":{}}],"line":959},"92":{"loc":{"start":{"line":980,"column":14},"end":{"line":980,"column":75}},"type":"cond-expr","locations":[{"start":{"line":980,"column":40},"end":{"line":980,"column":70}},{"start":{"line":980,"column":73},"end":{"line":980,"column":75}}],"line":980},"93":{"loc":{"start":{"line":1026,"column":4},"end":{"line":1028,"column":5}},"type":"if","locations":[{"start":{"line":1026,"column":4},"end":{"line":1028,"column":5}},{"start":{},"end":{}}],"line":1026},"94":{"loc":{"start":{"line":1063,"column":4},"end":{"line":1065,"column":5}},"type":"if","locations":[{"start":{"line":1063,"column":4},"end":{"line":1065,"column":5}},{"start":{},"end":{}}],"line":1063},"95":{"loc":{"start":{"line":1067,"column":4},"end":{"line":1073,"column":5}},"type":"if","locations":[{"start":{"line":1067,"column":4},"end":{"line":1073,"column":5}},{"start":{},"end":{}}],"line":1067},"96":{"loc":{"start":{"line":1080,"column":6},"end":{"line":1086,"column":7}},"type":"if","locations":[{"start":{"line":1080,"column":6},"end":{"line":1086,"column":7}},{"start":{},"end":{}}],"line":1080},"97":{"loc":{"start":{"line":1088,"column":6},"end":{"line":1094,"column":7}},"type":"if","locations":[{"start":{"line":1088,"column":6},"end":{"line":1094,"column":7}},{"start":{},"end":{}}],"line":1088},"98":{"loc":{"start":{"line":1096,"column":6},"end":{"line":1104,"column":7}},"type":"if","locations":[{"start":{"line":1096,"column":6},"end":{"line":1104,"column":7}},{"start":{},"end":{}}],"line":1096}},"s":{"0":12,"1":12,"2":12,"3":12,"4":12,"5":0,"6":12,"7":12,"8":12,"9":12,"10":9,"11":9,"12":2,"13":7,"14":3,"15":3,"16":2,"17":1,"18":1,"19":3,"20":3,"21":3,"22":3,"23":3,"24":3,"25":3,"26":2,"27":2,"28":1,"29":3,"30":3,"31":3,"32":3,"33":1,"34":2,"35":0,"36":2,"37":0,"38":2,"39":2,"40":2,"41":1,"42":1,"43":0,"44":1,"45":0,"46":1,"47":1,"48":1,"49":1,"50":1,"51":1,"52":1,"53":1,"54":1,"55":1,"56":1,"57":1,"58":1,"59":1,"60":1,"61":1,"62":1,"63":1,"64":1,"65":0,"66":0,"67":4,"68":4,"69":4,"70":4,"71":4,"72":4,"73":4,"74":1,"75":3,"76":0,"77":3,"78":0,"79":3,"80":3,"81":1,"82":2,"83":1,"84":0,"85":1,"86":0,"87":2,"88":2,"89":0,"90":2,"91":0,"92":2,"93":2,"94":2,"95":2,"96":2,"97":2,"98":2,"99":2,"100":1,"101":1,"102":1,"103":1,"104":1,"105":1,"106":0,"107":0,"108":0,"109":0,"110":0,"111":0,"112":0,"113":0,"114":0,"115":0,"116":0,"117":0,"118":0,"119":0,"120":0,"121":0,"122":0,"123":0,"124":1,"125":1,"126":1,"127":1,"128":1,"129":0,"130":0,"131":1,"132":1,"133":0,"134":0,"135":2,"136":2,"137":2,"138":2,"139":0,"140":2,"141":0,"142":2,"143":2,"144":0,"145":2,"146":2,"147":1,"148":1,"149":0,"150":1,"151":1,"152":1,"153":1,"154":1,"155":1,"156":1,"157":1,"158":1,"159":1,"160":1,"161":1,"162":0,"163":0,"164":3,"165":3,"166":3,"167":3,"168":2,"169":2,"170":1,"171":1,"172":1,"173":0,"174":0,"175":1,"176":0,"177":0,"178":1,"179":1,"180":1,"181":1,"182":1,"183":1,"184":1,"185":1,"186":1,"187":1,"188":1,"189":1,"190":1,"191":1,"192":0,"193":0,"194":0,"195":0,"196":0,"197":0,"198":0,"199":0,"200":0,"201":0,"202":0,"203":0,"204":0,"205":0,"206":0,"207":0,"208":0,"209":0,"210":0,"211":0,"212":0,"213":0,"214":0,"215":0,"216":0,"217":0,"218":0,"219":0,"220":0,"221":0,"222":0,"223":0,"224":0,"225":0,"226":0,"227":1,"228":1,"229":1,"230":1,"231":0,"232":0,"233":1,"234":1,"235":1,"236":0,"237":0,"238":0,"239":0,"240":0,"241":0,"242":0,"243":0,"244":0,"245":0,"246":0,"247":3,"248":2,"249":1,"250":1,"251":1,"252":1,"253":0,"254":3,"255":0,"256":3,"257":1,"258":2,"259":2,"260":2,"261":0,"262":2,"263":0,"264":2,"265":1,"266":1,"267":1,"268":0},"f":{"0":12,"1":9,"2":3,"3":2,"4":3,"5":4,"6":2,"7":3,"8":2,"9":3},"b":{"0":[0,12],"1":[12,0],"2":[9,7],"3":[2,7],"4":[9,8],"5":[2,1],"6":[1,0],"7":[1,2],"8":[3,3],"9":[0,2],"10":[2,2],"11":[0,2],"12":[1,1],"13":[0,1],"14":[0,1],"15":[1,0],"16":[1,0],"17":[0,1],"18":[0,1],"19":[1,0],"20":[1,1],"21":[0,1],"22":[0,1],"23":[4,1],"24":[4,3],"25":[4,3],"26":[1,3],"27":[0,3],"28":[3,3],"29":[0,3],"30":[3,3],"31":[1,2],"32":[1,1],"33":[0,1],"34":[0,1],"35":[0,2],"36":[0,2],"37":[1,1],"38":[1,0],"39":[0,0],"40":[0,0],"41":[0,0],"42":[0,0],"43":[0,0],"44":[0,1],"45":[1,0],"46":[1,0],"47":[0,0],"48":[0,0],"49":[1,0],"50":[0,1],"51":[0,0],"52":[0,0],"53":[0,0],"54":[1,0],"55":[1,0],"56":[0,2],"57":[2,2],"58":[0,2],"59":[2,2],"60":[0,2],"61":[1,1],"62":[0,1],"63":[1,0],"64":[0,1],"65":[1,0],"66":[1,1],"67":[0,1],"68":[0,1],"69":[1,1],"70":[0,1],"71":[1,1],"72":[0,1],"73":[0,1],"74":[0,1],"75":[0,1],"76":[0,0],"77":[0,0],"78":[0,0],"79":[0,0],"80":[0,0],"81":[0,0],"82":[0,0],"83":[0,0],"84":[0,0],"85":[0,0],"86":[0,0],"87":[0,0],"88":[1,0],"89":[0,1],"90":[1,1],"91":[1,0],"92":[0,0],"93":[1,1],"94":[0,3],"95":[1,2],"96":[0,2],"97":[0,2],"98":[1,1]},"inputSourceMap":null,"_coverageSchema":"1a1c01bbd47fc00a2c39e90264f33305004495a9","hash":"910b55b32d9171f57bf30aa3f49eacc77b2ad876"}
}
