{"D:\\cours\\hivers2026\\projetIntegrateur\\systeme-bancaire\\projetfinal\\backend\\src\\controllers\\bank.controller.js": {"path":"D:\\cours\\hivers2026\\projetIntegrateur\\systeme-bancaire\\projetfinal\\backend\\src\\controllers\\bank.controller.js","statementMap":{"0":{"start":{"line":14,"column":30},"end":{"line":171,"column":1}},"1":{"start":{"line":48,"column":4},"end":{"line":67,"column":5}},"2":{"start":{"line":50,"column":23},"end":{"line":50,"column":50}},"3":{"start":{"line":51,"column":6},"end":{"line":53,"column":7}},"4":{"start":{"line":52,"column":8},"end":{"line":52,"column":67}},"5":{"start":{"line":55,"column":6},"end":{"line":57,"column":7}},"6":{"start":{"line":56,"column":6},"end":{"line":56,"column":58}},"7":{"start":{"line":60,"column":21},"end":{"line":60,"column":66}},"8":{"start":{"line":63,"column":6},"end":{"line":63,"column":23}},"9":{"start":{"line":66,"column":6},"end":{"line":66,"column":16}},"10":{"start":{"line":121,"column":4},"end":{"line":150,"column":5}},"11":{"start":{"line":123,"column":23},"end":{"line":123,"column":50}},"12":{"start":{"line":124,"column":24},"end":{"line":124,"column":52}},"13":{"start":{"line":125,"column":19},"end":{"line":125,"column":46}},"14":{"start":{"line":128,"column":6},"end":{"line":130,"column":7}},"15":{"start":{"line":129,"column":8},"end":{"line":129,"column":69}},"16":{"start":{"line":132,"column":6},"end":{"line":134,"column":7}},"17":{"start":{"line":133,"column":6},"end":{"line":133,"column":58}},"18":{"start":{"line":137,"column":21},"end":{"line":142,"column":8}},"19":{"start":{"line":145,"column":6},"end":{"line":145,"column":23}},"20":{"start":{"line":149,"column":6},"end":{"line":149,"column":16}},"21":{"start":{"line":154,"column":2},"end":{"line":169,"column":3}},"22":{"start":{"line":155,"column":21},"end":{"line":155,"column":48}},"23":{"start":{"line":157,"column":4},"end":{"line":159,"column":5}},"24":{"start":{"line":158,"column":6},"end":{"line":158,"column":65}},"25":{"start":{"line":161,"column":4},"end":{"line":163,"column":5}},"26":{"start":{"line":162,"column":6},"end":{"line":162,"column":58}},"27":{"start":{"line":165,"column":19},"end":{"line":165,"column":74}},"28":{"start":{"line":166,"column":4},"end":{"line":166,"column":31}},"29":{"start":{"line":168,"column":4},"end":{"line":168,"column":14}}},"fnMap":{"0":{"name":"(anonymous_0)","decl":{"start":{"line":47,"column":2},"end":{"line":47,"column":3}},"loc":{"start":{"line":47,"column":42},"end":{"line":68,"column":3}},"line":47},"1":{"name":"(anonymous_1)","decl":{"start":{"line":120,"column":2},"end":{"line":120,"column":3}},"loc":{"start":{"line":120,"column":41},"end":{"line":151,"column":3}},"line":120},"2":{"name":"(anonymous_2)","decl":{"start":{"line":153,"column":2},"end":{"line":153,"column":3}},"loc":{"start":{"line":153,"column":52},"end":{"line":170,"column":1}},"line":153}},"branchMap":{"0":{"loc":{"start":{"line":51,"column":6},"end":{"line":53,"column":7}},"type":"if","locations":[{"start":{"line":51,"column":6},"end":{"line":53,"column":7}},{"start":{},"end":{}}],"line":51},"1":{"loc":{"start":{"line":55,"column":6},"end":{"line":57,"column":7}},"type":"if","locations":[{"start":{"line":55,"column":6},"end":{"line":57,"column":7}},{"start":{},"end":{}}],"line":55},"2":{"loc":{"start":{"line":55,"column":10},"end":{"line":55,"column":65}},"type":"binary-expr","locations":[{"start":{"line":55,"column":10},"end":{"line":55,"column":37}},{"start":{"line":55,"column":41},"end":{"line":55,"column":65}}],"line":55},"3":{"loc":{"start":{"line":125,"column":19},"end":{"line":125,"column":46}},"type":"binary-expr","locations":[{"start":{"line":125,"column":19},"end":{"line":125,"column":41}},{"start":{"line":125,"column":45},"end":{"line":125,"column":46}}],"line":125},"4":{"loc":{"start":{"line":128,"column":6},"end":{"line":130,"column":7}},"type":"if","locations":[{"start":{"line":128,"column":6},"end":{"line":130,"column":7}},{"start":{},"end":{}}],"line":128},"5":{"loc":{"start":{"line":128,"column":10},"end":{"line":128,"column":45}},"type":"binary-expr","locations":[{"start":{"line":128,"column":10},"end":{"line":128,"column":25}},{"start":{"line":128,"column":29},"end":{"line":128,"column":45}}],"line":128},"6":{"loc":{"start":{"line":132,"column":6},"end":{"line":134,"column":7}},"type":"if","locations":[{"start":{"line":132,"column":6},"end":{"line":134,"column":7}},{"start":{},"end":{}}],"line":132},"7":{"loc":{"start":{"line":132,"column":10},"end":{"line":132,"column":65}},"type":"binary-expr","locations":[{"start":{"line":132,"column":10},"end":{"line":132,"column":37}},{"start":{"line":132,"column":41},"end":{"line":132,"column":65}}],"line":132},"8":{"loc":{"start":{"line":157,"column":4},"end":{"line":159,"column":5}},"type":"if","locations":[{"start":{"line":157,"column":4},"end":{"line":159,"column":5}},{"start":{},"end":{}}],"line":157},"9":{"loc":{"start":{"line":161,"column":4},"end":{"line":163,"column":5}},"type":"if","locations":[{"start":{"line":161,"column":4},"end":{"line":163,"column":5}},{"start":{},"end":{}}],"line":161},"10":{"loc":{"start":{"line":161,"column":8},"end":{"line":161,"column":63}},"type":"binary-expr","locations":[{"start":{"line":161,"column":8},"end":{"line":161,"column":35}},{"start":{"line":161,"column":39},"end":{"line":161,"column":63}}],"line":161}},"s":{"0":1,"1":5,"2":5,"3":5,"4":1,"5":4,"6":1,"7":3,"8":2,"9":1,"10":7,"11":7,"12":7,"13":7,"14":7,"15":2,"16":5,"17":1,"18":4,"19":3,"20":1,"21":5,"22":5,"23":5,"24":1,"25":4,"26":1,"27":3,"28":2,"29":1},"f":{"0":5,"1":7,"2":5},"b":{"0":[1,4],"1":[1,3],"2":[4,3],"3":[7,6],"4":[2,5],"5":[7,6],"6":[1,4],"7":[5,4],"8":[1,4],"9":[1,3],"10":[4,3]},"inputSourceMap":null,"_coverageSchema":"1a1c01bbd47fc00a2c39e90264f33305004495a9","hash":"dad8fec82b45935f9b627797ac893f9048a63422"}
,"D:\\cours\\hivers2026\\projetIntegrateur\\systeme-bancaire\\projetfinal\\backend\\src\\models\\beneficiary.model.js": {"path":"D:\\cours\\hivers2026\\projetIntegrateur\\systeme-bancaire\\projetfinal\\backend\\src\\models\\beneficiary.model.js","statementMap":{"0":{"start":{"line":18,"column":30},"end":{"line":119,"column":1}},"1":{"start":{"line":44,"column":4},"end":{"line":50,"column":6}},"2":{"start":{"line":75,"column":4},"end":{"line":81,"column":6}},"3":{"start":{"line":110,"column":4},"end":{"line":117,"column":6}}},"fnMap":{"0":{"name":"(anonymous_0)","decl":{"start":{"line":43,"column":2},"end":{"line":43,"column":3}},"loc":{"start":{"line":43,"column":23},"end":{"line":51,"column":3}},"line":43},"1":{"name":"(anonymous_1)","decl":{"start":{"line":74,"column":2},"end":{"line":74,"column":3}},"loc":{"start":{"line":74,"column":32},"end":{"line":82,"column":3}},"line":74},"2":{"name":"(anonymous_2)","decl":{"start":{"line":109,"column":2},"end":{"line":109,"column":3}},"loc":{"start":{"line":109,"column":52},"end":{"line":118,"column":3}},"line":109}},"branchMap":{"0":{"loc":{"start":{"line":116,"column":6},"end":{"line":116,"column":22}},"type":"binary-expr","locations":[{"start":{"line":116,"column":6},"end":{"line":116,"column":14}},{"start":{"line":116,"column":18},"end":{"line":116,"column":22}}],"line":116}},"s":{"0":1,"1":1,"2":1,"3":1},"f":{"0":1,"1":1,"2":1},"b":{"0":[1,1]},"inputSourceMap":null,"_coverageSchema":"1a1c01bbd47fc00a2c39e90264f33305004495a9","hash":"253245a16a0b208bce4d9614a675590d6883a964"}
,"D:\\cours\\hivers2026\\projetIntegrateur\\systeme-bancaire\\projetfinal\\backend\\src\\models\\transaction.model.js": {"path":"D:\\cours\\hivers2026\\projetIntegrateur\\systeme-bancaire\\projetfinal\\backend\\src\\models\\transaction.model.js","statementMap":{"0":{"start":{"line":18,"column":30},"end":{"line":143,"column":1}},"1":{"start":{"line":45,"column":4},"end":{"line":54,"column":6}},"2":{"start":{"line":72,"column":4},"end":{"line":77,"column":6}},"3":{"start":{"line":112,"column":14},"end":{"line":118,"column":5}},"4":{"start":{"line":121,"column":4},"end":{"line":121,"column":71}},"5":{"start":{"line":125,"column":2},"end":{"line":140,"column":4}}},"fnMap":{"0":{"name":"(anonymous_0)","decl":{"start":{"line":44,"column":2},"end":{"line":44,"column":3}},"loc":{"start":{"line":44,"column":53},"end":{"line":55,"column":3}},"line":44},"1":{"name":"(anonymous_1)","decl":{"start":{"line":71,"column":2},"end":{"line":71,"column":3}},"loc":{"start":{"line":71,"column":30},"end":{"line":78,"column":3}},"line":71},"2":{"name":"(anonymous_2)","decl":{"start":{"line":109,"column":2},"end":{"line":109,"column":3}},"loc":{"start":{"line":109,"column":51},"end":{"line":122,"column":3}},"line":109},"3":{"name":"(anonymous_3)","decl":{"start":{"line":124,"column":2},"end":{"line":124,"column":3}},"loc":{"start":{"line":124,"column":34},"end":{"line":141,"column":1}},"line":124}},"branchMap":{"0":{"loc":{"start":{"line":117,"column":6},"end":{"line":117,"column":25}},"type":"binary-expr","locations":[{"start":{"line":117,"column":6},"end":{"line":117,"column":17}},{"start":{"line":117,"column":21},"end":{"line":117,"column":25}}],"line":117}},"s":{"0":1,"1":3,"2":3,"3":3,"4":2,"5":3},"f":{"0":3,"1":3,"2":3,"3":3},"b":{"0":[3,1]},"inputSourceMap":null,"_coverageSchema":"1a1c01bbd47fc00a2c39e90264f33305004495a9","hash":"cbc4954b2497b7db36a8db72b52d2dc8be12e42a"}
,"D:\\cours\\hivers2026\\projetIntegrateur\\systeme-bancaire\\projetfinal\\backend\\src\\services\\auth.service.js": {"path":"D:\\cours\\hivers2026\\projetIntegrateur\\systeme-bancaire\\projetfinal\\backend\\src\\services\\auth.service.js","statementMap":{"0":{"start":{"line":19,"column":27},"end":{"line":246,"column":1}},"1":{"start":{"line":75,"column":21},"end":{"line":78,"column":5}},"2":{"start":{"line":81,"column":4},"end":{"line":85,"column":5}},"3":{"start":{"line":82,"column":6},"end":{"line":84,"column":7}},"4":{"start":{"line":83,"column":8},"end":{"line":83,"column":73}},"5":{"start":{"line":88,"column":19},"end":{"line":88,"column":56}},"6":{"start":{"line":89,"column":4},"end":{"line":91,"column":5}},"7":{"start":{"line":90,"column":6},"end":{"line":90,"column":71}},"8":{"start":{"line":94,"column":27},"end":{"line":94,"column":63}},"9":{"start":{"line":97,"column":19},"end":{"line":101,"column":6}},"10":{"start":{"line":104,"column":4},"end":{"line":108,"column":6}},"11":{"start":{"line":159,"column":4},"end":{"line":161,"column":5}},"12":{"start":{"line":160,"column":6},"end":{"line":160,"column":78}},"13":{"start":{"line":164,"column":17},"end":{"line":164,"column":49}},"14":{"start":{"line":165,"column":4},"end":{"line":168,"column":5}},"15":{"start":{"line":167,"column":6},"end":{"line":167,"column":70}},"16":{"start":{"line":171,"column":18},"end":{"line":171,"column":63}},"17":{"start":{"line":172,"column":4},"end":{"line":175,"column":5}},"18":{"start":{"line":174,"column":6},"end":{"line":174,"column":70}},"19":{"start":{"line":178,"column":18},"end":{"line":182,"column":5}},"20":{"start":{"line":185,"column":4},"end":{"line":196,"column":6}},"21":{"start":{"line":232,"column":17},"end":{"line":232,"column":47}},"22":{"start":{"line":233,"column":4},"end":{"line":235,"column":5}},"23":{"start":{"line":234,"column":6},"end":{"line":234,"column":65}},"24":{"start":{"line":238,"column":34},"end":{"line":238,"column":38}},"25":{"start":{"line":240,"column":4},"end":{"line":244,"column":6}}},"fnMap":{"0":{"name":"(anonymous_0)","decl":{"start":{"line":73,"column":2},"end":{"line":73,"column":3}},"loc":{"start":{"line":73,"column":23},"end":{"line":109,"column":3}},"line":73},"1":{"name":"(anonymous_1)","decl":{"start":{"line":157,"column":2},"end":{"line":157,"column":3}},"loc":{"start":{"line":157,"column":35},"end":{"line":197,"column":3}},"line":157},"2":{"name":"(anonymous_2)","decl":{"start":{"line":230,"column":2},"end":{"line":230,"column":3}},"loc":{"start":{"line":230,"column":31},"end":{"line":245,"column":3}},"line":230}},"branchMap":{"0":{"loc":{"start":{"line":82,"column":6},"end":{"line":84,"column":7}},"type":"if","locations":[{"start":{"line":82,"column":6},"end":{"line":84,"column":7}},{"start":{},"end":{}}],"line":82},"1":{"loc":{"start":{"line":89,"column":4},"end":{"line":91,"column":5}},"type":"if","locations":[{"start":{"line":89,"column":4},"end":{"line":91,"column":5}},{"start":{},"end":{}}],"line":89},"2":{"loc":{"start":{"line":159,"column":4},"end":{"line":161,"column":5}},"type":"if","locations":[{"start":{"line":159,"column":4},"end":{"line":161,"column":5}},{"start":{},"end":{}}],"line":159},"3":{"loc":{"start":{"line":159,"column":8},"end":{"line":159,"column":27}},"type":"binary-expr","locations":[{"start":{"line":159,"column":8},"end":{"line":159,"column":14}},{"start":{"line":159,"column":18},"end":{"line":159,"column":27}}],"line":159},"4":{"loc":{"start":{"line":165,"column":4},"end":{"line":168,"column":5}},"type":"if","locations":[{"start":{"line":165,"column":4},"end":{"line":168,"column":5}},{"start":{},"end":{}}],"line":165},"5":{"loc":{"start":{"line":172,"column":4},"end":{"line":175,"column":5}},"type":"if","locations":[{"start":{"line":172,"column":4},"end":{"line":175,"column":5}},{"start":{},"end":{}}],"line":172},"6":{"loc":{"start":{"line":233,"column":4},"end":{"line":235,"column":5}},"type":"if","locations":[{"start":{"line":233,"column":4},"end":{"line":235,"column":5}},{"start":{},"end":{}}],"line":233}},"s":{"0":1,"1":16,"2":16,"3":115,"4":10,"5":6,"6":6,"7":1,"8":5,"9":4,"10":3,"11":12,"12":3,"13":9,"14":8,"15":1,"16":7,"17":6,"18":1,"19":5,"20":4,"21":6,"22":5,"23":1,"24":4,"25":4},"f":{"0":16,"1":12,"2":6},"b":{"0":[10,105],"1":[1,5],"2":[3,9],"3":[12,10],"4":[1,7],"5":[1,5],"6":[1,4]},"inputSourceMap":null,"_coverageSchema":"1a1c01bbd47fc00a2c39e90264f33305004495a9","hash":"d734cafa5ad250a38498bbafe097a2276a4210a5"}
,"D:\\cours\\hivers2026\\projetIntegrateur\\systeme-bancaire\\projetfinal\\backend\\src\\services\\bank.service.js": {"path":"D:\\cours\\hivers2026\\projetIntegrateur\\systeme-bancaire\\projetfinal\\backend\\src\\services\\bank.service.js","statementMap":{"0":{"start":{"line":16,"column":27},"end":{"line":181,"column":1}},"1":{"start":{"line":56,"column":21},"end":{"line":56,"column":62}},"2":{"start":{"line":59,"column":20},"end":{"line":59,"column":64}},"3":{"start":{"line":61,"column":4},"end":{"line":65,"column":6}},"4":{"start":{"line":144,"column":20},"end":{"line":144,"column":77}},"5":{"start":{"line":145,"column":4},"end":{"line":149,"column":5}},"6":{"start":{"line":146,"column":18},"end":{"line":146,"column":64}},"7":{"start":{"line":147,"column":6},"end":{"line":147,"column":23}},"8":{"start":{"line":148,"column":6},"end":{"line":148,"column":16}},"9":{"start":{"line":153,"column":19},"end":{"line":153,"column":40}},"10":{"start":{"line":156,"column":25},"end":{"line":160,"column":5}},"11":{"start":{"line":163,"column":21},"end":{"line":163,"column":69}},"12":{"start":{"line":166,"column":4},"end":{"line":175,"column":6}},"13":{"start":{"line":179,"column":2},"end":{"line":179,"column":56}}},"fnMap":{"0":{"name":"(anonymous_0)","decl":{"start":{"line":54,"column":2},"end":{"line":54,"column":3}},"loc":{"start":{"line":54,"column":36},"end":{"line":66,"column":3}},"line":54},"1":{"name":"(anonymous_1)","decl":{"start":{"line":142,"column":2},"end":{"line":142,"column":3}},"loc":{"start":{"line":142,"column":75},"end":{"line":176,"column":3}},"line":142},"2":{"name":"(anonymous_2)","decl":{"start":{"line":178,"column":2},"end":{"line":178,"column":3}},"loc":{"start":{"line":178,"column":46},"end":{"line":180,"column":1}},"line":178}},"branchMap":{"0":{"loc":{"start":{"line":142,"column":48},"end":{"line":142,"column":56}},"type":"default-arg","locations":[{"start":{"line":142,"column":55},"end":{"line":142,"column":56}}],"line":142},"1":{"loc":{"start":{"line":142,"column":58},"end":{"line":142,"column":71}},"type":"default-arg","locations":[{"start":{"line":142,"column":69},"end":{"line":142,"column":71}}],"line":142},"2":{"loc":{"start":{"line":145,"column":4},"end":{"line":149,"column":5}},"type":"if","locations":[{"start":{"line":145,"column":4},"end":{"line":149,"column":5}},{"start":{},"end":{}}],"line":145}},"s":{"0":1,"1":6,"2":5,"3":4,"4":12,"5":11,"6":2,"7":2,"8":2,"9":9,"10":9,"11":8,"12":7,"13":3},"f":{"0":6,"1":12,"2":3},"b":{"0":[6],"1":[6],"2":[2,9]},"inputSourceMap":null,"_coverageSchema":"1a1c01bbd47fc00a2c39e90264f33305004495a9","hash":"52c814694f1c957d3c1126a6c92bb06c3d0f182d"}
,"D:\\cours\\hivers2026\\projetIntegrateur\\systeme-bancaire\\projetfinal\\backend\\src\\services\\beneficiary.service.js": {"path":"D:\\cours\\hivers2026\\projetIntegrateur\\systeme-bancaire\\projetfinal\\backend\\src\\services\\beneficiary.service.js","statementMap":{"0":{"start":{"line":3,"column":34},"end":{"line":8,"column":1}},"1":{"start":{"line":5,"column":17},"end":{"line":5,"column":58}},"2":{"start":{"line":6,"column":4},"end":{"line":6,"column":49}}},"fnMap":{"0":{"name":"(anonymous_0)","decl":{"start":{"line":4,"column":2},"end":{"line":4,"column":3}},"loc":{"start":{"line":4,"column":21},"end":{"line":7,"column":3}},"line":4}},"branchMap":{},"s":{"0":1,"1":2,"2":1},"f":{"0":2},"b":{},"inputSourceMap":null,"_coverageSchema":"1a1c01bbd47fc00a2c39e90264f33305004495a9","hash":"28765ef01b63c03bb23c15dd8825d100402969bc"}
,"D:\\cours\\hivers2026\\projetIntegrateur\\systeme-bancaire\\projetfinal\\backend\\src\\services\\client.service.js": {"path":"D:\\cours\\hivers2026\\projetIntegrateur\\systeme-bancaire\\projetfinal\\backend\\src\\services\\client.service.js","statementMap":{"0":{"start":{"line":26,"column":15},"end":{"line":26,"column":58}},"1":{"start":{"line":27,"column":2},"end":{"line":27,"column":55}},"2":{"start":{"line":36,"column":29},"end":{"line":365,"column":1}},"3":{"start":{"line":110,"column":4},"end":{"line":112,"column":5}},"4":{"start":{"line":111,"column":6},"end":{"line":111,"column":92}},"5":{"start":{"line":115,"column":21},"end":{"line":115,"column":58}},"6":{"start":{"line":116,"column":4},"end":{"line":118,"column":5}},"7":{"start":{"line":117,"column":6},"end":{"line":117,"column":71}},"8":{"start":{"line":122,"column":6},"end":{"line":124,"column":57}},"9":{"start":{"line":127,"column":19},"end":{"line":127,"column":55}},"10":{"start":{"line":130,"column":20},"end":{"line":142,"column":5}},"11":{"start":{"line":145,"column":4},"end":{"line":181,"column":5}},"12":{"start":{"line":146,"column":6},"end":{"line":146,"column":29}},"13":{"start":{"line":149,"column":16},"end":{"line":149,"column":47}},"14":{"start":{"line":150,"column":21},"end":{"line":150,"column":29}},"15":{"start":{"line":153,"column":31},"end":{"line":157,"column":7}},"16":{"start":{"line":159,"column":6},"end":{"line":167,"column":7}},"17":{"start":{"line":160,"column":8},"end":{"line":166,"column":11}},"18":{"start":{"line":169,"column":6},"end":{"line":169,"column":30}},"19":{"start":{"line":171,"column":6},"end":{"line":175,"column":8}},"20":{"start":{"line":178,"column":6},"end":{"line":178,"column":32}},"21":{"start":{"line":179,"column":6},"end":{"line":179,"column":65}},"22":{"start":{"line":180,"column":6},"end":{"line":180,"column":72}},"23":{"start":{"line":208,"column":18},"end":{"line":208,"column":59}},"24":{"start":{"line":209,"column":19},"end":{"line":209,"column":45}},"25":{"start":{"line":210,"column":17},"end":{"line":210,"column":55}},"26":{"start":{"line":211,"column":4},"end":{"line":211,"column":49}},"27":{"start":{"line":237,"column":16},"end":{"line":237,"column":44}},"28":{"start":{"line":238,"column":4},"end":{"line":238,"column":75}},"29":{"start":{"line":238,"column":14},"end":{"line":238,"column":75}},"30":{"start":{"line":239,"column":4},"end":{"line":239,"column":48}},"31":{"start":{"line":283,"column":21},"end":{"line":283,"column":49}},"32":{"start":{"line":284,"column":4},"end":{"line":284,"column":80}},"33":{"start":{"line":284,"column":19},"end":{"line":284,"column":80}},"34":{"start":{"line":287,"column":4},"end":{"line":290,"column":5}},"35":{"start":{"line":288,"column":21},"end":{"line":288,"column":59}},"36":{"start":{"line":289,"column":6},"end":{"line":289,"column":81}},"37":{"start":{"line":289,"column":18},"end":{"line":289,"column":81}},"38":{"start":{"line":293,"column":20},"end":{"line":293,"column":45}},"39":{"start":{"line":296,"column":4},"end":{"line":296,"column":40}},"40":{"start":{"line":297,"column":4},"end":{"line":297,"column":67}},"41":{"start":{"line":325,"column":21},"end":{"line":325,"column":49}},"42":{"start":{"line":326,"column":4},"end":{"line":326,"column":80}},"43":{"start":{"line":326,"column":19},"end":{"line":326,"column":80}},"44":{"start":{"line":328,"column":4},"end":{"line":328,"column":31}},"45":{"start":{"line":329,"column":4},"end":{"line":329,"column":67}},"46":{"start":{"line":357,"column":19},"end":{"line":357,"column":53}},"47":{"start":{"line":358,"column":4},"end":{"line":362,"column":5}},"48":{"start":{"line":359,"column":18},"end":{"line":359,"column":47}},"49":{"start":{"line":360,"column":6},"end":{"line":360,"column":23}},"50":{"start":{"line":361,"column":6},"end":{"line":361,"column":16}},"51":{"start":{"line":363,"column":4},"end":{"line":363,"column":18}}},"fnMap":{"0":{"name":"generateAccountNumber","decl":{"start":{"line":25,"column":9},"end":{"line":25,"column":30}},"loc":{"start":{"line":25,"column":37},"end":{"line":28,"column":1}},"line":25},"1":{"name":"(anonymous_1)","decl":{"start":{"line":108,"column":2},"end":{"line":108,"column":3}},"loc":{"start":{"line":108,"column":46},"end":{"line":182,"column":3}},"line":108},"2":{"name":"(anonymous_2)","decl":{"start":{"line":207,"column":2},"end":{"line":207,"column":3}},"loc":{"start":{"line":207,"column":20},"end":{"line":212,"column":3}},"line":207},"3":{"name":"(anonymous_3)","decl":{"start":{"line":236,"column":2},"end":{"line":236,"column":3}},"loc":{"start":{"line":236,"column":16},"end":{"line":240,"column":3}},"line":236},"4":{"name":"(anonymous_4)","decl":{"start":{"line":282,"column":2},"end":{"line":282,"column":3}},"loc":{"start":{"line":282,"column":26},"end":{"line":298,"column":3}},"line":282},"5":{"name":"(anonymous_5)","decl":{"start":{"line":324,"column":2},"end":{"line":324,"column":3}},"loc":{"start":{"line":324,"column":19},"end":{"line":330,"column":3}},"line":324},"6":{"name":"(anonymous_6)","decl":{"start":{"line":356,"column":2},"end":{"line":356,"column":3}},"loc":{"start":{"line":356,"column":35},"end":{"line":364,"column":3}},"line":356}},"branchMap":{"0":{"loc":{"start":{"line":110,"column":4},"end":{"line":112,"column":5}},"type":"if","locations":[{"start":{"line":110,"column":4},"end":{"line":112,"column":5}},{"start":{},"end":{}}],"line":110},"1":{"loc":{"start":{"line":110,"column":8},"end":{"line":110,"column":61}},"type":"binary-expr","locations":[{"start":{"line":110,"column":8},"end":{"line":110,"column":25}},{"start":{"line":110,"column":29},"end":{"line":110,"column":45}},{"start":{"line":110,"column":49},"end":{"line":110,"column":61}}],"line":110},"2":{"loc":{"start":{"line":116,"column":4},"end":{"line":118,"column":5}},"type":"if","locations":[{"start":{"line":116,"column":4},"end":{"line":118,"column":5}},{"start":{},"end":{}}],"line":116},"3":{"loc":{"start":{"line":122,"column":6},"end":{"line":124,"column":57}},"type":"cond-expr","locations":[{"start":{"line":123,"column":10},"end":{"line":123,"column":31}},{"start":{"line":124,"column":10},"end":{"line":124,"column":57}}],"line":122},"4":{"loc":{"start":{"line":122,"column":6},"end":{"line":122,"column":62}},"type":"binary-expr","locations":[{"start":{"line":122,"column":6},"end":{"line":122,"column":19}},{"start":{"line":122,"column":23},"end":{"line":122,"column":62}}],"line":122},"5":{"loc":{"start":{"line":136,"column":15},"end":{"line":136,"column":33}},"type":"binary-expr","locations":[{"start":{"line":136,"column":15},"end":{"line":136,"column":27}},{"start":{"line":136,"column":31},"end":{"line":136,"column":33}}],"line":136},"6":{"loc":{"start":{"line":137,"column":12},"end":{"line":137,"column":27}},"type":"binary-expr","locations":[{"start":{"line":137,"column":12},"end":{"line":137,"column":21}},{"start":{"line":137,"column":25},"end":{"line":137,"column":27}}],"line":137},"7":{"loc":{"start":{"line":138,"column":13},"end":{"line":138,"column":29}},"type":"binary-expr","locations":[{"start":{"line":138,"column":13},"end":{"line":138,"column":23}},{"start":{"line":138,"column":27},"end":{"line":138,"column":29}}],"line":138},"8":{"loc":{"start":{"line":139,"column":19},"end":{"line":139,"column":41}},"type":"binary-expr","locations":[{"start":{"line":139,"column":19},"end":{"line":139,"column":35}},{"start":{"line":139,"column":39},"end":{"line":139,"column":41}}],"line":139},"9":{"loc":{"start":{"line":140,"column":21},"end":{"line":140,"column":45}},"type":"binary-expr","locations":[{"start":{"line":140,"column":21},"end":{"line":140,"column":39}},{"start":{"line":140,"column":43},"end":{"line":140,"column":45}}],"line":140},"10":{"loc":{"start":{"line":208,"column":34},"end":{"line":208,"column":52}},"type":"binary-expr","locations":[{"start":{"line":208,"column":34},"end":{"line":208,"column":46}},{"start":{"line":208,"column":50},"end":{"line":208,"column":52}}],"line":208},"11":{"loc":{"start":{"line":209,"column":26},"end":{"line":209,"column":44}},"type":"binary-expr","locations":[{"start":{"line":209,"column":26},"end":{"line":209,"column":39}},{"start":{"line":209,"column":43},"end":{"line":209,"column":44}}],"line":209},"12":{"loc":{"start":{"line":238,"column":4},"end":{"line":238,"column":75}},"type":"if","locations":[{"start":{"line":238,"column":4},"end":{"line":238,"column":75}},{"start":{},"end":{}}],"line":238},"13":{"loc":{"start":{"line":284,"column":4},"end":{"line":284,"column":80}},"type":"if","locations":[{"start":{"line":284,"column":4},"end":{"line":284,"column":80}},{"start":{},"end":{}}],"line":284},"14":{"loc":{"start":{"line":287,"column":4},"end":{"line":290,"column":5}},"type":"if","locations":[{"start":{"line":287,"column":4},"end":{"line":290,"column":5}},{"start":{},"end":{}}],"line":287},"15":{"loc":{"start":{"line":287,"column":8},"end":{"line":287,"column":54}},"type":"binary-expr","locations":[{"start":{"line":287,"column":8},"end":{"line":287,"column":20}},{"start":{"line":287,"column":24},"end":{"line":287,"column":54}}],"line":287},"16":{"loc":{"start":{"line":289,"column":6},"end":{"line":289,"column":81}},"type":"if","locations":[{"start":{"line":289,"column":6},"end":{"line":289,"column":81}},{"start":{},"end":{}}],"line":289},"17":{"loc":{"start":{"line":326,"column":4},"end":{"line":326,"column":80}},"type":"if","locations":[{"start":{"line":326,"column":4},"end":{"line":326,"column":80}},{"start":{},"end":{}}],"line":326},"18":{"loc":{"start":{"line":358,"column":4},"end":{"line":362,"column":5}},"type":"if","locations":[{"start":{"line":358,"column":4},"end":{"line":362,"column":5}},{"start":{},"end":{}}],"line":358}},"s":{"0":13,"1":13,"2":1,"3":10,"4":3,"5":7,"6":7,"7":1,"8":6,"9":6,"10":6,"11":6,"12":6,"13":6,"14":5,"15":5,"16":5,"17":13,"18":4,"19":4,"20":2,"21":2,"22":2,"23":3,"24":3,"25":3,"26":3,"27":2,"28":2,"29":1,"30":1,"31":4,"32":4,"33":1,"34":3,"35":1,"36":1,"37":1,"38":2,"39":2,"40":2,"41":2,"42":2,"43":1,"44":1,"45":1,"46":3,"47":3,"48":2,"49":2,"50":2,"51":1},"f":{"0":13,"1":10,"2":3,"3":2,"4":4,"5":2,"6":3},"b":{"0":[3,7],"1":[10,9,8],"2":[1,6],"3":[5,1],"4":[6,5],"5":[6,1],"6":[6,1],"7":[6,1],"8":[6,1],"9":[6,1],"10":[3,1],"11":[3,2],"12":[1,1],"13":[1,3],"14":[1,2],"15":[3,2],"16":[1,0],"17":[1,1],"18":[2,1]},"inputSourceMap":null,"_coverageSchema":"1a1c01bbd47fc00a2c39e90264f33305004495a9","hash":"3afce12d09bd52a76976469b520d562020e052cf"}
,"D:\\cours\\hivers2026\\projetIntegrateur\\systeme-bancaire\\projetfinal\\backend\\src\\services\\transfer.service.js": {"path":"D:\\cours\\hivers2026\\projetIntegrateur\\systeme-bancaire\\projetfinal\\backend\\src\\services\\transfer.service.js","statementMap":{"0":{"start":{"line":31,"column":31},"end":{"line":340,"column":1}},"1":{"start":{"line":67,"column":8},"end":{"line":67,"column":15}},"2":{"start":{"line":70,"column":4},"end":{"line":72,"column":5}},"3":{"start":{"line":71,"column":6},"end":{"line":71,"column":67}},"4":{"start":{"line":75,"column":4},"end":{"line":77,"column":5}},"5":{"start":{"line":76,"column":6},"end":{"line":76,"column":68}},"6":{"start":{"line":80,"column":4},"end":{"line":82,"column":5}},"7":{"start":{"line":81,"column":6},"end":{"line":81,"column":69}},"8":{"start":{"line":85,"column":17},"end":{"line":85,"column":76}},"9":{"start":{"line":86,"column":15},"end":{"line":86,"column":72}},"10":{"start":{"line":88,"column":4},"end":{"line":88,"column":85}},"11":{"start":{"line":88,"column":15},"end":{"line":88,"column":85}},"12":{"start":{"line":89,"column":4},"end":{"line":89,"column":88}},"13":{"start":{"line":89,"column":13},"end":{"line":89,"column":88}},"14":{"start":{"line":92,"column":4},"end":{"line":94,"column":5}},"15":{"start":{"line":93,"column":6},"end":{"line":93,"column":68}},"16":{"start":{"line":96,"column":4},"end":{"line":156,"column":5}},"17":{"start":{"line":99,"column":6},"end":{"line":99,"column":29}},"18":{"start":{"line":101,"column":29},"end":{"line":101,"column":58}},"19":{"start":{"line":102,"column":27},"end":{"line":102,"column":54}},"20":{"start":{"line":104,"column":6},"end":{"line":104,"column":62}},"21":{"start":{"line":105,"column":6},"end":{"line":105,"column":58}},"22":{"start":{"line":108,"column":23},"end":{"line":112,"column":8}},"23":{"start":{"line":115,"column":25},"end":{"line":115,"column":27}},"24":{"start":{"line":116,"column":6},"end":{"line":116,"column":58}},"25":{"start":{"line":116,"column":21},"end":{"line":116,"column":58}},"26":{"start":{"line":117,"column":22},"end":{"line":117,"column":76}},"27":{"start":{"line":120,"column":20},"end":{"line":125,"column":8}},"28":{"start":{"line":128,"column":21},"end":{"line":133,"column":8}},"29":{"start":{"line":135,"column":6},"end":{"line":135,"column":30}},"30":{"start":{"line":137,"column":6},"end":{"line":149,"column":8}},"31":{"start":{"line":153,"column":6},"end":{"line":153,"column":32}},"32":{"start":{"line":155,"column":6},"end":{"line":155,"column":85}},"33":{"start":{"line":174,"column":82},"end":{"line":174,"column":89}},"34":{"start":{"line":176,"column":4},"end":{"line":176,"column":77}},"35":{"start":{"line":176,"column":17},"end":{"line":176,"column":77}},"36":{"start":{"line":178,"column":4},"end":{"line":180,"column":5}},"37":{"start":{"line":179,"column":6},"end":{"line":179,"column":67}},"38":{"start":{"line":182,"column":4},"end":{"line":184,"column":5}},"39":{"start":{"line":183,"column":6},"end":{"line":183,"column":87}},"40":{"start":{"line":186,"column":17},"end":{"line":186,"column":76}},"41":{"start":{"line":187,"column":4},"end":{"line":187,"column":85}},"42":{"start":{"line":187,"column":15},"end":{"line":187,"column":85}},"43":{"start":{"line":189,"column":15},"end":{"line":189,"column":66}},"44":{"start":{"line":190,"column":4},"end":{"line":190,"column":100}},"45":{"start":{"line":190,"column":13},"end":{"line":190,"column":100}},"46":{"start":{"line":192,"column":4},"end":{"line":194,"column":5}},"47":{"start":{"line":193,"column":6},"end":{"line":193,"column":95}},"48":{"start":{"line":196,"column":4},"end":{"line":198,"column":5}},"49":{"start":{"line":197,"column":6},"end":{"line":197,"column":68}},"50":{"start":{"line":200,"column":4},"end":{"line":260,"column":5}},"51":{"start":{"line":202,"column":6},"end":{"line":202,"column":29}},"52":{"start":{"line":204,"column":27},"end":{"line":204,"column":61}},"53":{"start":{"line":206,"column":29},"end":{"line":206,"column":58}},"54":{"start":{"line":207,"column":27},"end":{"line":207,"column":54}},"55":{"start":{"line":209,"column":6},"end":{"line":209,"column":62}},"56":{"start":{"line":210,"column":6},"end":{"line":210,"column":58}},"57":{"start":{"line":212,"column":23},"end":{"line":216,"column":8}},"58":{"start":{"line":218,"column":19},"end":{"line":218,"column":71}},"59":{"start":{"line":220,"column":20},"end":{"line":225,"column":8}},"60":{"start":{"line":227,"column":21},"end":{"line":232,"column":8}},"61":{"start":{"line":234,"column":6},"end":{"line":234,"column":30}},"62":{"start":{"line":236,"column":6},"end":{"line":246,"column":8}},"63":{"start":{"line":250,"column":6},"end":{"line":252,"column":20}},"64":{"start":{"line":251,"column":8},"end":{"line":251,"column":34}},"65":{"start":{"line":254,"column":6},"end":{"line":259,"column":8}},"66":{"start":{"line":287,"column":8},"end":{"line":287,"column":15}},"67":{"start":{"line":289,"column":4},"end":{"line":291,"column":5}},"68":{"start":{"line":290,"column":6},"end":{"line":290,"column":67}},"69":{"start":{"line":293,"column":4},"end":{"line":295,"column":5}},"70":{"start":{"line":294,"column":6},"end":{"line":294,"column":67}},"71":{"start":{"line":297,"column":17},"end":{"line":297,"column":76}},"72":{"start":{"line":298,"column":4},"end":{"line":298,"column":85}},"73":{"start":{"line":298,"column":15},"end":{"line":298,"column":85}},"74":{"start":{"line":300,"column":24},"end":{"line":300,"column":85}},"75":{"start":{"line":301,"column":4},"end":{"line":301,"column":91}},"76":{"start":{"line":301,"column":22},"end":{"line":301,"column":91}},"77":{"start":{"line":303,"column":4},"end":{"line":305,"column":5}},"78":{"start":{"line":304,"column":6},"end":{"line":304,"column":68}},"79":{"start":{"line":307,"column":4},"end":{"line":338,"column":5}},"80":{"start":{"line":309,"column":6},"end":{"line":309,"column":29}},"81":{"start":{"line":311,"column":29},"end":{"line":311,"column":58}},"82":{"start":{"line":312,"column":6},"end":{"line":312,"column":62}},"83":{"start":{"line":314,"column":20},"end":{"line":319,"column":8}},"84":{"start":{"line":321,"column":6},"end":{"line":321,"column":30}},"85":{"start":{"line":323,"column":6},"end":{"line":331,"column":8}},"86":{"start":{"line":335,"column":6},"end":{"line":335,"column":32}},"87":{"start":{"line":337,"column":6},"end":{"line":337,"column":85}}},"fnMap":{"0":{"name":"(anonymous_0)","decl":{"start":{"line":57,"column":2},"end":{"line":57,"column":3}},"loc":{"start":{"line":57,"column":40},"end":{"line":157,"column":3}},"line":57},"1":{"name":"(anonymous_1)","decl":{"start":{"line":172,"column":2},"end":{"line":172,"column":3}},"loc":{"start":{"line":172,"column":39},"end":{"line":261,"column":3}},"line":172},"2":{"name":"(anonymous_2)","decl":{"start":{"line":277,"column":2},"end":{"line":277,"column":3}},"loc":{"start":{"line":277,"column":25},"end":{"line":339,"column":3}},"line":277}},"branchMap":{"0":{"loc":{"start":{"line":70,"column":4},"end":{"line":72,"column":5}},"type":"if","locations":[{"start":{"line":70,"column":4},"end":{"line":72,"column":5}},{"start":{},"end":{}}],"line":70},"1":{"loc":{"start":{"line":70,"column":8},"end":{"line":70,"column":47}},"type":"binary-expr","locations":[{"start":{"line":70,"column":8},"end":{"line":70,"column":32}},{"start":{"line":70,"column":36},"end":{"line":70,"column":47}}],"line":70},"2":{"loc":{"start":{"line":75,"column":4},"end":{"line":77,"column":5}},"type":"if","locations":[{"start":{"line":75,"column":4},"end":{"line":77,"column":5}},{"start":{},"end":{}}],"line":75},"3":{"loc":{"start":{"line":75,"column":8},"end":{"line":75,"column":38}},"type":"binary-expr","locations":[{"start":{"line":75,"column":8},"end":{"line":75,"column":22}},{"start":{"line":75,"column":26},"end":{"line":75,"column":38}}],"line":75},"4":{"loc":{"start":{"line":80,"column":4},"end":{"line":82,"column":5}},"type":"if","locations":[{"start":{"line":80,"column":4},"end":{"line":82,"column":5}},{"start":{},"end":{}}],"line":80},"5":{"loc":{"start":{"line":88,"column":4},"end":{"line":88,"column":85}},"type":"if","locations":[{"start":{"line":88,"column":4},"end":{"line":88,"column":85}},{"start":{},"end":{}}],"line":88},"6":{"loc":{"start":{"line":89,"column":4},"end":{"line":89,"column":88}},"type":"if","locations":[{"start":{"line":89,"column":4},"end":{"line":89,"column":88}},{"start":{},"end":{}}],"line":89},"7":{"loc":{"start":{"line":92,"column":4},"end":{"line":94,"column":5}},"type":"if","locations":[{"start":{"line":92,"column":4},"end":{"line":94,"column":5}},{"start":{},"end":{}}],"line":92},"8":{"loc":{"start":{"line":116,"column":6},"end":{"line":116,"column":58}},"type":"if","locations":[{"start":{"line":116,"column":6},"end":{"line":116,"column":58}},{"start":{},"end":{}}],"line":116},"9":{"loc":{"start":{"line":117,"column":22},"end":{"line":117,"column":76}},"type":"cond-expr","locations":[{"start":{"line":117,"column":42},"end":{"line":117,"column":71}},{"start":{"line":117,"column":74},"end":{"line":117,"column":76}}],"line":117},"10":{"loc":{"start":{"line":124,"column":48},"end":{"line":124,"column":85}},"type":"cond-expr","locations":[{"start":{"line":124,"column":62},"end":{"line":124,"column":80}},{"start":{"line":124,"column":83},"end":{"line":124,"column":85}}],"line":124},"11":{"loc":{"start":{"line":132,"column":48},"end":{"line":132,"column":85}},"type":"cond-expr","locations":[{"start":{"line":132,"column":62},"end":{"line":132,"column":80}},{"start":{"line":132,"column":83},"end":{"line":132,"column":85}}],"line":132},"12":{"loc":{"start":{"line":176,"column":4},"end":{"line":176,"column":77}},"type":"if","locations":[{"start":{"line":176,"column":4},"end":{"line":176,"column":77}},{"start":{},"end":{}}],"line":176},"13":{"loc":{"start":{"line":178,"column":4},"end":{"line":180,"column":5}},"type":"if","locations":[{"start":{"line":178,"column":4},"end":{"line":180,"column":5}},{"start":{},"end":{}}],"line":178},"14":{"loc":{"start":{"line":178,"column":8},"end":{"line":178,"column":47}},"type":"binary-expr","locations":[{"start":{"line":178,"column":8},"end":{"line":178,"column":32}},{"start":{"line":178,"column":36},"end":{"line":178,"column":47}}],"line":178},"15":{"loc":{"start":{"line":182,"column":4},"end":{"line":184,"column":5}},"type":"if","locations":[{"start":{"line":182,"column":4},"end":{"line":184,"column":5}},{"start":{},"end":{}}],"line":182},"16":{"loc":{"start":{"line":182,"column":8},"end":{"line":182,"column":37}},"type":"binary-expr","locations":[{"start":{"line":182,"column":8},"end":{"line":182,"column":22}},{"start":{"line":182,"column":26},"end":{"line":182,"column":37}}],"line":182},"17":{"loc":{"start":{"line":187,"column":4},"end":{"line":187,"column":85}},"type":"if","locations":[{"start":{"line":187,"column":4},"end":{"line":187,"column":85}},{"start":{},"end":{}}],"line":187},"18":{"loc":{"start":{"line":190,"column":4},"end":{"line":190,"column":100}},"type":"if","locations":[{"start":{"line":190,"column":4},"end":{"line":190,"column":100}},{"start":{},"end":{}}],"line":190},"19":{"loc":{"start":{"line":192,"column":4},"end":{"line":194,"column":5}},"type":"if","locations":[{"start":{"line":192,"column":4},"end":{"line":194,"column":5}},{"start":{},"end":{}}],"line":192},"20":{"loc":{"start":{"line":196,"column":4},"end":{"line":198,"column":5}},"type":"if","locations":[{"start":{"line":196,"column":4},"end":{"line":198,"column":5}},{"start":{},"end":{}}],"line":196},"21":{"loc":{"start":{"line":218,"column":19},"end":{"line":218,"column":71}},"type":"cond-expr","locations":[{"start":{"line":218,"column":33},"end":{"line":218,"column":66}},{"start":{"line":218,"column":69},"end":{"line":218,"column":71}}],"line":218},"22":{"loc":{"start":{"line":258,"column":24},"end":{"line":258,"column":39}},"type":"binary-expr","locations":[{"start":{"line":258,"column":24},"end":{"line":258,"column":34}},{"start":{"line":258,"column":38},"end":{"line":258,"column":39}}],"line":258},"23":{"loc":{"start":{"line":289,"column":4},"end":{"line":291,"column":5}},"type":"if","locations":[{"start":{"line":289,"column":4},"end":{"line":291,"column":5}},{"start":{},"end":{}}],"line":289},"24":{"loc":{"start":{"line":289,"column":8},"end":{"line":289,"column":47}},"type":"binary-expr","locations":[{"start":{"line":289,"column":8},"end":{"line":289,"column":32}},{"start":{"line":289,"column":36},"end":{"line":289,"column":47}}],"line":289},"25":{"loc":{"start":{"line":293,"column":4},"end":{"line":295,"column":5}},"type":"if","locations":[{"start":{"line":293,"column":4},"end":{"line":295,"column":5}},{"start":{},"end":{}}],"line":293},"26":{"loc":{"start":{"line":293,"column":8},"end":{"line":293,"column":40}},"type":"binary-expr","locations":[{"start":{"line":293,"column":8},"end":{"line":293,"column":22}},{"start":{"line":293,"column":26},"end":{"line":293,"column":40}}],"line":293},"27":{"loc":{"start":{"line":298,"column":4},"end":{"line":298,"column":85}},"type":"if","locations":[{"start":{"line":298,"column":4},"end":{"line":298,"column":85}},{"start":{},"end":{}}],"line":298},"28":{"loc":{"start":{"line":301,"column":4},"end":{"line":301,"column":91}},"type":"if","locations":[{"start":{"line":301,"column":4},"end":{"line":301,"column":91}},{"start":{},"end":{}}],"line":301},"29":{"loc":{"start":{"line":303,"column":4},"end":{"line":305,"column":5}},"type":"if","locations":[{"start":{"line":303,"column":4},"end":{"line":305,"column":5}},{"start":{},"end":{}}],"line":303},"30":{"loc":{"start":{"line":318,"column":62},"end":{"line":318,"column":99}},"type":"cond-expr","locations":[{"start":{"line":318,"column":76},"end":{"line":318,"column":94}},{"start":{"line":318,"column":97},"end":{"line":318,"column":99}}],"line":318}},"s":{"0":1,"1":8,"2":8,"3":1,"4":7,"5":1,"6":6,"7":1,"8":5,"9":5,"10":5,"11":1,"12":4,"13":1,"14":3,"15":1,"16":2,"17":2,"18":2,"19":2,"20":2,"21":1,"22":1,"23":1,"24":1,"25":1,"26":1,"27":1,"28":1,"29":1,"30":1,"31":1,"32":1,"33":9,"34":9,"35":1,"36":8,"37":1,"38":7,"39":1,"40":6,"41":6,"42":1,"43":5,"44":5,"45":1,"46":4,"47":1,"48":3,"49":1,"50":2,"51":2,"52":2,"53":2,"54":2,"55":2,"56":0,"57":0,"58":0,"59":0,"60":0,"61":0,"62":0,"63":2,"64":2,"65":2,"66":7,"67":7,"68":1,"69":6,"70":1,"71":5,"72":5,"73":1,"74":4,"75":4,"76":1,"77":3,"78":1,"79":2,"80":2,"81":2,"82":2,"83":1,"84":1,"85":1,"86":1,"87":1},"f":{"0":8,"1":9,"2":7},"b":{"0":[1,7],"1":[8,8],"2":[1,6],"3":[7,6],"4":[1,5],"5":[1,4],"6":[1,3],"7":[1,2],"8":[1,0],"9":[1,0],"10":[1,0],"11":[1,0],"12":[1,8],"13":[1,7],"14":[8,8],"15":[1,6],"16":[7,6],"17":[1,5],"18":[1,4],"19":[1,3],"20":[1,2],"21":[0,0],"22":[2,0],"23":[1,6],"24":[7,7],"25":[1,5],"26":[6,5],"27":[1,4],"28":[1,3],"29":[1,2],"30":[1,0]},"inputSourceMap":null,"_coverageSchema":"1a1c01bbd47fc00a2c39e90264f33305004495a9","hash":"ec06e7319e19cf1bf18bc3d5cadd2d89fc349ff0"}
}
