TN:
SF:src\config\database.js
FNF:0
FNH:0
DA:6,1
DA:7,0
DA:10,1
DA:11,1
DA:15,1
DA:16,1
DA:18,1
LF:7
LH:6
BRDA:6,0,0,0
BRDA:6,0,1,1
BRDA:11,1,0,1
BRDA:11,1,1,0
BRDA:16,2,0,0
BRDA:16,2,1,1
BRF:6
BRH:3
end_of_record
TN:
SF:src\controllers\bank.controller.js
FN:47,(anonymous_0)
FN:120,(anonymous_1)
FN:153,(anonymous_2)
FN:172,(anonymous_3)
FNF:4
FNH:3
FNDA:5,(anonymous_0)
FNDA:7,(anonymous_1)
FNDA:5,(anonymous_2)
FNDA:0,(anonymous_3)
DA:14,1
DA:48,5
DA:50,5
DA:51,5
DA:52,1
DA:55,4
DA:56,1
DA:60,3
DA:63,2
DA:66,1
DA:121,7
DA:123,7
DA:124,7
DA:125,7
DA:128,7
DA:129,2
DA:132,5
DA:133,1
DA:137,4
DA:145,3
DA:149,1
DA:154,5
DA:155,5
DA:157,5
DA:158,1
DA:161,4
DA:162,1
DA:165,3
DA:166,2
DA:168,1
DA:173,0
DA:174,0
DA:175,0
DA:177,0
DA:178,0
DA:181,0
DA:186,0
DA:188,0
LF:38
LH:30
BRDA:51,0,0,1
BRDA:51,0,1,4
BRDA:55,1,0,1
BRDA:55,1,1,3
BRDA:55,2,0,4
BRDA:55,2,1,3
BRDA:125,3,0,7
BRDA:125,3,1,6
BRDA:128,4,0,2
BRDA:128,4,1,5
BRDA:128,5,0,7
BRDA:128,5,1,6
BRDA:132,6,0,1
BRDA:132,6,1,4
BRDA:132,7,0,5
BRDA:132,7,1,4
BRDA:157,8,0,1
BRDA:157,8,1,4
BRDA:161,9,0,1
BRDA:161,9,1,3
BRDA:161,10,0,4
BRDA:161,10,1,3
BRDA:177,11,0,0
BRDA:177,11,1,0
BRDA:177,12,0,0
BRDA:177,12,1,0
BRF:26
BRH:22
end_of_record
TN:
SF:src\models\beneficiary.model.js
FN:43,(anonymous_0)
FN:74,(anonymous_1)
FN:92,(anonymous_2)
FN:128,(anonymous_3)
FNF:4
FNH:3
FNDA:1,(anonymous_0)
FNDA:1,(anonymous_1)
FNDA:0,(anonymous_2)
FNDA:1,(anonymous_3)
DA:18,1
DA:44,1
DA:75,1
DA:93,0
DA:129,1
LF:5
LH:4
BRDA:135,0,0,1
BRDA:135,0,1,1
BRF:2
BRH:2
end_of_record
TN:
SF:src\models\scheduled-transaction.model.js
FN:19,(anonymous_0)
FN:57,(anonymous_1)
FN:64,(anonymous_2)
FN:151,(anonymous_3)
FN:163,(anonymous_4)
FN:177,(anonymous_5)
FN:192,(anonymous_6)
FNF:7
FNH:1
FNDA:1,(anonymous_0)
FNDA:0,(anonymous_1)
FNDA:0,(anonymous_2)
FNDA:0,(anonymous_3)
FNDA:0,(anonymous_4)
FNDA:0,(anonymous_5)
FNDA:0,(anonymous_6)
DA:14,2
DA:20,1
DA:58,0
DA:65,0
DA:152,0
DA:164,0
DA:178,0
DA:193,0
LF:8
LH:2
BRDA:40,0,0,1
BRDA:40,0,1,0
BRDA:41,1,0,1
BRDA:41,1,1,1
BRDA:42,2,0,1
BRDA:42,2,1,1
BRDA:43,3,0,1
BRDA:43,3,1,1
BRDA:44,4,0,1
BRDA:44,4,1,1
BRDA:45,5,0,0
BRDA:45,5,1,1
BRDA:49,6,0,1
BRDA:49,6,1,0
BRDA:50,7,0,1
BRDA:50,7,1,0
BRF:16
BRH:12
end_of_record
TN:
SF:src\services\auth.service.js
FN:73,(anonymous_0)
FN:157,(anonymous_1)
FN:230,(anonymous_2)
FNF:3
FNH:3
FNDA:16,(anonymous_0)
FNDA:12,(anonymous_1)
FNDA:6,(anonymous_2)
DA:19,1
DA:75,16
DA:81,16
DA:82,115
DA:83,10
DA:88,6
DA:89,6
DA:90,1
DA:94,5
DA:97,4
DA:104,3
DA:159,12
DA:160,3
DA:164,9
DA:165,8
DA:167,1
DA:171,7
DA:172,6
DA:174,1
DA:178,5
DA:185,4
DA:232,6
DA:233,5
DA:234,1
DA:238,4
DA:240,4
LF:26
LH:26
BRDA:82,0,0,10
BRDA:82,0,1,105
BRDA:89,1,0,1
BRDA:89,1,1,5
BRDA:159,2,0,3
BRDA:159,2,1,9
BRDA:159,3,0,12
BRDA:159,3,1,10
BRDA:165,4,0,1
BRDA:165,4,1,7
BRDA:172,5,0,1
BRDA:172,5,1,5
BRDA:233,6,0,1
BRDA:233,6,1,4
BRF:14
BRH:14
end_of_record
TN:
SF:src\services\bank.service.js
FN:55,(anonymous_0)
FN:143,(anonymous_1)
FN:179,(anonymous_2)
FN:184,(anonymous_3)
FNF:4
FNH:3
FNDA:6,(anonymous_0)
FNDA:12,(anonymous_1)
FNDA:3,(anonymous_2)
FNDA:0,(anonymous_3)
DA:17,1
DA:57,6
DA:60,5
DA:62,4
DA:145,12
DA:146,11
DA:147,2
DA:148,2
DA:149,2
DA:154,9
DA:157,9
DA:164,8
DA:167,7
DA:180,3
DA:185,0
DA:187,0
DA:188,0
DA:189,0
DA:190,0
DA:193,0
DA:194,0
DA:195,0
DA:196,0
DA:199,0
DA:201,0
DA:202,0
DA:205,0
DA:206,0
DA:210,0
DA:212,0
DA:213,0
DA:216,0
DA:217,0
DA:220,0
DA:222,0
DA:223,0
DA:224,0
DA:225,0
DA:228,0
LF:39
LH:14
BRDA:143,0,0,6
BRDA:143,1,0,6
BRDA:146,2,0,2
BRDA:146,2,1,9
BRDA:187,3,0,0
BRDA:187,3,1,0
BRDA:193,4,0,0
BRDA:193,4,1,0
BRDA:199,5,0,0
BRDA:199,5,1,0
BRDA:201,6,0,0
BRDA:201,6,1,0
BRDA:212,7,0,0
BRDA:212,7,1,0
BRDA:212,8,0,0
BRDA:212,8,1,0
BRDA:222,9,0,0
BRDA:222,9,1,0
BRF:18
BRH:4
end_of_record
TN:
SF:src\services\beneficiary.service.js
FN:4,(anonymous_0)
FN:9,(anonymous_1)
FNF:2
FNH:1
FNDA:2,(anonymous_0)
FNDA:0,(anonymous_1)
DA:3,1
DA:5,2
DA:6,1
DA:10,0
DA:12,0
DA:13,0
DA:14,0
DA:16,0
DA:17,0
DA:20,0
DA:21,0
DA:24,0
DA:25,0
DA:28,0
DA:33,0
DA:34,0
DA:41,0
DA:48,0
DA:50,0
LF:19
LH:3
BRDA:12,0,0,0
BRDA:12,0,1,0
BRDA:13,1,0,0
BRDA:13,1,1,0
BRDA:14,2,0,0
BRDA:14,2,1,0
BRDA:16,3,0,0
BRDA:16,3,1,0
BRDA:20,4,0,0
BRDA:20,4,1,0
BRDA:24,5,0,0
BRDA:24,5,1,0
BRDA:33,6,0,0
BRDA:33,6,1,0
BRDA:45,7,0,0
BRDA:45,7,1,0
BRF:16
BRH:0
end_of_record
TN:
SF:src\services\client.service.js
FN:25,generateAccountNumber
FN:108,(anonymous_1)
FN:207,(anonymous_2)
FN:236,(anonymous_3)
FN:282,(anonymous_4)
FN:324,(anonymous_5)
FN:356,(anonymous_6)
FNF:7
FNH:7
FNDA:13,generateAccountNumber
FNDA:10,(anonymous_1)
FNDA:3,(anonymous_2)
FNDA:2,(anonymous_3)
FNDA:4,(anonymous_4)
FNDA:2,(anonymous_5)
FNDA:3,(anonymous_6)
DA:26,13
DA:27,13
DA:36,1
DA:110,10
DA:111,3
DA:115,7
DA:116,7
DA:117,1
DA:122,6
DA:127,6
DA:130,6
DA:145,6
DA:146,6
DA:149,6
DA:150,5
DA:153,5
DA:159,5
DA:160,13
DA:169,4
DA:171,4
DA:178,2
DA:179,2
DA:180,2
DA:208,3
DA:209,3
DA:210,3
DA:211,3
DA:237,2
DA:238,2
DA:239,1
DA:283,4
DA:284,4
DA:287,3
DA:288,1
DA:289,1
DA:293,2
DA:296,2
DA:297,2
DA:325,2
DA:326,2
DA:328,1
DA:329,1
DA:357,3
DA:358,3
DA:359,2
DA:360,2
DA:361,2
DA:363,1
LF:48
LH:48
BRDA:110,0,0,3
BRDA:110,0,1,7
BRDA:110,1,0,10
BRDA:110,1,1,9
BRDA:110,1,2,8
BRDA:116,2,0,1
BRDA:116,2,1,6
BRDA:122,3,0,5
BRDA:122,3,1,1
BRDA:122,4,0,6
BRDA:122,4,1,5
BRDA:136,5,0,6
BRDA:136,5,1,1
BRDA:137,6,0,6
BRDA:137,6,1,1
BRDA:138,7,0,6
BRDA:138,7,1,1
BRDA:139,8,0,6
BRDA:139,8,1,1
BRDA:140,9,0,6
BRDA:140,9,1,1
BRDA:208,10,0,3
BRDA:208,10,1,1
BRDA:209,11,0,3
BRDA:209,11,1,2
BRDA:238,12,0,1
BRDA:238,12,1,1
BRDA:284,13,0,1
BRDA:284,13,1,3
BRDA:287,14,0,1
BRDA:287,14,1,2
BRDA:287,15,0,3
BRDA:287,15,1,2
BRDA:289,16,0,1
BRDA:289,16,1,0
BRDA:326,17,0,1
BRDA:326,17,1,1
BRDA:358,18,0,2
BRDA:358,18,1,1
BRF:39
BRH:38
end_of_record
TN:
SF:src\services\transfer.service.js
FN:38,normalizeSqlDate
FN:68,normalizeFrequency
FN:89,addIntervalToSqlDate
FN:118,creerTransactionProgrammee
FN:146,(anonymous_4)
FN:310,(anonymous_5)
FN:583,(anonymous_6)
FN:703,(anonymous_7)
FN:1025,(anonymous_8)
FN:1062,(anonymous_9)
FNF:10
FNH:7
FNDA:24,normalizeSqlDate
FNDA:24,normalizeFrequency
FNDA:1,addIntervalToSqlDate
FNDA:1,creerTransactionProgrammee
FNDA:8,(anonymous_4)
FNDA:9,(anonymous_5)
FNDA:7,(anonymous_6)
FNDA:0,(anonymous_7)
FNDA:0,(anonymous_8)
FNDA:0,(anonymous_9)
DA:39,24
DA:41,24
DA:42,24
DA:43,24
DA:45,24
DA:46,0
DA:49,24
DA:50,24
DA:51,24
DA:53,24
DA:69,24
DA:71,24
DA:72,1
DA:75,23
DA:90,1
DA:92,1
DA:93,0
DA:94,1
DA:95,1
DA:98,1
DA:99,1
DA:100,1
DA:101,1
DA:102,1
DA:103,1
DA:105,1
DA:119,1
DA:120,0
DA:123,1
DA:155,8
DA:158,8
DA:161,8
DA:164,8
DA:165,1
DA:169,7
DA:170,1
DA:174,6
DA:175,1
DA:179,5
DA:180,5
DA:182,5
DA:183,1
DA:186,4
DA:187,1
DA:191,3
DA:192,1
DA:195,2
DA:197,2
DA:199,2
DA:200,2
DA:202,2
DA:203,1
DA:206,1
DA:214,1
DA:215,1
DA:216,1
DA:219,1
DA:228,1
DA:236,1
DA:243,1
DA:244,1
DA:246,1
DA:259,0
DA:261,0
DA:281,2
DA:283,2
DA:322,9
DA:324,9
DA:325,9
DA:327,9
DA:328,9
DA:329,9
DA:331,9
DA:332,1
DA:335,8
DA:336,1
DA:339,7
DA:340,7
DA:347,0
DA:348,0
DA:349,0
DA:357,0
DA:358,0
DA:359,0
DA:366,0
DA:367,0
DA:375,0
DA:376,0
DA:377,0
DA:381,0
DA:382,0
DA:385,0
DA:386,0
DA:389,0
DA:390,0
DA:391,0
DA:393,0
DA:394,0
DA:401,0
DA:402,0
DA:409,0
DA:420,0
DA:422,0
DA:423,0
DA:424,0
DA:431,0
DA:432,0
DA:433,0
DA:440,0
DA:441,0
DA:442,0
DA:449,0
DA:450,0
DA:451,0
DA:452,0
DA:459,0
DA:460,0
DA:462,0
DA:469,0
DA:470,0
DA:471,0
DA:473,0
DA:481,0
DA:491,0
DA:492,0
DA:494,0
DA:498,0
DA:513,0
DA:514,0
DA:516,0
DA:532,0
DA:534,0
DA:554,0
DA:556,0
DA:592,7
DA:594,7
DA:595,7
DA:597,7
DA:598,1
DA:601,6
DA:602,1
DA:605,5
DA:606,5
DA:607,1
DA:610,4
DA:611,4
DA:612,1
DA:616,3
DA:617,1
DA:620,2
DA:621,2
DA:623,2
DA:624,2
DA:626,0
DA:629,0
DA:637,0
DA:644,0
DA:645,0
DA:647,0
DA:660,0
DA:662,0
DA:678,2
DA:680,2
DA:704,0
DA:707,0
DA:709,0
DA:711,0
DA:712,0
DA:716,0
DA:717,0
DA:722,0
DA:727,0
DA:728,0
DA:733,0
DA:736,0
DA:737,0
DA:742,0
DA:745,0
DA:748,0
DA:750,0
DA:752,0
DA:753,0
DA:755,0
DA:762,0
DA:772,0
DA:782,0
DA:787,0
DA:789,0
DA:791,0
DA:792,0
DA:798,0
DA:799,0
DA:804,0
DA:805,0
DA:810,0
DA:813,0
DA:814,0
DA:819,0
DA:822,0
DA:825,0
DA:827,0
DA:829,0
DA:830,0
DA:837,0
DA:841,0
DA:855,0
DA:859,0
DA:860,0
DA:861,0
DA:866,0
DA:869,0
DA:873,0
DA:874,0
DA:875,0
DA:880,0
DA:884,0
DA:886,0
DA:891,0
DA:898,0
DA:900,0
DA:912,0
DA:923,0
DA:928,0
DA:930,0
DA:932,0
DA:933,0
DA:939,0
DA:940,0
DA:945,0
DA:950,0
DA:951,0
DA:956,0
DA:959,0
DA:960,0
DA:965,0
DA:968,0
DA:971,0
DA:973,0
DA:975,0
DA:985,0
DA:990,0
DA:992,0
DA:994,0
DA:997,0
DA:998,0
DA:1003,0
DA:1011,0
DA:1026,0
DA:1027,0
DA:1030,0
DA:1032,0
DA:1034,0
DA:1040,0
DA:1063,0
DA:1064,0
DA:1067,0
DA:1068,0
DA:1075,0
DA:1076,0
DA:1080,0
DA:1081,0
DA:1088,0
DA:1089,0
DA:1096,0
DA:1097,0
DA:1106,0
DA:1111,0
DA:1119,0
LF:268
LH:94
BRDA:45,0,0,0
BRDA:45,0,1,24
BRDA:45,1,0,24
BRDA:45,1,1,0
BRDA:69,2,0,24
BRDA:69,2,1,23
BRDA:71,3,0,1
BRDA:71,3,1,23
BRDA:71,4,0,24
BRDA:71,4,1,24
BRDA:92,5,0,0
BRDA:92,5,1,1
BRDA:94,6,0,1
BRDA:94,6,1,0
BRDA:164,7,0,1
BRDA:164,7,1,7
BRDA:164,8,0,8
BRDA:164,8,1,8
BRDA:169,9,0,1
BRDA:169,9,1,6
BRDA:169,10,0,7
BRDA:169,10,1,6
BRDA:174,11,0,1
BRDA:174,11,1,5
BRDA:182,12,0,1
BRDA:182,12,1,4
BRDA:186,13,0,1
BRDA:186,13,1,3
BRDA:191,14,0,1
BRDA:191,14,1,2
BRDA:215,15,0,1
BRDA:215,15,1,0
BRDA:216,16,0,1
BRDA:216,16,1,0
BRDA:223,17,0,1
BRDA:223,17,1,0
BRDA:232,18,0,1
BRDA:232,18,1,0
BRDA:243,19,0,1
BRDA:243,19,1,0
BRDA:254,20,0,1
BRDA:254,20,1,0
BRDA:265,21,0,0
BRDA:265,21,1,0
BRDA:267,22,0,0
BRDA:267,22,1,0
BRDA:327,23,0,9
BRDA:327,23,1,9
BRDA:328,24,0,9
BRDA:328,24,1,9
BRDA:329,25,0,9
BRDA:329,25,1,9
BRDA:331,26,0,1
BRDA:331,26,1,8
BRDA:335,27,0,1
BRDA:335,27,1,7
BRDA:335,28,0,8
BRDA:335,28,1,8
BRDA:339,29,0,7
BRDA:339,29,1,0
BRDA:339,30,0,7
BRDA:339,30,1,6
BRDA:348,31,0,0
BRDA:348,31,1,0
BRDA:357,32,0,0
BRDA:357,32,1,0
BRDA:358,33,0,0
BRDA:358,33,1,0
BRDA:366,34,0,0
BRDA:366,34,1,0
BRDA:376,35,0,0
BRDA:376,35,1,0
BRDA:381,36,0,0
BRDA:381,36,1,0
BRDA:401,37,0,0
BRDA:401,37,1,0
BRDA:422,38,0,0
BRDA:422,38,1,0
BRDA:431,39,0,0
BRDA:431,39,1,0
BRDA:440,40,0,0
BRDA:440,40,1,0
BRDA:450,41,0,0
BRDA:450,41,1,0
BRDA:470,42,0,0
BRDA:470,42,1,0
BRDA:471,43,0,0
BRDA:471,43,1,0
BRDA:491,44,0,0
BRDA:491,44,1,0
BRDA:492,45,0,0
BRDA:492,45,1,0
BRDA:494,46,0,0
BRDA:494,46,1,0
BRDA:496,47,0,0
BRDA:496,47,1,0
BRDA:496,48,0,0
BRDA:496,48,1,0
BRDA:502,49,0,0
BRDA:502,49,1,0
BRDA:513,50,0,0
BRDA:513,50,1,0
BRDA:521,51,0,0
BRDA:521,51,1,0
BRDA:522,52,0,0
BRDA:522,52,1,0
BRDA:527,53,0,0
BRDA:527,53,1,0
BRDA:538,54,0,0
BRDA:538,54,1,0
BRDA:540,55,0,0
BRDA:540,55,1,0
BRDA:597,56,0,1
BRDA:597,56,1,6
BRDA:597,57,0,7
BRDA:597,57,1,7
BRDA:601,58,0,1
BRDA:601,58,1,5
BRDA:601,59,0,6
BRDA:601,59,1,5
BRDA:606,60,0,1
BRDA:606,60,1,4
BRDA:611,61,0,1
BRDA:611,61,1,3
BRDA:616,62,0,1
BRDA:616,62,1,2
BRDA:626,63,0,0
BRDA:626,63,1,0
BRDA:633,64,0,0
BRDA:633,64,1,0
BRDA:644,65,0,0
BRDA:644,65,1,0
BRDA:655,66,0,0
BRDA:655,66,1,0
BRDA:666,67,0,0
BRDA:666,67,1,0
BRDA:668,68,0,0
BRDA:668,68,1,0
BRDA:716,69,0,0
BRDA:716,69,1,0
BRDA:727,70,0,0
BRDA:727,70,1,0
BRDA:727,71,0,0
BRDA:727,71,1,0
BRDA:736,72,0,0
BRDA:736,72,1,0
BRDA:767,73,0,0
BRDA:767,73,1,0
BRDA:777,74,0,0
BRDA:777,74,1,0
BRDA:798,75,0,0
BRDA:798,75,1,0
BRDA:804,76,0,0
BRDA:804,76,1,0
BRDA:813,77,0,0
BRDA:813,77,1,0
BRDA:829,78,0,0
BRDA:829,78,1,0
BRDA:838,79,0,0
BRDA:838,79,1,0
BRDA:839,80,0,0
BRDA:839,80,1,0
BRDA:845,81,0,0
BRDA:845,81,1,0
BRDA:847,82,0,0
BRDA:847,82,1,0
BRDA:850,83,0,0
BRDA:850,83,1,0
BRDA:859,84,0,0
BRDA:859,84,1,0
BRDA:873,85,0,0
BRDA:873,85,1,0
BRDA:907,86,0,0
BRDA:907,86,1,0
BRDA:917,87,0,0
BRDA:917,87,1,0
BRDA:939,88,0,0
BRDA:939,88,1,0
BRDA:950,89,0,0
BRDA:950,89,1,0
BRDA:950,90,0,0
BRDA:950,90,1,0
BRDA:959,91,0,0
BRDA:959,91,1,0
BRDA:980,92,0,0
BRDA:980,92,1,0
BRDA:1026,93,0,0
BRDA:1026,93,1,0
BRDA:1063,94,0,0
BRDA:1063,94,1,0
BRDA:1067,95,0,0
BRDA:1067,95,1,0
BRDA:1080,96,0,0
BRDA:1080,96,1,0
BRDA:1088,97,0,0
BRDA:1088,97,1,0
BRDA:1096,98,0,0
BRDA:1096,98,1,0
BRF:198
BRH:61
end_of_record
